add_team: SUCCESS
add_team: SUCCESS
add_player: SUCCESS
buy_team: INVALID_INPUT
add_player: SUCCESS
add_team: SUCCESS
get_ith_pointless_ability: SUCCESS, 1
add_player: SUCCESS
get_team_points: SUCCESS, 0
add_player: SUCCESS
buy_team: INVALID_INPUT
play_match: FAILURE
num_played_games_for_player: SUCCESS, 105
get_ith_pointless_ability: SUCCESS, 1
get_player_cards: SUCCESS, 213
remove_team: SUCCESS
get_ith_pointless_ability: SUCCESS, 3
get_player_cards: FAILURE
buy_team: INVALID_INPUT
add_team: FAILURE
add_player: SUCCESS
buy_team: INVALID_INPUT
play_match: INVALID_INPUT
add_team: FAILURE
play_match: INVALID_INPUT
buy_team: INVALID_INPUT
add_team: FAILURE
add_player_cards: SUCCESS
get_partial_spirit: SUCCESS, 3,4,5,1,2
add_player_cards: SUCCESS
play_match: INVALID_INPUT
num_played_games_for_player: FAILURE
add_player_cards: FAILURE
get_ith_pointless_ability: SUCCESS, 2
add_player: SUCCESS
get_player_cards: SUCCESS, 297
get_player_cards: FAILURE
get_team_points: SUCCESS, 0
num_played_games_for_player: SUCCESS, 251
add_team: FAILURE
add_team: FAILURE
get_ith_pointless_ability: SUCCESS, 3
add_player: SUCCESS
add_player: SUCCESS
add_player: SUCCESS
add_team: FAILURE
add_team: FAILURE
add_player_cards: SUCCESS
get_player_cards: SUCCESS, 297
add_team: FAILURE
get_ith_pointless_ability: SUCCESS, 2
buy_team: INVALID_INPUT
add_player: SUCCESS
add_player: SUCCESS
num_played_games_for_player: SUCCESS, 209
play_match: INVALID_INPUT
num_played_games_for_player: SUCCESS, 289
add_player: SUCCESS
add_player: SUCCESS
get_ith_pointless_ability: SUCCESS, 3
num_played_games_for_player: SUCCESS, 153
add_player: SUCCESS
buy_team: INVALID_INPUT
add_player: SUCCESS
add_player: SUCCESS
get_player_cards: SUCCESS, 329
add_player_cards: SUCCESS
get_player_cards: SUCCESS, 195
get_partial_spirit: SUCCESS, 5,3,1,2,4
add_player: SUCCESS
get_ith_pointless_ability: SUCCESS, 2
add_player_cards: SUCCESS
add_player: SUCCESS
get_player_cards: SUCCESS, 226
get_ith_pointless_ability: SUCCESS, 3
num_played_games_for_player: SUCCESS, 249
num_played_games_for_player: SUCCESS, 163
buy_team: INVALID_INPUT
add_team: FAILURE
num_played_games_for_player: SUCCESS, 289
add_team: FAILURE
add_team: FAILURE
get_team_points: SUCCESS, 0
num_played_games_for_player: SUCCESS, 41
add_team: FAILURE
add_player: SUCCESS
get_player_cards: SUCCESS, 329
add_player: SUCCESS
