add_team: SUCCESS
add_team: SUCCESS
add_player: SUCCESS
add_player: SUCCESS
add_player: SUCCESS
add_player: SUCCESS
remove_team: SUCCESS
get_ith_pointless_ability: FAILURE
get_ith_pointless_ability: SUCCESS, 1
get_ith_pointless_ability: FAILURE
get_partial_spirit: SUCCESS, 5,4,1,3,2
add_player: SUCCESS
add_player: SUCCESS
add_player_cards: SUCCESS
add_player_cards: SUCCESS
add_player_cards: SUCCESS
get_team_points: SUCCESS, 0
buy_team: INVALID_INPUT
get_team_points: SUCCESS, 0
play_match: INVALID_INPUT
get_team_points: SUCCESS, 0
add_team: SUCCESS
add_player: SUCCESS
play_match: INVALID_INPUT
get_partial_spirit: SUCCESS, 4,5,2,1,3
buy_team: INVALID_INPUT
num_played_games_for_player: SUCCESS, 40
add_player: SUCCESS
buy_team: INVALID_INPUT
add_player: SUCCESS
add_team: FAILURE
get_team_points: SUCCESS, 0
add_player: SUCCESS
add_team: FAILURE
play_match: INVALID_INPUT
add_player: SUCCESS
num_played_games_for_player: SUCCESS, 222
get_team_points: SUCCESS, 0
add_team: FAILURE
get_team_points: SUCCESS, 0
add_player: SUCCESS
get_player_cards: SUCCESS, 113
get_ith_pointless_ability: SUCCESS, 2
get_player_cards: SUCCESS, 102
add_player: SUCCESS
get_partial_spirit: SUCCESS, 2,4,5,1,3
add_team: FAILURE
get_ith_pointless_ability: SUCCESS, 2
add_player: SUCCESS
add_team: FAILURE
add_player: SUCCESS
add_player_cards: SUCCESS
add_player: SUCCESS
add_player: SUCCESS
get_ith_pointless_ability: SUCCESS, 1
add_player_cards: SUCCESS
add_player_cards: SUCCESS
add_player: SUCCESS
num_played_games_for_player: SUCCESS, 74
get_player_cards: SUCCESS, 496
add_player: SUCCESS
add_player: SUCCESS
get_player_cards: SUCCESS, 268
play_match: INVALID_INPUT
add_player: SUCCESS
get_ith_pointless_ability: SUCCESS, 2
play_match: INVALID_INPUT
add_player: SUCCESS
get_partial_spirit: SUCCESS, 2,3,1,4,5
get_partial_spirit: SUCCESS, 2,4,3,5,1
get_partial_spirit: SUCCESS, 2,3,1,4,5
add_player: SUCCESS
num_played_games_for_player: SUCCESS, 153
add_player: SUCCESS
buy_team: INVALID_INPUT
add_team: FAILURE
get_team_points: SUCCESS, 0
get_partial_spirit: SUCCESS, 4,5,2,1,3
add_player: SUCCESS
get_ith_pointless_ability: SUCCESS, 1
get_player_cards: SUCCESS, 496
get_partial_spirit: SUCCESS, 1,5,2,4,3
get_team_points: SUCCESS, 0
buy_team: INVALID_INPUT
get_partial_spirit: SUCCESS, 2,3,1,4,5
num_played_games_for_player: SUCCESS, 127
get_ith_pointless_ability: SUCCESS, 1
add_player: SUCCESS
add_player: SUCCESS
play_match: INVALID_INPUT
add_player: SUCCESS
add_team: FAILURE
