add_team: SUCCESS
add_team: SUCCESS
add_player: SUCCESS
add_team: SUCCESS
add_player: SUCCESS
remove_team: SUCCESS
get_team_points: SUCCESS, 0
get_partial_spirit: SUCCESS, 3,4,2,5,1
add_team: SUCCESS
get_team_points: SUCCESS, 0
get_partial_spirit: SUCCESS, 3,4,2,5,1
get_player_cards: FAILURE
play_match: INVALID_INPUT
buy_team: INVALID_INPUT
play_match: INVALID_INPUT
get_team_points: SUCCESS, 0
add_player: SUCCESS
get_ith_pointless_ability: SUCCESS, 3
buy_team: INVALID_INPUT
add_player: SUCCESS
add_team: FAILURE
get_partial_spirit: FAILURE
get_partial_spirit: FAILURE
add_player: SUCCESS
add_player: SUCCESS
add_team: FAILURE
num_played_games_for_player: FAILURE
add_player: SUCCESS
get_partial_spirit: FAILURE
buy_team: INVALID_INPUT
get_team_points: SUCCESS, 0
get_ith_pointless_ability: SUCCESS, 2
add_player_cards: SUCCESS
add_player: SUCCESS
buy_team: INVALID_INPUT
add_player_cards: FAILURE
play_match: INVALID_INPUT
add_team: FAILURE
add_team: FAILURE
add_player: SUCCESS
get_team_points: SUCCESS, 0
add_player: SUCCESS
add_player: SUCCESS
add_team: FAILURE
add_team: FAILURE
add_team: FAILURE
get_player_cards: SUCCESS, 192
get_ith_pointless_ability: SUCCESS, 3
num_played_games_for_player: SUCCESS, 272
add_player: SUCCESS
play_match: INVALID_INPUT
add_team: FAILURE
add_player: SUCCESS
get_ith_pointless_ability: SUCCESS, 3
add_player_cards: SUCCESS
get_player_cards: SUCCESS, 17
num_played_games_for_player: SUCCESS, 4
play_match: INVALID_INPUT
add_player: SUCCESS
get_partial_spirit: SUCCESS, 1,4,5,2,3
num_played_games_for_player: SUCCESS, 75
play_match: INVALID_INPUT
get_ith_pointless_ability: SUCCESS, 2
add_player_cards: SUCCESS
get_player_cards: SUCCESS, 144
add_player_cards: SUCCESS
get_player_cards: SUCCESS, 291
buy_team: INVALID_INPUT
add_player: SUCCESS
add_player: SUCCESS
add_player: SUCCESS
add_player: SUCCESS
buy_team: INVALID_INPUT
add_team: FAILURE
num_played_games_for_player: SUCCESS, 46
get_partial_spirit: SUCCESS, 3,4,2,5,1
play_match: INVALID_INPUT
get_ith_pointless_ability: SUCCESS, 2
add_team: FAILURE
get_partial_spirit: SUCCESS, 5,2,3,4,1
add_team: FAILURE
get_partial_spirit: SUCCESS, 5,2,3,4,1
num_played_games_for_player: SUCCESS, 44
