add_team: SUCCESS
add_team: SUCCESS
add_player: SUCCESS
get_partial_spirit: SUCCESS, 3,4,2,5,1
add_player: SUCCESS
buy_team: INVALID_INPUT
buy_team: INVALID_INPUT
add_player_cards: SUCCESS
get_team_points: SUCCESS, 0
add_team: SUCCESS
add_player: SUCCESS
play_match: FAILURE
remove_team: SUCCESS
add_player: SUCCESS
add_player: SUCCESS
num_played_games_for_player: SUCCESS, 246
add_player: SUCCESS
get_ith_pointless_ability: SUCCESS, 2
play_match: INVALID_INPUT
num_played_games_for_player: SUCCESS, 246
add_player: SUCCESS
add_player: SUCCESS
get_partial_spirit: SUCCESS, 3,4,2,5,1
play_match: INVALID_INPUT
buy_team: INVALID_INPUT
num_played_games_for_player: SUCCESS, 201
num_played_games_for_player: SUCCESS, 52
get_partial_spirit: SUCCESS, 3,5,4,1,2
add_player: SUCCESS
add_player: SUCCESS
buy_team: INVALID_INPUT
play_match: INVALID_INPUT
get_team_points: SUCCESS, 0
add_team: FAILURE
num_played_games_for_player: SUCCESS, 76
num_played_games_for_player: SUCCESS, 246
get_player_cards: SUCCESS, 235
add_team: FAILURE
get_player_cards: SUCCESS, 235
get_ith_pointless_ability: SUCCESS, 2
add_player: SUCCESS
get_player_cards: SUCCESS, 81
get_team_points: SUCCESS, 0
buy_team: INVALID_INPUT
get_ith_pointless_ability: SUCCESS, 3
get_ith_pointless_ability: SUCCESS, 3
buy_team: INVALID_INPUT
add_player_cards: SUCCESS
num_played_games_for_player: SUCCESS, 76
get_player_cards: SUCCESS, 81
get_player_cards: SUCCESS, 81
buy_team: INVALID_INPUT
num_played_games_for_player: SUCCESS, 76
buy_team: INVALID_INPUT
num_played_games_for_player: SUCCESS, 273
play_match: INVALID_INPUT
add_team: FAILURE
get_player_cards: SUCCESS, 467
get_player_cards: SUCCESS, 136
get_partial_spirit: SUCCESS, 1,4,3,2,5
add_player_cards: SUCCESS
get_ith_pointless_ability: SUCCESS, 3
get_ith_pointless_ability: SUCCESS, 2
add_player: SUCCESS
add_player: SUCCESS
add_player: SUCCESS
num_played_games_for_player: SUCCESS, 246
get_partial_spirit: SUCCESS, 3,1,5,2,4
get_player_cards: SUCCESS, 136
get_partial_spirit: SUCCESS, 3,1,2,5,4
add_player_cards: SUCCESS
get_partial_spirit: SUCCESS, 1,2,5,4,3
add_player: SUCCESS
get_ith_pointless_ability: SUCCESS, 2
add_player: SUCCESS
get_team_points: SUCCESS, 0
buy_team: INVALID_INPUT
get_player_cards: SUCCESS, 136
buy_team: INVALID_INPUT
get_ith_pointless_ability: SUCCESS, 2
buy_team: INVALID_INPUT
add_player_cards: SUCCESS
get_team_points: SUCCESS, 0
add_player: SUCCESS
get_team_points: SUCCESS, 0
add_player: SUCCESS
add_team: FAILURE
buy_team: INVALID_INPUT
add_player: SUCCESS
