add_team: SUCCESS
add_team: SUCCESS
add_player: SUCCESS
add_player_cards: SUCCESS
add_player_cards: SUCCESS
add_player: SUCCESS
get_team_points: SUCCESS, 0
remove_team: SUCCESS
add_team: SUCCESS
get_partial_spirit: SUCCESS, 2,3,5,1,4
add_player_cards: SUCCESS
get_team_points: SUCCESS, 0
add_player_cards: SUCCESS
num_played_games_for_player: SUCCESS, 196
add_player: SUCCESS
add_team: FAILURE
get_ith_pointless_ability: SUCCESS, 1
add_player: SUCCESS
num_played_games_for_player: SUCCESS, 114
add_player: SUCCESS
get_player_cards: SUCCESS, 864
get_partial_spirit: SUCCESS, 2,3,5,1,4
add_player: SUCCESS
add_team: FAILURE
play_match: INVALID_INPUT
get_team_points: SUCCESS, 0
add_team: FAILURE
get_player_cards: SUCCESS, 193
get_team_points: SUCCESS, 0
add_player: SUCCESS
add_player: SUCCESS
add_player_cards: SUCCESS
add_player: SUCCESS
get_partial_spirit: SUCCESS, 2,3,5,1,4
add_player_cards: SUCCESS
get_player_cards: SUCCESS, 193
add_player: SUCCESS
buy_team: INVALID_INPUT
play_match: INVALID_INPUT
add_team: FAILURE
add_player: SUCCESS
get_team_points: SUCCESS, 0
add_team: FAILURE
add_player_cards: SUCCESS
add_team: FAILURE
add_player: SUCCESS
add_team: FAILURE
play_match: INVALID_INPUT
buy_team: INVALID_INPUT
num_played_games_for_player: SUCCESS, 227
add_player: SUCCESS
get_partial_spirit: SUCCESS, 1,2,5,3,4
add_team: FAILURE
get_team_points: SUCCESS, 0
add_player: SUCCESS
buy_team: INVALID_INPUT
add_player: SUCCESS
add_player: SUCCESS
add_player: SUCCESS
get_partial_spirit: SUCCESS, 1,2,5,3,4
get_ith_pointless_ability: SUCCESS, 2
num_played_games_for_player: SUCCESS, 166
add_team: FAILURE
add_player_cards: SUCCESS
play_match: INVALID_INPUT
get_partial_spirit: SUCCESS, 3,2,4,1,5
buy_team: INVALID_INPUT
add_player_cards: SUCCESS
add_player: SUCCESS
get_partial_spirit: SUCCESS, 1,5,3,2,4
get_partial_spirit: SUCCESS, 2,3,5,1,4
add_player: SUCCESS
add_player: SUCCESS
add_player: SUCCESS
get_player_cards: SUCCESS, 12
get_team_points: SUCCESS, 0
add_player: SUCCESS
buy_team: INVALID_INPUT
buy_team: INVALID_INPUT
get_ith_pointless_ability: SUCCESS, 1
play_match: INVALID_INPUT
add_player: SUCCESS
