add_team: SUCCESS
add_team: SUCCESS
add_player: SUCCESS
get_partial_spirit: SUCCESS, 5,2,4,3,1
add_player: SUCCESS
get_team_points: SUCCESS, 0
get_team_points: SUCCESS, 0
get_partial_spirit: SUCCESS, 5,2,4,3,1
num_played_games_for_player: SUCCESS, 112
buy_team: INVALID_INPUT
get_partial_spirit: SUCCESS, 5,2,4,3,1
play_match: FAILURE
add_player_cards: SUCCESS
get_partial_spirit: SUCCESS, 5,2,4,3,1
add_player: SUCCESS
get_ith_pointless_ability: SUCCESS, 2
add_player: SUCCESS
get_partial_spirit: SUCCESS, 2,4,3,5,1
get_player_cards: SUCCESS, 55
add_player: SUCCESS
add_player: SUCCESS
get_partial_spirit: SUCCESS, 5,2,4,3,1
add_player: SUCCESS
add_player_cards: SUCCESS
get_ith_pointless_ability: SUCCESS, 2
get_ith_pointless_ability: SUCCESS, 1
play_match: SUCCESS, 1
play_match: SUCCESS, 1
add_team: SUCCESS
add_player: SUCCESS
get_player_cards: SUCCESS, 105
add_player: SUCCESS
add_player: SUCCESS
add_team: FAILURE
play_match: SUCCESS, 1
play_match: SUCCESS, 3
num_played_games_for_player: SUCCESS, 110
add_team: FAILURE
play_match: SUCCESS, 1
buy_team: SUCCESS
get_team_points: FAILURE
add_player: FAILURE
get_player_cards: SUCCESS, 414
add_player: FAILURE
play_match: FAILURE
get_team_points: SUCCESS, 15
get_ith_pointless_ability: FAILURE
add_team: FAILURE
add_player_cards: SUCCESS
play_match: FAILURE
add_player: FAILURE
get_player_cards: SUCCESS, 12
get_partial_spirit: SUCCESS, 3,1,4,2,5
num_played_games_for_player: SUCCESS, 301
buy_team: INVALID_INPUT
get_team_points: FAILURE
get_team_points: SUCCESS, 15
add_player_cards: SUCCESS
remove_team: SUCCESS
get_ith_pointless_ability: SUCCESS, 3
get_ith_pointless_ability: FAILURE
add_team: SUCCESS
play_match: INVALID_INPUT
get_partial_spirit: FAILURE
add_player_cards: FAILURE
add_player: FAILURE
get_player_cards: FAILURE
get_ith_pointless_ability: SUCCESS, 3
add_player: FAILURE
num_played_games_for_player: FAILURE
add_player: FAILURE
num_played_games_for_player: FAILURE
add_team: FAILURE
get_ith_pointless_ability: SUCCESS, 3
add_team: FAILURE
get_player_cards: FAILURE
add_player: FAILURE
play_match: INVALID_INPUT
num_played_games_for_player: FAILURE
add_player_cards: FAILURE
num_played_games_for_player: FAILURE
get_ith_pointless_ability: SUCCESS, 3
get_partial_spirit: FAILURE
add_player: FAILURE
add_player: FAILURE
get_partial_spirit: FAILURE
add_player: FAILURE
get_player_cards: FAILURE
add_player: FAILURE
add_player: FAILURE
get_ith_pointless_ability: SUCCESS, 2
add_player: FAILURE
buy_team: INVALID_INPUT
add_player: FAILURE
play_match: INVALID_INPUT
get_partial_spirit: FAILURE
