add_team: SUCCESS
add_team: SUCCESS
add_player: SUCCESS
num_played_games_for_player: SUCCESS, 294
add_player: SUCCESS
get_partial_spirit: SUCCESS, 5,2,4,3,1
buy_team: SUCCESS
get_ith_pointless_ability: FAILURE
buy_team: INVALID_INPUT
num_played_games_for_player: SUCCESS, 294
add_team: SUCCESS
get_team_points: FAILURE
remove_team: SUCCESS
get_partial_spirit: FAILURE
num_played_games_for_player: FAILURE
get_player_cards: FAILURE
add_team: FAILURE
add_player: FAILURE
add_player: FAILURE
get_ith_pointless_ability: FAILURE
get_partial_spirit: FAILURE
num_played_games_for_player: FAILURE
get_player_cards: FAILURE
get_team_points: FAILURE
get_partial_spirit: FAILURE
add_player: FAILURE
add_player_cards: FAILURE
get_player_cards: FAILURE
get_ith_pointless_ability: SUCCESS, 3
add_player: FAILURE
num_played_games_for_player: FAILURE
add_player: FAILURE
add_player: FAILURE
add_player_cards: FAILURE
num_played_games_for_player: FAILURE
add_player: FAILURE
get_ith_pointless_ability: SUCCESS, 3
buy_team: INVALID_INPUT
buy_team: INVALID_INPUT
get_team_points: FAILURE
num_played_games_for_player: FAILURE
add_player_cards: FAILURE
play_match: INVALID_INPUT
get_ith_pointless_ability: FAILURE
add_player: FAILURE
play_match: INVALID_INPUT
add_team: FAILURE
get_partial_spirit: FAILURE
add_player: FAILURE
num_played_games_for_player: FAILURE
get_player_cards: FAILURE
get_partial_spirit: FAILURE
add_player_cards: FAILURE
add_team: FAILURE
add_player: FAILURE
get_player_cards: FAILURE
add_team: FAILURE
get_player_cards: FAILURE
get_ith_pointless_ability: FAILURE
add_player: FAILURE
add_player: FAILURE
play_match: INVALID_INPUT
get_partial_spirit: FAILURE
add_player_cards: FAILURE
add_player_cards: FAILURE
get_team_points: FAILURE
add_player: FAILURE
add_player: FAILURE
buy_team: INVALID_INPUT
add_player: FAILURE
get_ith_pointless_ability: FAILURE
add_team: FAILURE
add_team: FAILURE
get_team_points: FAILURE
get_team_points: FAILURE
buy_team: INVALID_INPUT
num_played_games_for_player: FAILURE
add_player: FAILURE
add_team: FAILURE
add_player: FAILURE
num_played_games_for_player: FAILURE
add_player: FAILURE
buy_team: INVALID_INPUT
get_player_cards: FAILURE
add_player: FAILURE
play_match: INVALID_INPUT
add_player: FAILURE
get_player_cards: FAILURE
get_ith_pointless_ability: FAILURE
num_played_games_for_player: FAILURE
get_ith_pointless_ability: SUCCESS, 3
get_partial_spirit: FAILURE
get_partial_spirit: FAILURE
add_player: FAILURE
