add_team: SUCCESS
add_team: SUCCESS
add_player: SUCCESS
remove_team: SUCCESS
get_team_points: SUCCESS, 0
get_team_points: SUCCESS, 0
get_ith_pointless_ability: SUCCESS, 1
num_played_games_for_player: FAILURE
play_match: INVALID_INPUT
add_player: SUCCESS
get_player_cards: FAILURE
add_team: SUCCESS
get_player_cards: SUCCESS, 22
add_player: SUCCESS
add_player: SUCCESS
add_player_cards: FAILURE
num_played_games_for_player: SUCCESS, 51
add_player: SUCCESS
get_team_points: SUCCESS, 0
add_player_cards: SUCCESS
get_player_cards: FAILURE
get_ith_pointless_ability: SUCCESS, 1
add_player_cards: SUCCESS
get_player_cards: SUCCESS, 188
get_ith_pointless_ability: SUCCESS, 2
play_match: INVALID_INPUT
num_played_games_for_player: SUCCESS, 144
add_team: FAILURE
add_player: SUCCESS
buy_team: INVALID_INPUT
add_player: SUCCESS
get_player_cards: SUCCESS, 223
add_player: SUCCESS
add_player_cards: SUCCESS
add_player: SUCCESS
play_match: INVALID_INPUT
num_played_games_for_player: SUCCESS, 144
buy_team: INVALID_INPUT
get_partial_spirit: SUCCESS, 2,5,3,4,1
play_match: INVALID_INPUT
add_player_cards: SUCCESS
add_team: FAILURE
add_player: SUCCESS
add_player: SUCCESS
add_player: SUCCESS
add_player: SUCCESS
add_player: SUCCESS
add_player: SUCCESS
get_partial_spirit: FAILURE
play_match: INVALID_INPUT
add_player_cards: SUCCESS
add_player: SUCCESS
get_team_points: SUCCESS, 0
get_player_cards: SUCCESS, 129
add_team: FAILURE
add_player_cards: SUCCESS
num_played_games_for_player: SUCCESS, 187
get_player_cards: SUCCESS, 193
get_team_points: SUCCESS, 0
get_team_points: SUCCESS, 0
buy_team: INVALID_INPUT
get_team_points: SUCCESS, 0
add_player_cards: SUCCESS
add_team: FAILURE
add_player: SUCCESS
play_match: INVALID_INPUT
num_played_games_for_player: SUCCESS, 51
num_played_games_for_player: FAILURE
add_player_cards: SUCCESS
get_partial_spirit: SUCCESS, 1,5,3,4,2
get_team_points: SUCCESS, 0
buy_team: INVALID_INPUT
get_ith_pointless_ability: SUCCESS, 1
buy_team: INVALID_INPUT
get_player_cards: SUCCESS, 25
get_player_cards: SUCCESS, 327
get_player_cards: SUCCESS, 232
get_player_cards: SUCCESS, 281
add_player_cards: SUCCESS
add_player_cards: SUCCESS
play_match: INVALID_INPUT
get_ith_pointless_ability: SUCCESS, 1
play_match: INVALID_INPUT
get_ith_pointless_ability: SUCCESS, 2
add_player_cards: SUCCESS
add_team: FAILURE
num_played_games_for_player: SUCCESS, 211
num_played_games_for_player: SUCCESS, 283
