add_team: SUCCESS
add_team: SUCCESS
add_player: SUCCESS
remove_team: SUCCESS
get_partial_spirit: FAILURE
buy_team: INVALID_INPUT
add_player_cards: FAILURE
play_match: INVALID_INPUT
add_team: SUCCESS
get_ith_pointless_ability: SUCCESS, 3
buy_team: INVALID_INPUT
num_played_games_for_player: FAILURE
add_player: SUCCESS
play_match: INVALID_INPUT
add_player_cards: FAILURE
buy_team: INVALID_INPUT
get_ith_pointless_ability: SUCCESS, 2
add_player: SUCCESS
add_player: SUCCESS
get_ith_pointless_ability: SUCCESS, 2
get_team_points: SUCCESS, 0
add_player: SUCCESS
play_match: INVALID_INPUT
add_player_cards: SUCCESS
get_ith_pointless_ability: SUCCESS, 2
add_player: SUCCESS
add_player_cards: FAILURE
add_team: FAILURE
get_ith_pointless_ability: SUCCESS, 3
add_player_cards: FAILURE
get_ith_pointless_ability: SUCCESS, 2
get_player_cards: FAILURE
add_player: SUCCESS
buy_team: INVALID_INPUT
get_team_points: SUCCESS, 0
add_team: FAILURE
get_team_points: SUCCESS, 0
add_player: SUCCESS
add_player_cards: FAILURE
add_player: SUCCESS
get_ith_pointless_ability: SUCCESS, 2
add_player_cards: SUCCESS
add_player: SUCCESS
add_player_cards: SUCCESS
get_partial_spirit: SUCCESS, 1,4,2,3,5
add_player: SUCCESS
get_partial_spirit: SUCCESS, 4,5,3,1,2
add_player_cards: SUCCESS
buy_team: INVALID_INPUT
get_ith_pointless_ability: SUCCESS, 3
get_partial_spirit: SUCCESS, 1,5,4,3,2
add_player: SUCCESS
get_team_points: SUCCESS, 0
get_team_points: SUCCESS, 0
play_match: INVALID_INPUT
get_ith_pointless_ability: SUCCESS, 2
get_player_cards: SUCCESS, 263
add_player_cards: SUCCESS
play_match: INVALID_INPUT
play_match: INVALID_INPUT
get_team_points: SUCCESS, 0
buy_team: INVALID_INPUT
add_player_cards: SUCCESS
num_played_games_for_player: SUCCESS, 188
get_player_cards: SUCCESS, 342
add_player_cards: SUCCESS
num_played_games_for_player: SUCCESS, 188
buy_team: INVALID_INPUT
get_team_points: SUCCESS, 0
get_player_cards: SUCCESS, 342
play_match: INVALID_INPUT
add_player_cards: SUCCESS
get_team_points: SUCCESS, 0
get_player_cards: SUCCESS, 342
add_team: FAILURE
get_partial_spirit: SUCCESS, 4,3,5,1,2
add_player: SUCCESS
get_team_points: SUCCESS, 0
get_player_cards: SUCCESS, 536
buy_team: INVALID_INPUT
get_partial_spirit: FAILURE
get_player_cards: SUCCESS, 233
num_played_games_for_player: SUCCESS, 57
