add_team: SUCCESS
add_team: SUCCESS
add_player: SUCCESS
add_player_cards: SUCCESS
add_team: SUCCESS
play_match: FAILURE
play_match: FAILURE
get_partial_spirit: SUCCESS, 3,2,5,4,1
add_team: FAILURE
get_partial_spirit: SUCCESS, 3,2,5,4,1
get_player_cards: SUCCESS, 281
remove_team: SUCCESS
add_team: FAILURE
add_player: SUCCESS
buy_team: INVALID_INPUT
add_player_cards: FAILURE
buy_team: INVALID_INPUT
add_player_cards: FAILURE
add_player: SUCCESS
get_player_cards: FAILURE
play_match: INVALID_INPUT
add_player_cards: SUCCESS
add_player_cards: SUCCESS
play_match: INVALID_INPUT
play_match: INVALID_INPUT
add_player_cards: FAILURE
num_played_games_for_player: SUCCESS, 181
add_player_cards: SUCCESS
get_player_cards: FAILURE
add_player: SUCCESS
add_player_cards: SUCCESS
get_ith_pointless_ability: SUCCESS, 3
add_player: SUCCESS
add_player_cards: SUCCESS
get_team_points: SUCCESS, 0
get_ith_pointless_ability: SUCCESS, 3
add_player: SUCCESS
add_player: SUCCESS
num_played_games_for_player: SUCCESS, 275
add_player: SUCCESS
buy_team: INVALID_INPUT
buy_team: INVALID_INPUT
get_player_cards: SUCCESS, 138
buy_team: INVALID_INPUT
play_match: INVALID_INPUT
add_player: SUCCESS
add_player: SUCCESS
add_player: SUCCESS
buy_team: INVALID_INPUT
add_player: SUCCESS
get_ith_pointless_ability: SUCCESS, 3
add_player: SUCCESS
add_team: FAILURE
get_partial_spirit: SUCCESS, 2,1,3,4,5
play_match: INVALID_INPUT
add_team: FAILURE
add_team: FAILURE
buy_team: INVALID_INPUT
add_player: SUCCESS
add_team: FAILURE
add_team: FAILURE
num_played_games_for_player: FAILURE
num_played_games_for_player: SUCCESS, 137
add_team: FAILURE
buy_team: INVALID_INPUT
num_played_games_for_player: FAILURE
get_player_cards: SUCCESS, 271
add_player: SUCCESS
add_team: FAILURE
buy_team: INVALID_INPUT
play_match: INVALID_INPUT
add_team: FAILURE
num_played_games_for_player: FAILURE
get_player_cards: SUCCESS, 300
get_ith_pointless_ability: SUCCESS, 2
get_ith_pointless_ability: SUCCESS, 2
add_player: SUCCESS
buy_team: INVALID_INPUT
add_team: FAILURE
add_player: SUCCESS
buy_team: INVALID_INPUT
add_player: SUCCESS
num_played_games_for_player: SUCCESS, 22
get_player_cards: SUCCESS, 85
buy_team: INVALID_INPUT
get_ith_pointless_ability: SUCCESS, 3
get_partial_spirit: SUCCESS, 2,1,3,4,5
play_match: INVALID_INPUT
play_match: INVALID_INPUT
get_team_points: SUCCESS, 0
add_player: SUCCESS
