add_team: SUCCESS
add_team: SUCCESS
add_player: SUCCESS
add_player: SUCCESS
get_player_cards: SUCCESS, 267
num_played_games_for_player: SUCCESS, 49
get_team_points: SUCCESS, 0
get_team_points: SUCCESS, 0
get_ith_pointless_ability: FAILURE
num_played_games_for_player: SUCCESS, 134
num_played_games_for_player: SUCCESS, 134
add_player_cards: SUCCESS
add_team: SUCCESS
remove_team: SUCCESS
add_player: SUCCESS
play_match: INVALID_INPUT
num_played_games_for_player: SUCCESS, 145
add_player_cards: FAILURE
play_match: INVALID_INPUT
get_partial_spirit: SUCCESS, 1,4,5,3,2
get_player_cards: SUCCESS, 266
play_match: INVALID_INPUT
add_player_cards: SUCCESS
buy_team: INVALID_INPUT
get_player_cards: FAILURE
num_played_games_for_player: FAILURE
add_player: SUCCESS
add_player: SUCCESS
get_partial_spirit: SUCCESS, 1,4,2,5,3
add_player_cards: SUCCESS
add_player: SUCCESS
get_ith_pointless_ability: SUCCESS, 3
add_player: SUCCESS
add_player: SUCCESS
get_team_points: SUCCESS, 0
add_player: SUCCESS
add_player: SUCCESS
get_partial_spirit: SUCCESS, 5,1,2,4,3
get_partial_spirit: FAILURE
get_team_points: SUCCESS, 0
num_played_games_for_player: SUCCESS, 145
get_ith_pointless_ability: SUCCESS, 2
get_partial_spirit: SUCCESS, 1,4,2,5,3
num_played_games_for_player: FAILURE
buy_team: INVALID_INPUT
get_team_points: SUCCESS, 0
add_player: SUCCESS
add_team: FAILURE
buy_team: INVALID_INPUT
add_player: SUCCESS
get_team_points: SUCCESS, 0
get_ith_pointless_ability: SUCCESS, 2
buy_team: INVALID_INPUT
add_player: SUCCESS
add_player: SUCCESS
add_player_cards: SUCCESS
add_team: FAILURE
get_player_cards: SUCCESS, 474
get_player_cards: SUCCESS, 30
get_team_points: SUCCESS, 0
add_player: SUCCESS
get_team_points: SUCCESS, 0
get_partial_spirit: SUCCESS, 1,4,5,3,2
add_player: SUCCESS
get_partial_spirit: SUCCESS, 2,3,4,1,5
add_player_cards: SUCCESS
get_ith_pointless_ability: SUCCESS, 2
add_team: FAILURE
get_partial_spirit: FAILURE
add_player: SUCCESS
add_player: SUCCESS
get_partial_spirit: SUCCESS, 5,1,2,4,3
num_played_games_for_player: SUCCESS, 246
get_player_cards: SUCCESS, 194
add_player: SUCCESS
add_player: SUCCESS
add_player: SUCCESS
add_team: FAILURE
add_player: SUCCESS
get_player_cards: SUCCESS, 179
buy_team: INVALID_INPUT
num_played_games_for_player: SUCCESS, 118
get_player_cards: SUCCESS, 159
buy_team: INVALID_INPUT
get_ith_pointless_ability: SUCCESS, 3
add_player: SUCCESS
