add_team: SUCCESS
add_team: SUCCESS
add_player: SUCCESS
play_match: FAILURE
buy_team: SUCCESS
buy_team: INVALID_INPUT
remove_team: SUCCESS
get_partial_spirit: FAILURE
add_team: SUCCESS
get_team_points: FAILURE
get_partial_spirit: FAILURE
num_played_games_for_player: FAILURE
get_partial_spirit: FAILURE
add_player: FAILURE
add_player: FAILURE
add_player_cards: FAILURE
buy_team: INVALID_INPUT
get_player_cards: FAILURE
num_played_games_for_player: FAILURE
add_player: FAILURE
get_ith_pointless_ability: FAILURE
add_player: FAILURE
num_played_games_for_player: FAILURE
get_ith_pointless_ability: SUCCESS, 2
buy_team: INVALID_INPUT
add_player: FAILURE
add_player: FAILURE
add_player_cards: FAILURE
play_match: INVALID_INPUT
add_player_cards: FAILURE
add_player_cards: FAILURE
add_team: FAILURE
add_player_cards: FAILURE
get_player_cards: FAILURE
get_player_cards: FAILURE
get_ith_pointless_ability: FAILURE
add_team: FAILURE
num_played_games_for_player: FAILURE
add_player: FAILURE
add_player: FAILURE
add_player: FAILURE
add_player: FAILURE
get_partial_spirit: FAILURE
add_player: FAILURE
buy_team: INVALID_INPUT
add_player: FAILURE
add_player: FAILURE
num_played_games_for_player: FAILURE
get_partial_spirit: FAILURE
buy_team: INVALID_INPUT
add_player: FAILURE
play_match: INVALID_INPUT
num_played_games_for_player: FAILURE
add_player: FAILURE
get_team_points: FAILURE
add_player: FAILURE
add_team: FAILURE
get_player_cards: FAILURE
add_player: FAILURE
add_player_cards: FAILURE
add_player: FAILURE
get_player_cards: FAILURE
num_played_games_for_player: FAILURE
get_ith_pointless_ability: SUCCESS, 2
get_partial_spirit: FAILURE
add_player: FAILURE
get_partial_spirit: FAILURE
get_player_cards: FAILURE
get_team_points: FAILURE
add_player_cards: FAILURE
get_ith_pointless_ability: SUCCESS, 2
add_player_cards: FAILURE
get_player_cards: FAILURE
num_played_games_for_player: FAILURE
add_player_cards: FAILURE
add_player: FAILURE
num_played_games_for_player: FAILURE
buy_team: INVALID_INPUT
add_team: FAILURE
add_team: FAILURE
add_player: FAILURE
get_team_points: FAILURE
num_played_games_for_player: FAILURE
add_player: FAILURE
add_player_cards: FAILURE
add_player: FAILURE
get_ith_pointless_ability: SUCCESS, 2
