add_team: SUCCESS
add_team: SUCCESS
add_player: SUCCESS
remove_team: SUCCESS
add_player: SUCCESS
get_player_cards: SUCCESS, 49
add_player: SUCCESS
get_ith_pointless_ability: SUCCESS, 1
add_player: SUCCESS
buy_team: INVALID_INPUT
get_partial_spirit: SUCCESS, 3,1,4,5,2
play_match: INVALID_INPUT
play_match: INVALID_INPUT
add_player: SUCCESS
num_played_games_for_player: SUCCESS, 31
add_player: SUCCESS
add_player: SUCCESS
play_match: INVALID_INPUT
get_ith_pointless_ability: SUCCESS, 1
get_partial_spirit: SUCCESS, 4,1,2,5,3
add_team: SUCCESS
add_player_cards: SUCCESS
get_partial_spirit: SUCCESS, 3,1,2,4,5
num_played_games_for_player: SUCCESS, 75
get_player_cards: SUCCESS, 234
num_played_games_for_player: SUCCESS, 31
num_played_games_for_player: SUCCESS, 31
add_player: SUCCESS
get_partial_spirit: SUCCESS, 3,1,2,4,5
add_player_cards: SUCCESS
get_partial_spirit: SUCCESS, 3,1,4,5,2
get_ith_pointless_ability: SUCCESS, 1
add_player_cards: SUCCESS
add_player_cards: SUCCESS
add_player_cards: SUCCESS
get_ith_pointless_ability: SUCCESS, 1
get_team_points: SUCCESS, 0
num_played_games_for_player: SUCCESS, 75
get_ith_pointless_ability: SUCCESS, 2
add_team: FAILURE
add_player: SUCCESS
add_player: SUCCESS
buy_team: INVALID_INPUT
add_team: FAILURE
get_player_cards: SUCCESS, 293
play_match: INVALID_INPUT
add_player: SUCCESS
get_partial_spirit: SUCCESS, 2,4,1,5,3
get_partial_spirit: SUCCESS, 3,1,2,5,4
get_ith_pointless_ability: SUCCESS, 1
add_player_cards: SUCCESS
add_player: SUCCESS
num_played_games_for_player: SUCCESS, 224
get_partial_spirit: SUCCESS, 3,1,4,5,2
num_played_games_for_player: SUCCESS, 31
add_team: FAILURE
get_partial_spirit: SUCCESS, 3,1,4,5,2
add_player: SUCCESS
add_player: SUCCESS
get_team_points: SUCCESS, 0
add_player: SUCCESS
add_player: SUCCESS
get_player_cards: SUCCESS, 293
num_played_games_for_player: SUCCESS, 18
get_partial_spirit: SUCCESS, 3,1,5,4,2
add_player: SUCCESS
get_ith_pointless_ability: SUCCESS, 1
get_team_points: SUCCESS, 0
add_player: SUCCESS
add_player: SUCCESS
add_player: SUCCESS
add_player: SUCCESS
add_player: SUCCESS
add_player_cards: SUCCESS
play_match: INVALID_INPUT
get_partial_spirit: SUCCESS, 3,1,5,4,2
get_ith_pointless_ability: SUCCESS, 2
get_ith_pointless_ability: SUCCESS, 2
get_team_points: SUCCESS, 0
add_player: SUCCESS
add_team: FAILURE
get_team_points: SUCCESS, 0
get_ith_pointless_ability: SUCCESS, 2
add_player: SUCCESS
get_partial_spirit: SUCCESS, 4,1,5,3,2
add_player_cards: SUCCESS
