add_team: SUCCESS
add_team: SUCCESS
add_player: SUCCESS
get_ith_pointless_ability: FAILURE
add_team: SUCCESS
get_team_points: SUCCESS, 0
get_ith_pointless_ability: SUCCESS, 2
play_match: FAILURE
add_player_cards: SUCCESS
play_match: FAILURE
remove_team: SUCCESS
add_player: SUCCESS
num_played_games_for_player: FAILURE
play_match: INVALID_INPUT
add_player: SUCCESS
get_player_cards: FAILURE
get_player_cards: SUCCESS, 168
num_played_games_for_player: FAILURE
get_partial_spirit: SUCCESS, 3,1,2,4,5
buy_team: INVALID_INPUT
get_ith_pointless_ability: SUCCESS, 3
buy_team: INVALID_INPUT
get_ith_pointless_ability: SUCCESS, 1
get_ith_pointless_ability: SUCCESS, 3
play_match: INVALID_INPUT
num_played_games_for_player: SUCCESS, 259
add_player: SUCCESS
get_ith_pointless_ability: SUCCESS, 1
add_player: SUCCESS
add_player: SUCCESS
add_team: SUCCESS
buy_team: INVALID_INPUT
get_partial_spirit: FAILURE
get_player_cards: SUCCESS, 168
add_player: SUCCESS
add_player: SUCCESS
get_partial_spirit: SUCCESS, 3,1,2,4,5
add_team: FAILURE
get_player_cards: FAILURE
num_played_games_for_player: SUCCESS, 248
add_team: FAILURE
get_partial_spirit: SUCCESS, 1,2,3,4,5
play_match: INVALID_INPUT
get_ith_pointless_ability: SUCCESS, 3
get_team_points: SUCCESS, 0
get_partial_spirit: SUCCESS, 5,3,4,2,1
num_played_games_for_player: SUCCESS, 98
get_ith_pointless_ability: SUCCESS, 2
buy_team: INVALID_INPUT
buy_team: INVALID_INPUT
add_player: SUCCESS
buy_team: INVALID_INPUT
get_player_cards: FAILURE
buy_team: INVALID_INPUT
play_match: INVALID_INPUT
add_player: SUCCESS
play_match: INVALID_INPUT
play_match: INVALID_INPUT
add_player_cards: SUCCESS
play_match: INVALID_INPUT
add_player: SUCCESS
play_match: INVALID_INPUT
get_partial_spirit: SUCCESS, 1,2,3,4,5
add_player_cards: SUCCESS
add_team: FAILURE
get_player_cards: SUCCESS, 10
buy_team: INVALID_INPUT
get_player_cards: SUCCESS, 191
num_played_games_for_player: SUCCESS, 248
add_player: SUCCESS
add_player: SUCCESS
num_played_games_for_player: SUCCESS, 31
add_player_cards: SUCCESS
add_player: SUCCESS
play_match: INVALID_INPUT
add_player: SUCCESS
add_player_cards: SUCCESS
add_player: SUCCESS
add_player: SUCCESS
get_team_points: SUCCESS, 0
get_ith_pointless_ability: SUCCESS, 2
get_partial_spirit: SUCCESS, 3,2,1,4,5
add_team: FAILURE
add_team: FAILURE
buy_team: INVALID_INPUT
add_player: SUCCESS
buy_team: INVALID_INPUT
buy_team: INVALID_INPUT
add_player: SUCCESS
