add_team: SUCCESS
add_team: SUCCESS
add_player: SUCCESS
buy_team: INVALID_INPUT
num_played_games_for_player: SUCCESS, 174
remove_team: SUCCESS
num_played_games_for_player: FAILURE
add_player: SUCCESS
get_partial_spirit: SUCCESS, 2,4,5,3,1
play_match: INVALID_INPUT
buy_team: INVALID_INPUT
play_match: INVALID_INPUT
add_player: SUCCESS
get_ith_pointless_ability: FAILURE
get_team_points: SUCCESS, 0
add_player: SUCCESS
buy_team: INVALID_INPUT
add_player: SUCCESS
num_played_games_for_player: SUCCESS, 165
get_ith_pointless_ability: SUCCESS, 1
get_team_points: SUCCESS, 0
add_player: SUCCESS
add_player: SUCCESS
add_player: SUCCESS
add_team: SUCCESS
add_player_cards: FAILURE
get_partial_spirit: SUCCESS, 5,1,4,3,2
get_partial_spirit: SUCCESS, 2,4,5,3,1
get_team_points: SUCCESS, 0
get_team_points: SUCCESS, 0
get_partial_spirit: SUCCESS, 1,2,3,5,4
add_player: SUCCESS
add_player: SUCCESS
get_player_cards: SUCCESS, 257
play_match: INVALID_INPUT
play_match: INVALID_INPUT
get_ith_pointless_ability: SUCCESS, 2
get_ith_pointless_ability: SUCCESS, 1
buy_team: INVALID_INPUT
buy_team: INVALID_INPUT
get_team_points: SUCCESS, 0
get_partial_spirit: SUCCESS, 2,5,1,3,4
add_player: SUCCESS
play_match: INVALID_INPUT
get_ith_pointless_ability: SUCCESS, 1
play_match: INVALID_INPUT
get_player_cards: SUCCESS, 94
play_match: INVALID_INPUT
get_player_cards: SUCCESS, 97
add_team: FAILURE
add_player: SUCCESS
buy_team: INVALID_INPUT
play_match: INVALID_INPUT
add_player_cards: SUCCESS
add_player_cards: SUCCESS
add_player: SUCCESS
add_player: SUCCESS
add_player: SUCCESS
add_player: SUCCESS
get_team_points: SUCCESS, 0
get_team_points: SUCCESS, 0
get_ith_pointless_ability: SUCCESS, 1
add_player: SUCCESS
play_match: INVALID_INPUT
add_player_cards: SUCCESS
add_player_cards: SUCCESS
get_team_points: SUCCESS, 0
get_partial_spirit: FAILURE
get_partial_spirit: SUCCESS, 2,4,5,3,1
play_match: INVALID_INPUT
get_team_points: SUCCESS, 0
get_partial_spirit: SUCCESS, 1,2,5,3,4
num_played_games_for_player: SUCCESS, 113
get_partial_spirit: SUCCESS, 2,5,1,3,4
num_played_games_for_player: SUCCESS, 221
get_player_cards: SUCCESS, 298
buy_team: INVALID_INPUT
get_player_cards: SUCCESS, 166
add_team: FAILURE
play_match: INVALID_INPUT
add_player_cards: SUCCESS
add_team: FAILURE
add_player: SUCCESS
get_partial_spirit: SUCCESS, 5,3,1,2,4
add_player: SUCCESS
add_player: SUCCESS
get_team_points: SUCCESS, 0
add_player_cards: SUCCESS
add_player: SUCCESS
add_player: SUCCESS
num_played_games_for_player: SUCCESS, 114
get_player_cards: SUCCESS, 135
get_ith_pointless_ability: SUCCESS, 1
get_team_points: SUCCESS, 0
buy_team: INVALID_INPUT
