add_team: SUCCESS
add_team: SUCCESS
add_player: SUCCESS
add_team: SUCCESS
add_player_cards: SUCCESS
add_team: FAILURE
num_played_games_for_player: SUCCESS, 276
get_team_points: SUCCESS, 0
get_ith_pointless_ability: SUCCESS, 1
get_partial_spirit: SUCCESS, 1,2,5,3,4
get_partial_spirit: SUCCESS, 1,2,5,3,4
add_player: SUCCESS
remove_team: SUCCESS
num_played_games_for_player: SUCCESS, 102
play_match: INVALID_INPUT
num_played_games_for_player: SUCCESS, 102
add_team: SUCCESS
buy_team: INVALID_INPUT
num_played_games_for_player: FAILURE
get_partial_spirit: FAILURE
add_player: SUCCESS
get_team_points: SUCCESS, 0
get_partial_spirit: SUCCESS, 4,3,5,1,2
add_player_cards: FAILURE
buy_team: INVALID_INPUT
play_match: INVALID_INPUT
add_player_cards: SUCCESS
buy_team: INVALID_INPUT
add_team: FAILURE
add_player_cards: SUCCESS
add_player: SUCCESS
get_ith_pointless_ability: SUCCESS, 2
buy_team: INVALID_INPUT
buy_team: INVALID_INPUT
add_player: SUCCESS
get_partial_spirit: SUCCESS, 2,4,3,5,1
buy_team: INVALID_INPUT
add_team: FAILURE
add_player_cards: FAILURE
get_team_points: SUCCESS, 0
get_team_points: SUCCESS, 0
add_player: SUCCESS
add_team: FAILURE
buy_team: INVALID_INPUT
get_team_points: SUCCESS, 0
num_played_games_for_player: FAILURE
add_player: SUCCESS
num_played_games_for_player: SUCCESS, 183
add_player: SUCCESS
add_player: SUCCESS
get_ith_pointless_ability: SUCCESS, 3
get_team_points: SUCCESS, 0
buy_team: INVALID_INPUT
get_player_cards: SUCCESS, 254
get_partial_spirit: SUCCESS, 1,2,5,3,4
get_player_cards: SUCCESS, 279
buy_team: INVALID_INPUT
buy_team: INVALID_INPUT
add_player: SUCCESS
add_player: SUCCESS
num_played_games_for_player: SUCCESS, 183
add_player: SUCCESS
add_player_cards: SUCCESS
add_team: FAILURE
get_team_points: SUCCESS, 0
get_partial_spirit: SUCCESS, 3,2,1,4,5
play_match: INVALID_INPUT
buy_team: INVALID_INPUT
get_ith_pointless_ability: SUCCESS, 3
num_played_games_for_player: FAILURE
get_team_points: SUCCESS, 0
add_team: FAILURE
buy_team: INVALID_INPUT
add_player: SUCCESS
get_team_points: SUCCESS, 0
add_player: SUCCESS
add_team: FAILURE
get_partial_spirit: SUCCESS, 3,1,2,4,5
get_team_points: SUCCESS, 0
add_team: FAILURE
get_player_cards: SUCCESS, 294
get_team_points: SUCCESS, 0
get_team_points: SUCCESS, 0
add_player: SUCCESS
get_partial_spirit: SUCCESS, 3,1,2,4,5
buy_team: INVALID_INPUT
add_player: SUCCESS
num_played_games_for_player: SUCCESS, 43
add_player_cards: SUCCESS
get_ith_pointless_ability: SUCCESS, 2
buy_team: INVALID_INPUT
