add_team: SUCCESS
add_team: SUCCESS
add_player: SUCCESS
add_team: SUCCESS
add_team: FAILURE
add_team: FAILURE
num_played_games_for_player: SUCCESS, 122
get_team_points: SUCCESS, 0
add_player_cards: SUCCESS
num_played_games_for_player: SUCCESS, 122
num_played_games_for_player: SUCCESS, 122
get_player_cards: SUCCESS, 346
add_player: SUCCESS
add_player: SUCCESS
play_match: FAILURE
get_ith_pointless_ability: SUCCESS, 3
add_player: SUCCESS
get_team_points: SUCCESS, 0
buy_team: INVALID_INPUT
remove_team: SUCCESS
play_match: INVALID_INPUT
get_ith_pointless_ability: SUCCESS, 3
get_partial_spirit: SUCCESS, 5,2,1,4,3
add_player: SUCCESS
get_player_cards: FAILURE
get_ith_pointless_ability: SUCCESS, 1
num_played_games_for_player: SUCCESS, 198
get_team_points: SUCCESS, 0
add_player: SUCCESS
buy_team: INVALID_INPUT
add_team: SUCCESS
add_player_cards: FAILURE
get_ith_pointless_ability: SUCCESS, 2
add_player: SUCCESS
add_team: FAILURE
get_partial_spirit: SUCCESS, 2,4,5,3,1
num_played_games_for_player: SUCCESS, 258
add_team: FAILURE
get_team_points: SUCCESS, 0
buy_team: INVALID_INPUT
add_player: SUCCESS
get_player_cards: SUCCESS, 22
get_ith_pointless_ability: SUCCESS, 2
get_ith_pointless_ability: SUCCESS, 3
add_team: FAILURE
num_played_games_for_player: FAILURE
get_player_cards: SUCCESS, 53
get_player_cards: FAILURE
get_player_cards: SUCCESS, 53
num_played_games_for_player: SUCCESS, 258
get_partial_spirit: FAILURE
get_team_points: SUCCESS, 0
add_player: SUCCESS
buy_team: INVALID_INPUT
play_match: INVALID_INPUT
add_player: SUCCESS
add_player: SUCCESS
num_played_games_for_player: SUCCESS, 174
play_match: INVALID_INPUT
play_match: INVALID_INPUT
get_player_cards: FAILURE
add_player_cards: SUCCESS
num_played_games_for_player: SUCCESS, 185
buy_team: INVALID_INPUT
play_match: INVALID_INPUT
get_team_points: SUCCESS, 0
add_player: SUCCESS
add_player: SUCCESS
num_played_games_for_player: FAILURE
play_match: INVALID_INPUT
add_player: SUCCESS
add_player: SUCCESS
num_played_games_for_player: FAILURE
add_player: SUCCESS
add_player: SUCCESS
add_player_cards: SUCCESS
get_team_points: SUCCESS, 0
get_player_cards: SUCCESS, 243
buy_team: INVALID_INPUT
add_player: SUCCESS
add_player_cards: SUCCESS
add_player: SUCCESS
get_player_cards: FAILURE
get_player_cards: SUCCESS, 132
num_played_games_for_player: SUCCESS, 185
add_player: SUCCESS
add_player_cards: SUCCESS
get_team_points: SUCCESS, 0
play_match: INVALID_INPUT
add_player_cards: SUCCESS
num_played_games_for_player: FAILURE
buy_team: INVALID_INPUT
add_team: FAILURE
add_team: FAILURE
