add_team: SUCCESS
add_team: SUCCESS
add_player: SUCCESS
add_player: SUCCESS
add_player: SUCCESS
get_ith_pointless_ability: FAILURE
get_player_cards: SUCCESS, 171
add_player_cards: SUCCESS
add_player_cards: SUCCESS
get_player_cards: SUCCESS, 115
add_player: SUCCESS
get_player_cards: SUCCESS, 670
get_team_points: SUCCESS, 0
add_player: SUCCESS
get_team_points: SUCCESS, 0
add_player: SUCCESS
buy_team: INVALID_INPUT
num_played_games_for_player: SUCCESS, 165
buy_team: SUCCESS
buy_team: FAILURE
add_player_cards: SUCCESS
add_player_cards: SUCCESS
remove_team: SUCCESS
add_player: FAILURE
add_team: SUCCESS
add_team: FAILURE
add_player_cards: FAILURE
add_player_cards: FAILURE
get_partial_spirit: FAILURE
add_team: FAILURE
add_team: FAILURE
get_team_points: FAILURE
num_played_games_for_player: FAILURE
get_ith_pointless_ability: FAILURE
add_player: FAILURE
buy_team: INVALID_INPUT
add_player: FAILURE
add_player: FAILURE
get_ith_pointless_ability: FAILURE
add_team: FAILURE
get_ith_pointless_ability: SUCCESS, 3
add_player: FAILURE
add_player_cards: FAILURE
play_match: INVALID_INPUT
add_player_cards: FAILURE
add_team: FAILURE
get_team_points: FAILURE
add_player: FAILURE
add_player: FAILURE
get_partial_spirit: FAILURE
get_team_points: FAILURE
num_played_games_for_player: FAILURE
add_player: FAILURE
add_player: FAILURE
add_player: FAILURE
add_player: FAILURE
num_played_games_for_player: FAILURE
get_team_points: FAILURE
get_partial_spirit: FAILURE
add_player: FAILURE
play_match: INVALID_INPUT
add_player: FAILURE
buy_team: INVALID_INPUT
add_player_cards: FAILURE
add_player_cards: FAILURE
get_team_points: FAILURE
get_player_cards: FAILURE
add_team: FAILURE
get_partial_spirit: FAILURE
add_team: FAILURE
get_team_points: FAILURE
add_player: FAILURE
add_player: FAILURE
get_ith_pointless_ability: SUCCESS, 3
buy_team: INVALID_INPUT
get_player_cards: FAILURE
play_match: INVALID_INPUT
play_match: INVALID_INPUT
num_played_games_for_player: FAILURE
add_player: FAILURE
add_player_cards: FAILURE
add_player: FAILURE
get_ith_pointless_ability: SUCCESS, 3
add_player_cards: FAILURE
get_team_points: FAILURE
num_played_games_for_player: FAILURE
add_team: FAILURE
add_player: FAILURE
