add_team: SUCCESS
add_team: SUCCESS
add_player: SUCCESS
add_player: SUCCESS
get_team_points: SUCCESS, 0
add_player: SUCCESS
remove_team: SUCCESS
get_ith_pointless_ability: SUCCESS, 2
add_player: SUCCESS
get_ith_pointless_ability: SUCCESS, 2
add_player_cards: SUCCESS
add_player: SUCCESS
get_ith_pointless_ability: FAILURE
add_player: SUCCESS
num_played_games_for_player: SUCCESS, 28
num_played_games_for_player: FAILURE
add_player: SUCCESS
get_partial_spirit: SUCCESS, 2,4,3,5,1
add_player_cards: SUCCESS
get_partial_spirit: SUCCESS, 4,2,3,5,1
add_player_cards: SUCCESS
add_player: SUCCESS
add_player: SUCCESS
add_player: SUCCESS
add_player: SUCCESS
add_player: SUCCESS
get_team_points: SUCCESS, 0
num_played_games_for_player: SUCCESS, 101
play_match: INVALID_INPUT
get_partial_spirit: SUCCESS, 5,2,4,1,3
get_player_cards: FAILURE
get_team_points: SUCCESS, 0
buy_team: INVALID_INPUT
num_played_games_for_player: FAILURE
get_player_cards: FAILURE
add_player_cards: FAILURE
add_team: SUCCESS
get_partial_spirit: SUCCESS, 5,2,4,1,3
get_ith_pointless_ability: SUCCESS, 3
play_match: INVALID_INPUT
get_ith_pointless_ability: SUCCESS, 2
add_player_cards: SUCCESS
get_team_points: SUCCESS, 0
num_played_games_for_player: FAILURE
add_player: SUCCESS
add_team: FAILURE
get_team_points: SUCCESS, 0
add_player: SUCCESS
add_player: SUCCESS
buy_team: INVALID_INPUT
add_team: FAILURE
add_player: SUCCESS
play_match: INVALID_INPUT
get_team_points: SUCCESS, 0
buy_team: INVALID_INPUT
add_player: SUCCESS
get_team_points: SUCCESS, 0
play_match: INVALID_INPUT
add_player_cards: SUCCESS
get_team_points: SUCCESS, 0
add_player_cards: SUCCESS
add_player: SUCCESS
buy_team: INVALID_INPUT
play_match: INVALID_INPUT
add_player: SUCCESS
get_player_cards: SUCCESS, 214
add_player: SUCCESS
get_team_points: SUCCESS, 0
add_player: SUCCESS
get_player_cards: SUCCESS, 236
buy_team: INVALID_INPUT
add_team: FAILURE
play_match: INVALID_INPUT
get_ith_pointless_ability: SUCCESS, 3
add_player: SUCCESS
num_played_games_for_player: SUCCESS, 202
add_player_cards: SUCCESS
num_played_games_for_player: SUCCESS, 193
play_match: INVALID_INPUT
add_team: FAILURE
add_player: SUCCESS
num_played_games_for_player: SUCCESS, 202
num_played_games_for_player: SUCCESS, 207
get_ith_pointless_ability: SUCCESS, 2
add_player: SUCCESS
get_player_cards: SUCCESS, 227
get_team_points: SUCCESS, 0
