add_team: SUCCESS
add_team: SUCCESS
add_player: SUCCESS
get_team_points: SUCCESS, 0
get_player_cards: SUCCESS, 15
get_partial_spirit: SUCCESS, 5,2,1,3,4
num_played_games_for_player: SUCCESS, 294
get_partial_spirit: SUCCESS, 5,2,1,3,4
get_partial_spirit: SUCCESS, 5,2,1,3,4
play_match: FAILURE
add_team: SUCCESS
get_player_cards: SUCCESS, 15
add_team: FAILURE
num_played_games_for_player: SUCCESS, 294
num_played_games_for_player: SUCCESS, 294
add_player: SUCCESS
get_ith_pointless_ability: SUCCESS, 2
play_match: FAILURE
num_played_games_for_player: SUCCESS, 294
num_played_games_for_player: SUCCESS, 294
get_player_cards: SUCCESS, 36
add_team: FAILURE
get_partial_spirit: SUCCESS, 2,3,4,5,1
add_player_cards: SUCCESS
buy_team: INVALID_INPUT
get_ith_pointless_ability: SUCCESS, 3
add_player: SUCCESS
num_played_games_for_player: SUCCESS, 80
add_player: SUCCESS
get_partial_spirit: SUCCESS, 2,3,4,5,1
play_match: FAILURE
add_player: SUCCESS
add_player: SUCCESS
get_ith_pointless_ability: SUCCESS, 3
add_player: SUCCESS
num_played_games_for_player: SUCCESS, 294
remove_team: SUCCESS
add_player: SUCCESS
play_match: INVALID_INPUT
get_player_cards: SUCCESS, 257
add_player: SUCCESS
get_partial_spirit: SUCCESS, 5,4,3,2,1
get_partial_spirit: FAILURE
add_player: SUCCESS
get_player_cards: FAILURE
get_ith_pointless_ability: SUCCESS, 2
add_player: SUCCESS
get_partial_spirit: SUCCESS, 3,1,5,4,2
get_player_cards: FAILURE
add_player: SUCCESS
add_player: SUCCESS
get_partial_spirit: SUCCESS, 4,5,3,1,2
add_player_cards: SUCCESS
num_played_games_for_player: FAILURE
num_played_games_for_player: FAILURE
get_partial_spirit: SUCCESS, 3,2,1,4,5
num_played_games_for_player: FAILURE
play_match: INVALID_INPUT
num_played_games_for_player: FAILURE
get_ith_pointless_ability: SUCCESS, 2
get_team_points: SUCCESS, 0
add_player: SUCCESS
add_player: SUCCESS
num_played_games_for_player: FAILURE
get_partial_spirit: SUCCESS, 1,2,3,4,5
add_player: SUCCESS
add_player_cards: SUCCESS
get_ith_pointless_ability: SUCCESS, 2
get_player_cards: SUCCESS, 282
add_player_cards: SUCCESS
add_player: SUCCESS
get_partial_spirit: FAILURE
get_team_points: SUCCESS, 0
add_player_cards: SUCCESS
play_match: INVALID_INPUT
add_player_cards: SUCCESS
add_player: SUCCESS
get_player_cards: FAILURE
get_team_points: SUCCESS, 0
add_team: FAILURE
add_player: SUCCESS
add_player: SUCCESS
add_player: SUCCESS
get_team_points: SUCCESS, 0
get_partial_spirit: SUCCESS, 5,4,3,2,1
get_team_points: SUCCESS, 0
add_team: FAILURE
buy_team: INVALID_INPUT
get_ith_pointless_ability: SUCCESS, 2
get_partial_spirit: SUCCESS, 4,5,2,3,1
play_match: INVALID_INPUT
get_team_points: SUCCESS, 0
get_partial_spirit: FAILURE
num_played_games_for_player: SUCCESS, 60
play_match: INVALID_INPUT
get_ith_pointless_ability: SUCCESS, 2
get_ith_pointless_ability: SUCCESS, 2
buy_team: INVALID_INPUT
