add_team: SUCCESS
add_team: SUCCESS
add_player: SUCCESS
get_player_cards: SUCCESS, 24
add_player: SUCCESS
remove_team: SUCCESS
num_played_games_for_player: SUCCESS, 123
add_team: SUCCESS
get_player_cards: SUCCESS, 24
add_team: FAILURE
get_team_points: SUCCESS, 0
add_player: SUCCESS
add_player: SUCCESS
num_played_games_for_player: SUCCESS, 123
add_player: SUCCESS
add_player: SUCCESS
buy_team: INVALID_INPUT
get_ith_pointless_ability: SUCCESS, 1
add_player: SUCCESS
add_player_cards: SUCCESS
num_played_games_for_player: SUCCESS, 184
get_player_cards: SUCCESS, 112
buy_team: INVALID_INPUT
add_team: FAILURE
add_player: SUCCESS
get_team_points: SUCCESS, 0
get_team_points: SUCCESS, 0
get_partial_spirit: SUCCESS, 1,3,4,5,2
get_partial_spirit: SUCCESS, 5,3,2,1,4
get_partial_spirit: SUCCESS, 1,3,2,5,4
get_ith_pointless_ability: SUCCESS, 1
get_ith_pointless_ability: SUCCESS, 2
add_player: SUCCESS
get_team_points: SUCCESS, 0
add_player: SUCCESS
get_partial_spirit: SUCCESS, 1,2,4,3,5
buy_team: INVALID_INPUT
add_team: FAILURE
add_team: FAILURE
buy_team: INVALID_INPUT
buy_team: INVALID_INPUT
num_played_games_for_player: SUCCESS, 9
buy_team: INVALID_INPUT
add_player_cards: SUCCESS
add_team: FAILURE
add_team: FAILURE
add_team: FAILURE
num_played_games_for_player: SUCCESS, 284
add_player_cards: SUCCESS
get_team_points: SUCCESS, 0
add_player_cards: SUCCESS
add_player: SUCCESS
add_player: SUCCESS
get_ith_pointless_ability: SUCCESS, 1
get_team_points: SUCCESS, 0
add_player: SUCCESS
add_player: SUCCESS
get_ith_pointless_ability: SUCCESS, 2
get_team_points: SUCCESS, 0
add_team: FAILURE
get_partial_spirit: SUCCESS, 1,3,5,4,2
get_partial_spirit: SUCCESS, 3,4,1,2,5
add_player: SUCCESS
add_player_cards: SUCCESS
num_played_games_for_player: SUCCESS, 123
get_ith_pointless_ability: SUCCESS, 2
get_player_cards: SUCCESS, 384
num_played_games_for_player: SUCCESS, 156
add_player_cards: SUCCESS
get_team_points: SUCCESS, 0
get_ith_pointless_ability: SUCCESS, 2
add_player: SUCCESS
add_player_cards: SUCCESS
get_partial_spirit: SUCCESS, 1,4,5,2,3
buy_team: INVALID_INPUT
get_partial_spirit: SUCCESS, 4,2,5,1,3
add_player: SUCCESS
get_player_cards: SUCCESS, 384
num_played_games_for_player: SUCCESS, 156
num_played_games_for_player: SUCCESS, 123
buy_team: INVALID_INPUT
get_ith_pointless_ability: SUCCESS, 2
get_ith_pointless_ability: SUCCESS, 1
add_player: SUCCESS
get_partial_spirit: SUCCESS, 1,2,4,3,5
add_player_cards: SUCCESS
