add_team: SUCCESS
add_team: SUCCESS
add_player: SUCCESS
play_match: FAILURE
remove_team: SUCCESS
add_player: SUCCESS
get_team_points: SUCCESS, 0
get_ith_pointless_ability: FAILURE
get_partial_spirit: SUCCESS, 4,3,1,2,5
add_player: SUCCESS
get_team_points: SUCCESS, 0
get_partial_spirit: SUCCESS, 2,4,5,1,3
add_team: SUCCESS
num_played_games_for_player: FAILURE
buy_team: INVALID_INPUT
buy_team: INVALID_INPUT
add_team: FAILURE
add_player_cards: SUCCESS
add_team: FAILURE
get_partial_spirit: SUCCESS, 2,4,5,1,3
add_team: FAILURE
add_player_cards: SUCCESS
num_played_games_for_player: FAILURE
buy_team: INVALID_INPUT
play_match: INVALID_INPUT
play_match: INVALID_INPUT
buy_team: INVALID_INPUT
add_player_cards: SUCCESS
get_team_points: SUCCESS, 0
add_team: FAILURE
add_player: SUCCESS
buy_team: INVALID_INPUT
add_player: SUCCESS
add_player: SUCCESS
get_team_points: SUCCESS, 0
add_player: SUCCESS
add_player: SUCCESS
get_ith_pointless_ability: SUCCESS, 3
add_player: SUCCESS
num_played_games_for_player: SUCCESS, 295
get_team_points: SUCCESS, 0
add_player: SUCCESS
get_player_cards: SUCCESS, 491
play_match: INVALID_INPUT
get_partial_spirit: SUCCESS, 2,4,1,5,3
add_player: SUCCESS
buy_team: INVALID_INPUT
num_played_games_for_player: SUCCESS, 75
play_match: INVALID_INPUT
add_team: FAILURE
play_match: INVALID_INPUT
add_player: SUCCESS
add_player: SUCCESS
get_player_cards: SUCCESS, 58
get_team_points: SUCCESS, 0
get_player_cards: SUCCESS, 684
add_team: FAILURE
add_player: SUCCESS
play_match: INVALID_INPUT
add_team: FAILURE
get_ith_pointless_ability: SUCCESS, 3
get_team_points: SUCCESS, 0
get_team_points: SUCCESS, 0
num_played_games_for_player: SUCCESS, 17
get_ith_pointless_ability: SUCCESS, 2
play_match: INVALID_INPUT
add_player_cards: SUCCESS
add_team: FAILURE
play_match: INVALID_INPUT
get_ith_pointless_ability: SUCCESS, 2
add_player_cards: SUCCESS
num_played_games_for_player: SUCCESS, 200
add_player: SUCCESS
add_team: FAILURE
add_player: SUCCESS
get_team_points: SUCCESS, 0
add_player: SUCCESS
add_team: FAILURE
add_player: SUCCESS
get_ith_pointless_ability: SUCCESS, 2
add_player: SUCCESS
get_ith_pointless_ability: SUCCESS, 2
num_played_games_for_player: SUCCESS, 285
play_match: INVALID_INPUT
