add_team: SUCCESS
add_team: SUCCESS
add_player: SUCCESS
buy_team: INVALID_INPUT
add_team: SUCCESS
get_team_points: SUCCESS, 0
add_player_cards: SUCCESS
add_team: FAILURE
remove_team: SUCCESS
num_played_games_for_player: FAILURE
get_team_points: SUCCESS, 0
num_played_games_for_player: FAILURE
add_team: SUCCESS
add_team: FAILURE
buy_team: INVALID_INPUT
add_player: SUCCESS
add_team: FAILURE
get_player_cards: SUCCESS, 202
buy_team: INVALID_INPUT
get_ith_pointless_ability: SUCCESS, 3
add_player: SUCCESS
get_team_points: SUCCESS, 0
get_team_points: SUCCESS, 0
add_team: FAILURE
buy_team: INVALID_INPUT
get_partial_spirit: SUCCESS, 4,5,3,1,2
add_player_cards: SUCCESS
add_player: SUCCESS
add_player_cards: SUCCESS
add_team: FAILURE
add_player_cards: SUCCESS
get_partial_spirit: FAILURE
get_partial_spirit: SUCCESS, 4,5,3,1,2
get_partial_spirit: FAILURE
add_team: FAILURE
get_team_points: SUCCESS, 0
get_partial_spirit: SUCCESS, 2,4,1,3,5
add_player: SUCCESS
get_team_points: SUCCESS, 0
get_team_points: SUCCESS, 0
get_partial_spirit: SUCCESS, 4,5,3,1,2
get_team_points: SUCCESS, 0
get_player_cards: SUCCESS, 42
play_match: INVALID_INPUT
get_partial_spirit: SUCCESS, 4,5,3,1,2
add_team: FAILURE
buy_team: INVALID_INPUT
get_partial_spirit: SUCCESS, 2,4,1,3,5
add_player_cards: SUCCESS
add_player_cards: FAILURE
get_partial_spirit: FAILURE
buy_team: INVALID_INPUT
add_player: SUCCESS
add_player: SUCCESS
add_team: FAILURE
get_ith_pointless_ability: SUCCESS, 3
num_played_games_for_player: SUCCESS, 124
buy_team: INVALID_INPUT
add_player: SUCCESS
add_player: SUCCESS
get_ith_pointless_ability: SUCCESS, 2
add_player: SUCCESS
get_partial_spirit: SUCCESS, 1,4,3,5,2
add_team: FAILURE
get_player_cards: SUCCESS, 42
play_match: INVALID_INPUT
add_player: SUCCESS
num_played_games_for_player: SUCCESS, 117
get_team_points: SUCCESS, 0
num_played_games_for_player: SUCCESS, 124
add_player: SUCCESS
get_team_points: SUCCESS, 0
get_ith_pointless_ability: SUCCESS, 2
buy_team: INVALID_INPUT
get_player_cards: SUCCESS, 2
get_player_cards: SUCCESS, 2
add_player: SUCCESS
num_played_games_for_player: SUCCESS, 252
get_team_points: SUCCESS, 0
get_ith_pointless_ability: SUCCESS, 3
get_player_cards: SUCCESS, 119
add_player: SUCCESS
get_ith_pointless_ability: SUCCESS, 3
get_team_points: SUCCESS, 0
play_match: INVALID_INPUT
get_team_points: SUCCESS, 0
