add_team: SUCCESS
add_team: SUCCESS
add_player: SUCCESS
get_team_points: SUCCESS, 0
add_team: SUCCESS
add_player_cards: SUCCESS
add_player: SUCCESS
add_player: SUCCESS
add_player: SUCCESS
get_team_points: SUCCESS, 0
add_player: SUCCESS
add_player: SUCCESS
buy_team: INVALID_INPUT
get_player_cards: SUCCESS, 403
play_match: FAILURE
get_ith_pointless_ability: SUCCESS, 2
add_player: SUCCESS
get_player_cards: SUCCESS, 403
get_player_cards: SUCCESS, 235
remove_team: SUCCESS
buy_team: INVALID_INPUT
get_partial_spirit: SUCCESS, 4,2,1,5,3
add_team: FAILURE
add_player: SUCCESS
add_player: SUCCESS
play_match: INVALID_INPUT
get_ith_pointless_ability: SUCCESS, 2
get_player_cards: SUCCESS, 80
add_player: SUCCESS
add_player: SUCCESS
add_team: FAILURE
get_ith_pointless_ability: SUCCESS, 2
add_player: SUCCESS
add_player: SUCCESS
add_player: SUCCESS
get_player_cards: SUCCESS, 126
num_played_games_for_player: SUCCESS, 179
add_player: SUCCESS
play_match: INVALID_INPUT
add_player: SUCCESS
get_ith_pointless_ability: SUCCESS, 2
get_player_cards: SUCCESS, 36
get_partial_spirit: SUCCESS, 4,2,1,5,3
get_partial_spirit: SUCCESS, 1,2,4,5,3
get_partial_spirit: SUCCESS, 1,2,4,5,3
get_ith_pointless_ability: SUCCESS, 3
add_player_cards: SUCCESS
get_team_points: SUCCESS, 0
num_played_games_for_player: SUCCESS, 16
add_player: SUCCESS
get_ith_pointless_ability: SUCCESS, 3
get_team_points: SUCCESS, 0
play_match: INVALID_INPUT
add_player: SUCCESS
play_match: INVALID_INPUT
get_partial_spirit: SUCCESS, 4,5,2,1,3
add_team: FAILURE
get_team_points: SUCCESS, 0
get_team_points: SUCCESS, 0
add_player: SUCCESS
add_player: SUCCESS
buy_team: INVALID_INPUT
get_player_cards: SUCCESS, 105
add_team: FAILURE
get_partial_spirit: SUCCESS, 1,5,2,4,3
get_player_cards: SUCCESS, 29
add_player: SUCCESS
add_player_cards: SUCCESS
add_player: SUCCESS
add_player_cards: SUCCESS
get_partial_spirit: SUCCESS, 1,5,2,4,3
get_partial_spirit: SUCCESS, 1,2,4,5,3
add_team: FAILURE
add_team: FAILURE
get_player_cards: SUCCESS, 112
play_match: INVALID_INPUT
buy_team: INVALID_INPUT
add_team: FAILURE
add_team: FAILURE
add_player: SUCCESS
get_team_points: SUCCESS, 0
add_player: SUCCESS
play_match: INVALID_INPUT
get_player_cards: SUCCESS, 95
get_partial_spirit: SUCCESS, 4,3,5,1,2
get_ith_pointless_ability: SUCCESS, 2
get_player_cards: SUCCESS, 96
num_played_games_for_player: SUCCESS, 179
add_player: SUCCESS
add_player: SUCCESS
get_player_cards: SUCCESS, 80
