add_team: SUCCESS
add_team: SUCCESS
add_player: SUCCESS
add_team: SUCCESS
remove_team: SUCCESS
add_player: SUCCESS
get_team_points: SUCCESS, 0
play_match: INVALID_INPUT
add_player_cards: SUCCESS
play_match: INVALID_INPUT
buy_team: INVALID_INPUT
get_team_points: SUCCESS, 0
add_player: SUCCESS
add_player: SUCCESS
add_player: SUCCESS
add_team: FAILURE
add_player_cards: SUCCESS
get_player_cards: FAILURE
get_team_points: SUCCESS, 0
add_player: SUCCESS
add_player: SUCCESS
get_ith_pointless_ability: SUCCESS, 3
add_team: FAILURE
num_played_games_for_player: FAILURE
add_player: SUCCESS
add_team: FAILURE
add_player: SUCCESS
play_match: INVALID_INPUT
get_ith_pointless_ability: SUCCESS, 2
add_player: SUCCESS
add_player: SUCCESS
get_team_points: SUCCESS, 0
get_team_points: SUCCESS, 0
add_player: SUCCESS
get_partial_spirit: SUCCESS, 1,5,2,3,4
play_match: INVALID_INPUT
add_player_cards: SUCCESS
get_partial_spirit: SUCCESS, 1,4,3,2,5
play_match: INVALID_INPUT
play_match: INVALID_INPUT
buy_team: INVALID_INPUT
get_partial_spirit: SUCCESS, 4,2,1,5,3
num_played_games_for_player: FAILURE
add_team: FAILURE
num_played_games_for_player: SUCCESS, 249
add_player: SUCCESS
buy_team: INVALID_INPUT
get_partial_spirit: SUCCESS, 3,1,2,4,5
num_played_games_for_player: SUCCESS, 249
get_player_cards: SUCCESS, 310
num_played_games_for_player: SUCCESS, 249
add_player: SUCCESS
buy_team: INVALID_INPUT
num_played_games_for_player: SUCCESS, 171
get_player_cards: SUCCESS, 96
add_team: FAILURE
get_ith_pointless_ability: SUCCESS, 3
get_team_points: SUCCESS, 0
add_player: SUCCESS
add_player_cards: SUCCESS
add_player: SUCCESS
add_player_cards: SUCCESS
get_team_points: SUCCESS, 0
add_player_cards: FAILURE
get_ith_pointless_ability: SUCCESS, 3
num_played_games_for_player: SUCCESS, 224
get_partial_spirit: SUCCESS, 1,4,3,2,5
get_team_points: SUCCESS, 0
add_team: FAILURE
add_team: FAILURE
get_player_cards: SUCCESS, 277
add_team: FAILURE
get_team_points: SUCCESS, 0
add_player_cards: SUCCESS
play_match: INVALID_INPUT
buy_team: INVALID_INPUT
add_player: SUCCESS
num_played_games_for_player: SUCCESS, 139
add_player: SUCCESS
play_match: INVALID_INPUT
get_player_cards: SUCCESS, 279
add_player: SUCCESS
add_player: SUCCESS
buy_team: INVALID_INPUT
