add_team: SUCCESS
add_team: SUCCESS
add_player: SUCCESS
add_player: SUCCESS
add_player: SUCCESS
get_partial_spirit: SUCCESS, 2,1,4,5,3
add_player: SUCCESS
get_ith_pointless_ability: SUCCESS, 1
play_match: FAILURE
add_player: SUCCESS
play_match: FAILURE
num_played_games_for_player: SUCCESS, 88
add_team: SUCCESS
add_player: SUCCESS
get_ith_pointless_ability: SUCCESS, 1
get_player_cards: SUCCESS, 89
num_played_games_for_player: SUCCESS, 7
get_partial_spirit: SUCCESS, 3,4,1,2,5
add_player_cards: SUCCESS
get_ith_pointless_ability: SUCCESS, 3
add_player_cards: SUCCESS
remove_team: SUCCESS
play_match: INVALID_INPUT
get_ith_pointless_ability: SUCCESS, 2
add_player: SUCCESS
get_ith_pointless_ability: SUCCESS, 3
add_player: SUCCESS
get_team_points: SUCCESS, 0
get_player_cards: SUCCESS, 350
play_match: INVALID_INPUT
add_player: SUCCESS
get_partial_spirit: SUCCESS, 3,2,5,1,4
get_partial_spirit: SUCCESS, 2,5,3,1,4
add_player: SUCCESS
get_partial_spirit: SUCCESS, 1,5,3,2,4
add_team: FAILURE
add_player: SUCCESS
play_match: INVALID_INPUT
buy_team: INVALID_INPUT
add_player: SUCCESS
add_player: SUCCESS
num_played_games_for_player: SUCCESS, 46
play_match: INVALID_INPUT
play_match: INVALID_INPUT
add_player: SUCCESS
play_match: INVALID_INPUT
add_player: SUCCESS
get_ith_pointless_ability: SUCCESS, 2
add_team: FAILURE
add_player: SUCCESS
get_team_points: SUCCESS, 0
get_ith_pointless_ability: SUCCESS, 3
add_player: SUCCESS
add_player: SUCCESS
add_player: SUCCESS
add_player: SUCCESS
get_player_cards: FAILURE
add_team: FAILURE
add_player: SUCCESS
get_player_cards: SUCCESS, 222
get_partial_spirit: SUCCESS, 3,2,5,1,4
add_player: SUCCESS
get_team_points: SUCCESS, 0
get_player_cards: FAILURE
get_player_cards: SUCCESS, 298
get_partial_spirit: SUCCESS, 4,5,3,1,2
add_team: FAILURE
buy_team: INVALID_INPUT
add_player: SUCCESS
add_player: SUCCESS
buy_team: INVALID_INPUT
get_team_points: SUCCESS, 0
get_team_points: SUCCESS, 0
add_player: SUCCESS
get_team_points: SUCCESS, 0
get_partial_spirit: SUCCESS, 3,1,2,5,4
buy_team: INVALID_INPUT
add_team: FAILURE
get_partial_spirit: SUCCESS, 4,5,1,2,3
get_ith_pointless_ability: SUCCESS, 2
get_player_cards: SUCCESS, 350
add_player: SUCCESS
add_team: FAILURE
get_partial_spirit: SUCCESS, 3,4,1,2,5
add_player_cards: SUCCESS
buy_team: INVALID_INPUT
play_match: INVALID_INPUT
buy_team: INVALID_INPUT
add_player: SUCCESS
add_player_cards: SUCCESS
add_player: SUCCESS
