add_team: SUCCESS
add_team: SUCCESS
add_player: SUCCESS
add_player: SUCCESS
get_partial_spirit: SUCCESS, 3,1,5,4,2
add_player_cards: SUCCESS
add_player: SUCCESS
add_player_cards: SUCCESS
add_player_cards: SUCCESS
get_team_points: SUCCESS, 0
get_ith_pointless_ability: SUCCESS, 1
add_player: SUCCESS
remove_team: SUCCESS
buy_team: INVALID_INPUT
get_partial_spirit: SUCCESS, 3,1,5,4,2
get_partial_spirit: SUCCESS, 2,4,3,1,5
get_ith_pointless_ability: FAILURE
buy_team: INVALID_INPUT
get_ith_pointless_ability: SUCCESS, 1
get_ith_pointless_ability: FAILURE
add_player_cards: SUCCESS
buy_team: INVALID_INPUT
num_played_games_for_player: SUCCESS, 109
get_ith_pointless_ability: SUCCESS, 1
play_match: INVALID_INPUT
get_player_cards: SUCCESS, 418
get_ith_pointless_ability: FAILURE
get_ith_pointless_ability: FAILURE
num_played_games_for_player: SUCCESS, 109
add_player: SUCCESS
add_player: SUCCESS
get_player_cards: SUCCESS, 418
num_played_games_for_player: SUCCESS, 216
get_partial_spirit: SUCCESS, 2,4,3,1,5
play_match: INVALID_INPUT
add_player: SUCCESS
get_player_cards: SUCCESS, 418
get_partial_spirit: SUCCESS, 4,3,5,2,1
get_player_cards: SUCCESS, 418
add_player: SUCCESS
buy_team: INVALID_INPUT
get_ith_pointless_ability: FAILURE
buy_team: INVALID_INPUT
num_played_games_for_player: SUCCESS, 216
get_player_cards: SUCCESS, 384
get_team_points: SUCCESS, 0
add_player: SUCCESS
add_player: SUCCESS
add_team: SUCCESS
num_played_games_for_player: SUCCESS, 216
get_partial_spirit: SUCCESS, 4,3,5,2,1
add_team: FAILURE
add_player: SUCCESS
buy_team: INVALID_INPUT
get_ith_pointless_ability: SUCCESS, 1
num_played_games_for_player: SUCCESS, 109
add_player: SUCCESS
play_match: INVALID_INPUT
buy_team: INVALID_INPUT
add_player: SUCCESS
get_team_points: SUCCESS, 0
get_ith_pointless_ability: SUCCESS, 2
buy_team: INVALID_INPUT
add_player_cards: SUCCESS
get_partial_spirit: SUCCESS, 5,4,1,3,2
add_player: SUCCESS
get_player_cards: SUCCESS, 429
num_played_games_for_player: SUCCESS, 205
get_player_cards: SUCCESS, 418
add_player_cards: SUCCESS
play_match: INVALID_INPUT
get_partial_spirit: SUCCESS, 3,4,1,2,5
num_played_games_for_player: SUCCESS, 216
add_player: SUCCESS
add_team: FAILURE
add_player: SUCCESS
add_player_cards: SUCCESS
add_player: SUCCESS
play_match: INVALID_INPUT
add_player_cards: SUCCESS
buy_team: INVALID_INPUT
get_partial_spirit: SUCCESS, 4,5,1,2,3
get_ith_pointless_ability: SUCCESS, 2
add_team: FAILURE
get_player_cards: FAILURE
add_player: SUCCESS
get_ith_pointless_ability: SUCCESS, 1
add_player: SUCCESS
num_played_games_for_player: SUCCESS, 205
play_match: INVALID_INPUT
