add_team: SUCCESS
add_team: SUCCESS
add_player: SUCCESS
add_player_cards: SUCCESS
get_player_cards: SUCCESS, 202
play_match: FAILURE
add_player: SUCCESS
get_partial_spirit: SUCCESS, 3,5,2,4,1
add_player: SUCCESS
get_player_cards: SUCCESS, 202
add_player_cards: SUCCESS
add_player: SUCCESS
get_player_cards: SUCCESS, 33
add_player: SUCCESS
add_player: SUCCESS
add_team: SUCCESS
add_player: SUCCESS
buy_team: SUCCESS
add_team: FAILURE
add_player: FAILURE
num_played_games_for_player: SUCCESS, 109
num_played_games_for_player: SUCCESS, 39
add_player_cards: SUCCESS
get_ith_pointless_ability: SUCCESS, 1
add_player: FAILURE
add_player: FAILURE
add_team: FAILURE
get_partial_spirit: SUCCESS, 4,2,3,1,5
play_match: FAILURE
num_played_games_for_player: SUCCESS, 141
remove_team: SUCCESS
play_match: INVALID_INPUT
add_player: FAILURE
buy_team: INVALID_INPUT
get_ith_pointless_ability: FAILURE
add_team: FAILURE
num_played_games_for_player: FAILURE
get_ith_pointless_ability: SUCCESS, 3
get_team_points: FAILURE
add_player: FAILURE
num_played_games_for_player: FAILURE
get_partial_spirit: FAILURE
buy_team: INVALID_INPUT
num_played_games_for_player: FAILURE
buy_team: INVALID_INPUT
add_team: FAILURE
add_player_cards: FAILURE
play_match: INVALID_INPUT
add_player: FAILURE
get_player_cards: FAILURE
add_player_cards: FAILURE
get_ith_pointless_ability: SUCCESS, 3
add_player: FAILURE
get_partial_spirit: FAILURE
get_player_cards: FAILURE
get_team_points: FAILURE
get_partial_spirit: FAILURE
get_player_cards: FAILURE
add_team: FAILURE
get_ith_pointless_ability: FAILURE
get_partial_spirit: FAILURE
get_ith_pointless_ability: FAILURE
add_player: FAILURE
get_team_points: FAILURE
get_team_points: FAILURE
add_player: FAILURE
get_partial_spirit: FAILURE
get_partial_spirit: FAILURE
add_player: FAILURE
add_player: FAILURE
add_team: FAILURE
add_player: FAILURE
add_team: FAILURE
add_player: FAILURE
play_match: INVALID_INPUT
add_player: FAILURE
add_player: FAILURE
add_player: FAILURE
buy_team: INVALID_INPUT
get_ith_pointless_ability: FAILURE
get_partial_spirit: FAILURE
add_team: FAILURE
get_player_cards: FAILURE
