add_team: SUCCESS
add_team: SUCCESS
add_player: SUCCESS
add_player: SUCCESS
add_player: SUCCESS
add_player_cards: SUCCESS
play_match: FAILURE
get_partial_spirit: SUCCESS, 1,4,5,3,2
remove_team: SUCCESS
add_player: SUCCESS
num_played_games_for_player: SUCCESS, 251
add_player: SUCCESS
num_played_games_for_player: SUCCESS, 88
add_player: SUCCESS
add_player: SUCCESS
num_played_games_for_player: SUCCESS, 251
get_partial_spirit: SUCCESS, 5,2,3,4,1
get_player_cards: SUCCESS, 159
add_player: SUCCESS
add_player_cards: SUCCESS
get_partial_spirit: SUCCESS, 4,1,2,3,5
get_ith_pointless_ability: SUCCESS, 1
get_player_cards: SUCCESS, 184
buy_team: INVALID_INPUT
num_played_games_for_player: SUCCESS, 88
get_player_cards: SUCCESS, 151
get_team_points: SUCCESS, 0
add_team: SUCCESS
buy_team: INVALID_INPUT
get_player_cards: SUCCESS, 151
add_team: FAILURE
add_player: SUCCESS
buy_team: INVALID_INPUT
play_match: INVALID_INPUT
get_player_cards: SUCCESS, 616
play_match: INVALID_INPUT
get_player_cards: SUCCESS, 78
get_team_points: SUCCESS, 0
play_match: INVALID_INPUT
get_partial_spirit: SUCCESS, 4,1,2,3,5
add_player: SUCCESS
get_ith_pointless_ability: SUCCESS, 2
play_match: INVALID_INPUT
num_played_games_for_player: SUCCESS, 88
buy_team: INVALID_INPUT
get_partial_spirit: SUCCESS, 3,4,5,1,2
add_player_cards: SUCCESS
play_match: INVALID_INPUT
get_team_points: SUCCESS, 0
get_player_cards: SUCCESS, 159
get_partial_spirit: SUCCESS, 4,1,2,3,5
add_player_cards: SUCCESS
play_match: INVALID_INPUT
get_partial_spirit: SUCCESS, 1,4,5,3,2
add_player: SUCCESS
get_partial_spirit: SUCCESS, 1,3,5,2,4
get_ith_pointless_ability: SUCCESS, 2
add_player_cards: SUCCESS
add_player: SUCCESS
get_ith_pointless_ability: SUCCESS, 1
add_player: SUCCESS
add_player_cards: SUCCESS
get_partial_spirit: SUCCESS, 2,3,5,1,4
get_ith_pointless_ability: SUCCESS, 2
get_partial_spirit: SUCCESS, 5,2,3,4,1
buy_team: INVALID_INPUT
get_team_points: SUCCESS, 0
add_team: FAILURE
get_team_points: SUCCESS, 0
play_match: INVALID_INPUT
get_player_cards: SUCCESS, 631
get_ith_pointless_ability: SUCCESS, 2
num_played_games_for_player: SUCCESS, 293
play_match: INVALID_INPUT
get_partial_spirit: SUCCESS, 4,1,2,3,5
get_team_points: SUCCESS, 0
buy_team: INVALID_INPUT
play_match: INVALID_INPUT
num_played_games_for_player: SUCCESS, 143
get_partial_spirit: SUCCESS, 1,4,2,5,3
get_ith_pointless_ability: SUCCESS, 1
add_player: SUCCESS
add_team: FAILURE
add_player: SUCCESS
num_played_games_for_player: SUCCESS, 160
num_played_games_for_player: SUCCESS, 143
get_ith_pointless_ability: SUCCESS, 2
get_partial_spirit: SUCCESS, 1,4,2,5,3
play_match: INVALID_INPUT
add_player_cards: SUCCESS
add_player: SUCCESS
