add_team: SUCCESS
add_team: SUCCESS
add_player: SUCCESS
get_team_points: SUCCESS, 0
play_match: FAILURE
add_player_cards: SUCCESS
add_team: SUCCESS
remove_team: SUCCESS
add_player: SUCCESS
get_team_points: SUCCESS, 0
add_player: SUCCESS
get_team_points: SUCCESS, 0
add_player: SUCCESS
get_player_cards: SUCCESS, 66
add_player: SUCCESS
add_team: FAILURE
add_player: SUCCESS
add_team: FAILURE
get_team_points: SUCCESS, 0
add_player: SUCCESS
add_player_cards: SUCCESS
add_player_cards: SUCCESS
play_match: INVALID_INPUT
add_player: SUCCESS
num_played_games_for_player: SUCCESS, 13
add_player: SUCCESS
get_ith_pointless_ability: SUCCESS, 2
get_ith_pointless_ability: SUCCESS, 3
add_player: SUCCESS
play_match: INVALID_INPUT
add_player: SUCCESS
get_team_points: SUCCESS, 0
get_player_cards: SUCCESS, 81
add_player: SUCCESS
add_player: SUCCESS
buy_team: INVALID_INPUT
get_partial_spirit: SUCCESS, 4,1,2,3,5
get_team_points: SUCCESS, 0
add_player_cards: SUCCESS
add_player: SUCCESS
add_player: SUCCESS
add_player: SUCCESS
add_team: FAILURE
get_player_cards: SUCCESS, 181
get_ith_pointless_ability: SUCCESS, 2
add_team: FAILURE
add_player: SUCCESS
add_player: SUCCESS
num_played_games_for_player: SUCCESS, 20
buy_team: INVALID_INPUT
add_player: SUCCESS
num_played_games_for_player: SUCCESS, 49
get_team_points: SUCCESS, 0
get_player_cards: SUCCESS, 45
add_player: SUCCESS
add_player_cards: SUCCESS
buy_team: INVALID_INPUT
add_player: SUCCESS
add_player: SUCCESS
add_player_cards: SUCCESS
get_player_cards: SUCCESS, 66
buy_team: INVALID_INPUT
buy_team: INVALID_INPUT
buy_team: INVALID_INPUT
add_team: FAILURE
num_played_games_for_player: SUCCESS, 230
get_ith_pointless_ability: SUCCESS, 2
add_team: FAILURE
get_player_cards: SUCCESS, 346
add_team: FAILURE
add_player: SUCCESS
get_team_points: SUCCESS, 0
get_ith_pointless_ability: SUCCESS, 2
get_ith_pointless_ability: SUCCESS, 2
num_played_games_for_player: SUCCESS, 299
get_team_points: SUCCESS, 0
get_team_points: SUCCESS, 0
add_player: SUCCESS
get_team_points: SUCCESS, 0
play_match: INVALID_INPUT
add_player: SUCCESS
get_partial_spirit: SUCCESS, 1,5,4,2,3
buy_team: INVALID_INPUT
get_player_cards: SUCCESS, 249
play_match: INVALID_INPUT
add_team: FAILURE
add_player: SUCCESS
add_player: SUCCESS
