add_team: SUCCESS
add_team: SUCCESS
add_player: SUCCESS
add_player: SUCCESS
add_player: SUCCESS
add_player: SUCCESS
get_partial_spirit: SUCCESS, 5,3,2,1,4
add_player: SUCCESS
play_match: FAILURE
get_ith_pointless_ability: FAILURE
get_player_cards: SUCCESS, 300
remove_team: SUCCESS
play_match: INVALID_INPUT
get_team_points: SUCCESS, 0
get_partial_spirit: SUCCESS, 2,1,4,3,5
add_team: SUCCESS
add_player: SUCCESS
add_player_cards: SUCCESS
get_player_cards: SUCCESS, 297
add_player: SUCCESS
play_match: INVALID_INPUT
get_partial_spirit: SUCCESS, 2,5,1,3,4
get_player_cards: SUCCESS, 66
play_match: INVALID_INPUT
add_player: SUCCESS
add_player: SUCCESS
get_partial_spirit: SUCCESS, 2,1,4,3,5
get_partial_spirit: SUCCESS, 2,1,4,3,5
add_player: SUCCESS
num_played_games_for_player: SUCCESS, 279
add_player_cards: SUCCESS
add_player: SUCCESS
buy_team: INVALID_INPUT
get_partial_spirit: SUCCESS, 5,3,4,2,1
num_played_games_for_player: SUCCESS, 80
get_ith_pointless_ability: SUCCESS, 2
play_match: INVALID_INPUT
get_ith_pointless_ability: SUCCESS, 3
add_player: SUCCESS
num_played_games_for_player: SUCCESS, 74
play_match: INVALID_INPUT
num_played_games_for_player: SUCCESS, 176
add_player_cards: SUCCESS
add_team: FAILURE
play_match: INVALID_INPUT
get_ith_pointless_ability: SUCCESS, 3
add_player: SUCCESS
add_player: SUCCESS
add_player: SUCCESS
add_player_cards: SUCCESS
num_played_games_for_player: SUCCESS, 219
add_player: SUCCESS
add_player: SUCCESS
get_team_points: SUCCESS, 0
get_player_cards: SUCCESS, 714
play_match: INVALID_INPUT
add_player: SUCCESS
get_partial_spirit: SUCCESS, 5,1,2,3,4
add_player_cards: SUCCESS
add_player_cards: SUCCESS
add_player: SUCCESS
buy_team: INVALID_INPUT
num_played_games_for_player: SUCCESS, 64
num_played_games_for_player: SUCCESS, 253
add_player: SUCCESS
add_player: SUCCESS
add_player_cards: SUCCESS
add_player: SUCCESS
play_match: INVALID_INPUT
get_partial_spirit: SUCCESS, 2,5,1,3,4
get_team_points: SUCCESS, 0
buy_team: INVALID_INPUT
add_player: SUCCESS
add_team: FAILURE
get_ith_pointless_ability: SUCCESS, 2
get_partial_spirit: SUCCESS, 5,2,3,1,4
add_player: SUCCESS
add_player_cards: SUCCESS
get_ith_pointless_ability: SUCCESS, 3
num_played_games_for_player: SUCCESS, 30
add_team: FAILURE
buy_team: INVALID_INPUT
num_played_games_for_player: SUCCESS, 277
get_partial_spirit: SUCCESS, 2,1,3,5,4
add_player: SUCCESS
add_player: SUCCESS
get_partial_spirit: SUCCESS, 5,2,3,1,4
add_team: FAILURE
get_partial_spirit: SUCCESS, 5,3,4,2,1
get_partial_spirit: SUCCESS, 1,5,4,3,2
