add_team: SUCCESS
add_team: SUCCESS
add_player: SUCCESS
add_player: SUCCESS
play_match: FAILURE
add_player: SUCCESS
get_partial_spirit: SUCCESS, 4,1,2,5,3
add_player: SUCCESS
get_ith_pointless_ability: SUCCESS, 2
add_player: SUCCESS
add_player: SUCCESS
remove_team: SUCCESS
add_player_cards: SUCCESS
add_player: SUCCESS
num_played_games_for_player: SUCCESS, 61
get_player_cards: SUCCESS, 150
add_player: SUCCESS
get_partial_spirit: SUCCESS, 5,4,1,3,2
buy_team: INVALID_INPUT
add_team: SUCCESS
get_team_points: SUCCESS, 0
play_match: INVALID_INPUT
add_player_cards: SUCCESS
buy_team: INVALID_INPUT
add_player_cards: SUCCESS
add_player: SUCCESS
add_player: SUCCESS
add_player: SUCCESS
add_player: SUCCESS
add_player: SUCCESS
add_player: SUCCESS
get_ith_pointless_ability: SUCCESS, 1
add_player: SUCCESS
get_player_cards: SUCCESS, 219
add_player: SUCCESS
add_team: FAILURE
add_player: SUCCESS
get_player_cards: SUCCESS, 395
get_partial_spirit: SUCCESS, 4,5,2,3,1
add_player: SUCCESS
num_played_games_for_player: SUCCESS, 169
buy_team: INVALID_INPUT
get_ith_pointless_ability: SUCCESS, 2
get_player_cards: SUCCESS, 98
buy_team: INVALID_INPUT
get_partial_spirit: SUCCESS, 3,4,5,2,1
get_ith_pointless_ability: SUCCESS, 2
add_player: SUCCESS
add_player: SUCCESS
get_player_cards: SUCCESS, 98
num_played_games_for_player: SUCCESS, 195
add_player: SUCCESS
num_played_games_for_player: SUCCESS, 10
play_match: INVALID_INPUT
add_player_cards: SUCCESS
buy_team: INVALID_INPUT
add_player_cards: SUCCESS
add_player_cards: SUCCESS
num_played_games_for_player: SUCCESS, 145
buy_team: INVALID_INPUT
add_player: SUCCESS
add_player_cards: SUCCESS
add_player: SUCCESS
get_partial_spirit: SUCCESS, 2,4,1,5,3
get_partial_spirit: SUCCESS, 4,3,2,1,5
get_partial_spirit: SUCCESS, 4,3,2,1,5
add_player: SUCCESS
buy_team: INVALID_INPUT
play_match: INVALID_INPUT
buy_team: INVALID_INPUT
add_team: FAILURE
play_match: INVALID_INPUT
buy_team: INVALID_INPUT
get_player_cards: SUCCESS, 591
get_partial_spirit: SUCCESS, 2,4,1,5,3
play_match: INVALID_INPUT
get_partial_spirit: SUCCESS, 5,4,1,3,2
add_player_cards: SUCCESS
add_player: SUCCESS
add_team: FAILURE
get_partial_spirit: SUCCESS, 4,1,2,5,3
add_team: FAILURE
get_ith_pointless_ability: SUCCESS, 1
add_player: SUCCESS
add_player_cards: SUCCESS
get_team_points: SUCCESS, 0
buy_team: INVALID_INPUT
get_team_points: SUCCESS, 0
