add_team: SUCCESS
add_team: SUCCESS
add_player: SUCCESS
add_player: SUCCESS
get_team_points: SUCCESS, 0
add_player_cards: SUCCESS
add_player: SUCCESS
add_player_cards: SUCCESS
add_player: SUCCESS
add_player_cards: SUCCESS
get_ith_pointless_ability: SUCCESS, 1
get_player_cards: SUCCESS, 496
play_match: SUCCESS, 3
get_player_cards: SUCCESS, 496
add_player_cards: SUCCESS
add_player: SUCCESS
num_played_games_for_player: SUCCESS, 298
buy_team: SUCCESS
get_player_cards: SUCCESS, 73
get_partial_spirit: SUCCESS, 4,3,5,1,2
get_team_points: FAILURE
add_player: SUCCESS
play_match: FAILURE
buy_team: FAILURE
add_player: FAILURE
add_player: FAILURE
get_partial_spirit: SUCCESS, 4,3,5,1,2
get_ith_pointless_ability: SUCCESS, 2
buy_team: INVALID_INPUT
num_played_games_for_player: SUCCESS, 298
add_team: SUCCESS
num_played_games_for_player: SUCCESS, 298
get_player_cards: SUCCESS, 489
remove_team: SUCCESS
get_ith_pointless_ability: FAILURE
add_team: SUCCESS
add_team: FAILURE
get_player_cards: FAILURE
add_team: FAILURE
buy_team: INVALID_INPUT
get_team_points: FAILURE
add_player: FAILURE
add_player: FAILURE
play_match: INVALID_INPUT
get_team_points: FAILURE
add_team: FAILURE
add_player: FAILURE
buy_team: INVALID_INPUT
add_player: FAILURE
add_player: FAILURE
get_ith_pointless_ability: SUCCESS, 3
get_partial_spirit: FAILURE
get_ith_pointless_ability: SUCCESS, 2
buy_team: INVALID_INPUT
add_player_cards: FAILURE
get_ith_pointless_ability: SUCCESS, 3
play_match: INVALID_INPUT
buy_team: INVALID_INPUT
add_player: FAILURE
add_player: FAILURE
add_player_cards: FAILURE
add_player: FAILURE
num_played_games_for_player: FAILURE
add_team: FAILURE
add_player: FAILURE
add_team: FAILURE
get_team_points: FAILURE
add_player_cards: FAILURE
num_played_games_for_player: FAILURE
get_ith_pointless_ability: SUCCESS, 2
play_match: INVALID_INPUT
add_player: FAILURE
get_partial_spirit: FAILURE
get_ith_pointless_ability: SUCCESS, 2
add_player: FAILURE
play_match: INVALID_INPUT
buy_team: INVALID_INPUT
num_played_games_for_player: FAILURE
add_player: FAILURE
add_player_cards: FAILURE
get_partial_spirit: FAILURE
get_team_points: FAILURE
get_partial_spirit: FAILURE
buy_team: INVALID_INPUT
get_partial_spirit: FAILURE
num_played_games_for_player: FAILURE
add_player: FAILURE
add_team: FAILURE
play_match: INVALID_INPUT
add_player: FAILURE
buy_team: INVALID_INPUT
