add_team: SUCCESS
add_team: SUCCESS
add_player: SUCCESS
play_match: FAILURE
add_player: SUCCESS
get_player_cards: SUCCESS, 40
get_ith_pointless_ability: SUCCESS, 1
num_played_games_for_player: SUCCESS, 98
add_player: SUCCESS
get_player_cards: SUCCESS, 265
buy_team: INVALID_INPUT
add_player_cards: SUCCESS
add_player: SUCCESS
add_player: SUCCESS
add_player: SUCCESS
add_player: SUCCESS
play_match: SUCCESS, 3
get_ith_pointless_ability: FAILURE
buy_team: SUCCESS
remove_team: SUCCESS
add_player_cards: FAILURE
add_player: FAILURE
play_match: INVALID_INPUT
add_team: SUCCESS
add_team: FAILURE
add_player_cards: FAILURE
add_player_cards: FAILURE
add_player: FAILURE
add_player: FAILURE
add_player: FAILURE
add_player: FAILURE
get_player_cards: FAILURE
buy_team: INVALID_INPUT
get_team_points: FAILURE
num_played_games_for_player: FAILURE
buy_team: INVALID_INPUT
get_partial_spirit: FAILURE
get_ith_pointless_ability: FAILURE
add_player_cards: FAILURE
get_player_cards: FAILURE
buy_team: INVALID_INPUT
get_player_cards: FAILURE
buy_team: INVALID_INPUT
get_ith_pointless_ability: SUCCESS, 3
add_player: FAILURE
get_player_cards: FAILURE
get_player_cards: FAILURE
add_player: FAILURE
add_player: FAILURE
add_player: FAILURE
buy_team: INVALID_INPUT
buy_team: INVALID_INPUT
add_player: FAILURE
num_played_games_for_player: FAILURE
get_player_cards: FAILURE
get_ith_pointless_ability: FAILURE
add_team: FAILURE
get_team_points: FAILURE
add_player_cards: FAILURE
get_player_cards: FAILURE
add_player: FAILURE
get_player_cards: FAILURE
add_player: FAILURE
get_team_points: FAILURE
add_player: FAILURE
add_player: FAILURE
get_ith_pointless_ability: FAILURE
buy_team: INVALID_INPUT
add_player: FAILURE
add_player_cards: FAILURE
num_played_games_for_player: FAILURE
add_player_cards: FAILURE
buy_team: INVALID_INPUT
get_partial_spirit: FAILURE
add_player_cards: FAILURE
get_partial_spirit: FAILURE
get_ith_pointless_ability: SUCCESS, 3
get_team_points: FAILURE
buy_team: INVALID_INPUT
get_partial_spirit: FAILURE
add_player: FAILURE
add_player_cards: FAILURE
add_team: FAILURE
play_match: INVALID_INPUT
add_team: FAILURE
get_player_cards: FAILURE
play_match: INVALID_INPUT
add_player: FAILURE
get_team_points: FAILURE
