add_team: SUCCESS
add_team: SUCCESS
add_player: SUCCESS
buy_team: INVALID_INPUT
add_player: SUCCESS
get_team_points: SUCCESS, 0
get_team_points: SUCCESS, 0
get_ith_pointless_ability: SUCCESS, 2
add_team: SUCCESS
remove_team: SUCCESS
add_player: SUCCESS
add_team: SUCCESS
add_player: SUCCESS
get_ith_pointless_ability: SUCCESS, 3
get_ith_pointless_ability: SUCCESS, 3
add_player: SUCCESS
num_played_games_for_player: SUCCESS, 126
add_player: SUCCESS
get_ith_pointless_ability: SUCCESS, 3
get_partial_spirit: SUCCESS, 3,1,4,2,5
get_partial_spirit: SUCCESS, 2,3,5,4,1
get_ith_pointless_ability: SUCCESS, 2
get_player_cards: FAILURE
get_team_points: SUCCESS, 0
add_player: SUCCESS
buy_team: INVALID_INPUT
get_team_points: SUCCESS, 0
add_player: SUCCESS
num_played_games_for_player: FAILURE
add_team: FAILURE
get_player_cards: FAILURE
add_player: SUCCESS
play_match: INVALID_INPUT
add_player_cards: SUCCESS
add_player: SUCCESS
buy_team: INVALID_INPUT
play_match: INVALID_INPUT
get_player_cards: SUCCESS, 284
add_team: FAILURE
num_played_games_for_player: SUCCESS, 232
add_player: SUCCESS
num_played_games_for_player: SUCCESS, 75
add_team: FAILURE
get_player_cards: SUCCESS, 148
add_player_cards: SUCCESS
buy_team: INVALID_INPUT
get_team_points: SUCCESS, 0
get_team_points: SUCCESS, 0
add_player: SUCCESS
get_partial_spirit: SUCCESS, 2,3,4,5,1
num_played_games_for_player: FAILURE
add_team: FAILURE
play_match: INVALID_INPUT
add_player: SUCCESS
add_player: SUCCESS
add_player_cards: SUCCESS
add_player_cards: SUCCESS
get_partial_spirit: SUCCESS, 2,5,4,3,1
get_ith_pointless_ability: SUCCESS, 2
get_ith_pointless_ability: SUCCESS, 3
get_player_cards: FAILURE
add_team: FAILURE
get_team_points: SUCCESS, 0
add_player: SUCCESS
get_team_points: SUCCESS, 0
play_match: INVALID_INPUT
get_player_cards: SUCCESS, 148
num_played_games_for_player: SUCCESS, 126
get_player_cards: SUCCESS, 446
play_match: INVALID_INPUT
get_ith_pointless_ability: SUCCESS, 2
get_ith_pointless_ability: SUCCESS, 3
get_player_cards: SUCCESS, 446
get_team_points: SUCCESS, 0
add_player: SUCCESS
add_player: SUCCESS
add_player: SUCCESS
add_player: SUCCESS
add_player: SUCCESS
get_team_points: SUCCESS, 0
get_partial_spirit: SUCCESS, 2,3,4,5,1
add_player_cards: SUCCESS
add_team: FAILURE
add_player: SUCCESS
add_player_cards: SUCCESS
add_player_cards: SUCCESS
play_match: INVALID_INPUT
add_team: FAILURE
