add_team: SUCCESS
add_team: SUCCESS
add_player: SUCCESS
add_player: SUCCESS
play_match: FAILURE
get_ith_pointless_ability: SUCCESS, 1
remove_team: SUCCESS
buy_team: INVALID_INPUT
add_team: SUCCESS
num_played_games_for_player: SUCCESS, 31
add_team: FAILURE
buy_team: INVALID_INPUT
get_player_cards: SUCCESS, 105
add_player_cards: SUCCESS
add_player: SUCCESS
get_player_cards: SUCCESS, 244
get_ith_pointless_ability: SUCCESS, 2
add_player: SUCCESS
add_team: FAILURE
add_player: SUCCESS
buy_team: INVALID_INPUT
buy_team: INVALID_INPUT
add_team: FAILURE
add_player: SUCCESS
add_player_cards: SUCCESS
add_player: SUCCESS
get_partial_spirit: SUCCESS, 1,4,2,3,5
buy_team: INVALID_INPUT
buy_team: INVALID_INPUT
get_player_cards: SUCCESS, 243
get_ith_pointless_ability: SUCCESS, 1
get_ith_pointless_ability: SUCCESS, 2
add_player: SUCCESS
play_match: INVALID_INPUT
add_player: SUCCESS
num_played_games_for_player: SUCCESS, 117
get_player_cards: SUCCESS, 79
get_team_points: SUCCESS, 0
add_player_cards: SUCCESS
get_team_points: SUCCESS, 0
get_partial_spirit: SUCCESS, 2,1,4,3,5
get_team_points: SUCCESS, 0
add_team: FAILURE
add_player: SUCCESS
add_player: SUCCESS
add_team: FAILURE
get_partial_spirit: SUCCESS, 1,4,2,3,5
get_player_cards: SUCCESS, 85
get_ith_pointless_ability: SUCCESS, 2
add_player: SUCCESS
get_player_cards: SUCCESS, 362
get_team_points: SUCCESS, 0
get_ith_pointless_ability: SUCCESS, 2
num_played_games_for_player: SUCCESS, 145
add_team: FAILURE
add_player_cards: SUCCESS
add_player_cards: SUCCESS
add_player: SUCCESS
get_player_cards: SUCCESS, 85
num_played_games_for_player: SUCCESS, 245
add_player: SUCCESS
get_team_points: SUCCESS, 0
add_player: SUCCESS
add_player: SUCCESS
add_player: SUCCESS
add_player_cards: SUCCESS
add_player: SUCCESS
get_partial_spirit: SUCCESS, 3,4,1,2,5
add_player: SUCCESS
get_team_points: SUCCESS, 0
add_player: SUCCESS
get_player_cards: SUCCESS, 149
get_partial_spirit: SUCCESS, 3,1,2,4,5
get_player_cards: SUCCESS, 175
buy_team: INVALID_INPUT
add_player: SUCCESS
play_match: INVALID_INPUT
add_player: SUCCESS
get_partial_spirit: SUCCESS, 1,3,5,2,4
add_player: SUCCESS
get_ith_pointless_ability: SUCCESS, 2
get_partial_spirit: SUCCESS, 1,3,5,4,2
add_player: SUCCESS
get_team_points: SUCCESS, 0
get_team_points: SUCCESS, 0
num_played_games_for_player: SUCCESS, 4
get_ith_pointless_ability: SUCCESS, 1
add_player: SUCCESS
add_player: SUCCESS
add_team: FAILURE
get_team_points: SUCCESS, 0
num_played_games_for_player: SUCCESS, 189
add_player_cards: SUCCESS
play_match: INVALID_INPUT
get_partial_spirit: SUCCESS, 3,1,2,4,5
