add_team: SUCCESS
add_team: SUCCESS
add_player: SUCCESS
add_player_cards: SUCCESS
add_player: SUCCESS
remove_team: SUCCESS
get_partial_spirit: SUCCESS, 1,4,3,2,5
get_ith_pointless_ability: FAILURE
num_played_games_for_player: FAILURE
get_ith_pointless_ability: FAILURE
buy_team: INVALID_INPUT
get_team_points: SUCCESS, 0
get_ith_pointless_ability: SUCCESS, 1
add_player: SUCCESS
add_team: SUCCESS
add_player: SUCCESS
get_partial_spirit: SUCCESS, 1,3,4,2,5
add_player: SUCCESS
add_team: FAILURE
add_team: FAILURE
get_team_points: SUCCESS, 0
get_partial_spirit: SUCCESS, 5,3,2,4,1
buy_team: INVALID_INPUT
buy_team: INVALID_INPUT
num_played_games_for_player: SUCCESS, 35
get_team_points: SUCCESS, 0
get_player_cards: SUCCESS, 121
add_player: SUCCESS
get_player_cards: SUCCESS, 121
add_team: FAILURE
add_player: SUCCESS
get_ith_pointless_ability: SUCCESS, 2
add_player: SUCCESS
add_team: FAILURE
get_player_cards: SUCCESS, 294
add_player: SUCCESS
add_player_cards: SUCCESS
get_team_points: SUCCESS, 0
add_player_cards: SUCCESS
get_player_cards: SUCCESS, 129
add_player: SUCCESS
play_match: INVALID_INPUT
buy_team: INVALID_INPUT
add_team: FAILURE
get_player_cards: SUCCESS, 294
get_team_points: SUCCESS, 0
add_player: SUCCESS
buy_team: INVALID_INPUT
num_played_games_for_player: SUCCESS, 180
get_partial_spirit: SUCCESS, 1,4,3,2,5
play_match: INVALID_INPUT
buy_team: INVALID_INPUT
get_team_points: SUCCESS, 0
add_player: SUCCESS
play_match: INVALID_INPUT
buy_team: INVALID_INPUT
num_played_games_for_player: SUCCESS, 206
get_partial_spirit: SUCCESS, 2,1,3,5,4
buy_team: INVALID_INPUT
add_player: SUCCESS
get_team_points: SUCCESS, 0
get_player_cards: SUCCESS, 229
add_player: SUCCESS
add_player: SUCCESS
add_player_cards: SUCCESS
buy_team: INVALID_INPUT
num_played_games_for_player: SUCCESS, 99
get_team_points: SUCCESS, 0
get_ith_pointless_ability: SUCCESS, 1
add_player: SUCCESS
add_player: SUCCESS
add_player_cards: SUCCESS
play_match: INVALID_INPUT
add_player: SUCCESS
get_player_cards: SUCCESS, 353
num_played_games_for_player: SUCCESS, 203
num_played_games_for_player: SUCCESS, 35
add_player_cards: SUCCESS
add_player: SUCCESS
get_team_points: SUCCESS, 0
add_team: FAILURE
get_ith_pointless_ability: SUCCESS, 2
add_player_cards: SUCCESS
get_team_points: SUCCESS, 0
add_player_cards: SUCCESS
get_player_cards: SUCCESS, 315
get_player_cards: SUCCESS, 29
add_team: FAILURE
buy_team: INVALID_INPUT
get_partial_spirit: SUCCESS, 1,5,2,3,4
