add_team: SUCCESS
add_team: SUCCESS
add_player: SUCCESS
play_match: FAILURE
get_ith_pointless_ability: FAILURE
get_player_cards: SUCCESS, 142
add_player_cards: SUCCESS
add_player_cards: SUCCESS
add_player: SUCCESS
add_player_cards: SUCCESS
play_match: FAILURE
add_player_cards: SUCCESS
get_team_points: SUCCESS, 0
get_ith_pointless_ability: FAILURE
buy_team: INVALID_INPUT
get_team_points: SUCCESS, 0
buy_team: SUCCESS
add_player: SUCCESS
buy_team: INVALID_INPUT
add_player: FAILURE
add_player: SUCCESS
get_player_cards: SUCCESS, 68
remove_team: FAILURE
add_player: SUCCESS
num_played_games_for_player: SUCCESS, 176
get_player_cards: SUCCESS, 245
get_player_cards: SUCCESS, 245
get_player_cards: SUCCESS, 689
add_player: FAILURE
get_ith_pointless_ability: SUCCESS, 1
add_player_cards: SUCCESS
play_match: FAILURE
buy_team: INVALID_INPUT
add_team: SUCCESS
get_team_points: SUCCESS, 0
buy_team: INVALID_INPUT
add_player_cards: SUCCESS
get_player_cards: SUCCESS, 689
remove_team: FAILURE
num_played_games_for_player: SUCCESS, 35
buy_team: FAILURE
play_match: FAILURE
remove_team: SUCCESS
get_team_points: FAILURE
num_played_games_for_player: FAILURE
get_team_points: FAILURE
num_played_games_for_player: FAILURE
get_player_cards: FAILURE
add_player_cards: FAILURE
play_match: INVALID_INPUT
add_team: FAILURE
get_player_cards: FAILURE
num_played_games_for_player: FAILURE
buy_team: INVALID_INPUT
buy_team: INVALID_INPUT
get_player_cards: FAILURE
add_team: FAILURE
num_played_games_for_player: FAILURE
get_player_cards: FAILURE
num_played_games_for_player: FAILURE
add_player: FAILURE
get_partial_spirit: FAILURE
get_player_cards: FAILURE
get_player_cards: FAILURE
get_ith_pointless_ability: SUCCESS, 3
buy_team: INVALID_INPUT
get_player_cards: FAILURE
get_ith_pointless_ability: SUCCESS, 3
buy_team: INVALID_INPUT
get_ith_pointless_ability: FAILURE
add_player: FAILURE
add_player: FAILURE
add_player: FAILURE
add_player_cards: FAILURE
get_partial_spirit: FAILURE
num_played_games_for_player: FAILURE
get_player_cards: FAILURE
play_match: INVALID_INPUT
add_team: FAILURE
add_player: FAILURE
num_played_games_for_player: FAILURE
add_player: FAILURE
get_partial_spirit: FAILURE
add_player_cards: FAILURE
get_team_points: FAILURE
add_player: FAILURE
get_ith_pointless_ability: SUCCESS, 3
add_player: FAILURE
