add_team: SUCCESS
add_team: SUCCESS
add_player: SUCCESS
play_match: FAILURE
add_team: SUCCESS
num_played_games_for_player: SUCCESS, 183
add_player: SUCCESS
buy_team: INVALID_INPUT
add_player: SUCCESS
add_player: SUCCESS
add_player: SUCCESS
add_player_cards: SUCCESS
add_team: FAILURE
get_player_cards: SUCCESS, 159
buy_team: INVALID_INPUT
add_player_cards: SUCCESS
get_partial_spirit: SUCCESS, 3,1,2,4,5
play_match: FAILURE
add_team: FAILURE
get_player_cards: SUCCESS, 369
add_player: SUCCESS
play_match: SUCCESS, 3
add_player_cards: SUCCESS
num_played_games_for_player: SUCCESS, 43
get_player_cards: SUCCESS, 207
get_player_cards: SUCCESS, 19
add_player: SUCCESS
add_player: SUCCESS
get_team_points: SUCCESS, 0
add_player_cards: SUCCESS
remove_team: SUCCESS
get_ith_pointless_ability: SUCCESS, 3
get_partial_spirit: SUCCESS, 4,1,2,5,3
get_ith_pointless_ability: SUCCESS, 3
add_player: SUCCESS
add_player: SUCCESS
buy_team: INVALID_INPUT
get_ith_pointless_ability: SUCCESS, 1
get_partial_spirit: FAILURE
play_match: INVALID_INPUT
get_partial_spirit: SUCCESS, 2,5,1,4,3
buy_team: INVALID_INPUT
play_match: INVALID_INPUT
add_player: SUCCESS
get_player_cards: SUCCESS, 159
add_player: SUCCESS
add_player: SUCCESS
add_player: SUCCESS
get_team_points: SUCCESS, 0
get_team_points: SUCCESS, 0
get_player_cards: SUCCESS, 206
add_player: SUCCESS
add_player: SUCCESS
num_played_games_for_player: FAILURE
buy_team: INVALID_INPUT
add_player: SUCCESS
add_player_cards: SUCCESS
add_player: SUCCESS
play_match: INVALID_INPUT
buy_team: INVALID_INPUT
add_player: SUCCESS
add_player_cards: SUCCESS
play_match: INVALID_INPUT
add_player: SUCCESS
add_team: SUCCESS
get_ith_pointless_ability: SUCCESS, 3
get_partial_spirit: SUCCESS, 4,5,1,2,3
add_player: SUCCESS
add_player: SUCCESS
add_team: FAILURE
add_player: SUCCESS
get_player_cards: SUCCESS, 151
add_player: SUCCESS
play_match: INVALID_INPUT
add_player: SUCCESS
add_player: SUCCESS
get_player_cards: SUCCESS, 273
get_ith_pointless_ability: SUCCESS, 3
get_team_points: SUCCESS, 0
add_player: SUCCESS
add_player: SUCCESS
play_match: INVALID_INPUT
add_team: FAILURE
play_match: INVALID_INPUT
