add_team: SUCCESS
add_team: SUCCESS
add_player: SUCCESS
play_match: FAILURE
num_played_games_for_player: SUCCESS, 58
buy_team: INVALID_INPUT
add_team: SUCCESS
get_player_cards: SUCCESS, 288
buy_team: SUCCESS
play_match: FAILURE
get_ith_pointless_ability: FAILURE
get_team_points: SUCCESS, 0
get_ith_pointless_ability: SUCCESS, 1
get_team_points: SUCCESS, 0
add_player_cards: SUCCESS
get_partial_spirit: SUCCESS, 1,2,3,4,5
get_team_points: SUCCESS, 0
add_player: FAILURE
get_partial_spirit: SUCCESS, 1,2,3,4,5
buy_team: FAILURE
num_played_games_for_player: SUCCESS, 58
num_played_games_for_player: SUCCESS, 58
get_player_cards: SUCCESS, 387
add_player: FAILURE
remove_team: FAILURE
remove_team: FAILURE
get_partial_spirit: SUCCESS, 1,2,3,4,5
add_player_cards: SUCCESS
get_player_cards: SUCCESS, 649
get_ith_pointless_ability: SUCCESS, 3
add_player: FAILURE
num_played_games_for_player: SUCCESS, 58
add_player: SUCCESS
add_player: FAILURE
add_player: FAILURE
add_player: SUCCESS
buy_team: INVALID_INPUT
play_match: FAILURE
get_player_cards: SUCCESS, 649
remove_team: FAILURE
num_played_games_for_player: SUCCESS, 58
get_ith_pointless_ability: FAILURE
add_player_cards: SUCCESS
get_player_cards: SUCCESS, 285
get_team_points: FAILURE
get_team_points: FAILURE
add_player: FAILURE
get_partial_spirit: SUCCESS, 2,4,1,5,3
remove_team: FAILURE
play_match: FAILURE
add_player: FAILURE
play_match: FAILURE
get_partial_spirit: SUCCESS, 4,1,3,5,2
buy_team: FAILURE
buy_team: INVALID_INPUT
get_partial_spirit: SUCCESS, 1,2,3,4,5
remove_team: FAILURE
remove_team: SUCCESS
add_player: FAILURE
num_played_games_for_player: FAILURE
add_player_cards: FAILURE
get_team_points: FAILURE
get_player_cards: FAILURE
get_team_points: FAILURE
get_player_cards: FAILURE
add_player_cards: FAILURE
get_partial_spirit: FAILURE
get_player_cards: FAILURE
get_player_cards: FAILURE
buy_team: INVALID_INPUT
get_ith_pointless_ability: SUCCESS, 3
add_player: FAILURE
get_team_points: FAILURE
buy_team: INVALID_INPUT
add_player: FAILURE
add_team: FAILURE
get_ith_pointless_ability: FAILURE
get_ith_pointless_ability: FAILURE
add_player: FAILURE
get_team_points: FAILURE
add_player: FAILURE
add_player: FAILURE
get_team_points: FAILURE
get_team_points: FAILURE
add_player: FAILURE
num_played_games_for_player: FAILURE
add_team: FAILURE
add_player: FAILURE
get_ith_pointless_ability: SUCCESS, 3
get_player_cards: FAILURE
get_ith_pointless_ability: FAILURE
add_player: FAILURE
play_match: INVALID_INPUT
add_player: FAILURE
buy_team: INVALID_INPUT
add_player: FAILURE
get_team_points: FAILURE
