add_team: SUCCESS
add_team: SUCCESS
add_player: SUCCESS
buy_team: INVALID_INPUT
add_player: SUCCESS
get_team_points: SUCCESS, 0
get_team_points: SUCCESS, 0
add_player: SUCCESS
add_team: SUCCESS
get_team_points: SUCCESS, 0
get_player_cards: SUCCESS, 178
remove_team: SUCCESS
get_partial_spirit: SUCCESS, 2,4,3,5,1
buy_team: INVALID_INPUT
add_team: SUCCESS
add_player: SUCCESS
get_player_cards: SUCCESS, 232
add_player: SUCCESS
add_player: SUCCESS
add_player_cards: SUCCESS
get_player_cards: FAILURE
get_partial_spirit: SUCCESS, 2,4,3,5,1
num_played_games_for_player: FAILURE
add_team: FAILURE
add_player_cards: SUCCESS
add_team: FAILURE
play_match: INVALID_INPUT
get_ith_pointless_ability: SUCCESS, 2
get_ith_pointless_ability: SUCCESS, 3
add_player_cards: SUCCESS
add_player: SUCCESS
get_player_cards: SUCCESS, 372
add_player: SUCCESS
get_partial_spirit: SUCCESS, 2,1,3,5,4
num_played_games_for_player: SUCCESS, 160
add_player: SUCCESS
add_player_cards: SUCCESS
play_match: INVALID_INPUT
add_player: SUCCESS
get_player_cards: FAILURE
play_match: INVALID_INPUT
play_match: INVALID_INPUT
get_team_points: SUCCESS, 0
get_ith_pointless_ability: SUCCESS, 3
play_match: INVALID_INPUT
get_player_cards: SUCCESS, 119
add_player_cards: SUCCESS
get_player_cards: SUCCESS, 195
play_match: INVALID_INPUT
get_ith_pointless_ability: SUCCESS, 3
add_player: SUCCESS
buy_team: INVALID_INPUT
add_player: SUCCESS
get_player_cards: FAILURE
get_team_points: SUCCESS, 0
get_ith_pointless_ability: SUCCESS, 3
num_played_games_for_player: SUCCESS, 160
get_ith_pointless_ability: SUCCESS, 3
play_match: INVALID_INPUT
add_player: SUCCESS
add_player: SUCCESS
add_player_cards: SUCCESS
add_team: FAILURE
add_player: SUCCESS
add_player_cards: FAILURE
add_player_cards: SUCCESS
get_team_points: SUCCESS, 0
add_player: SUCCESS
add_team: FAILURE
add_player_cards: SUCCESS
add_player: SUCCESS
num_played_games_for_player: FAILURE
add_player: SUCCESS
play_match: INVALID_INPUT
add_player: SUCCESS
play_match: INVALID_INPUT
get_team_points: SUCCESS, 0
buy_team: INVALID_INPUT
add_player: SUCCESS
get_player_cards: FAILURE
get_partial_spirit: SUCCESS, 4,3,2,1,5
get_player_cards: FAILURE
buy_team: INVALID_INPUT
add_player: SUCCESS
add_player: SUCCESS
get_player_cards: FAILURE
