add_team: SUCCESS
add_team: SUCCESS
add_player: SUCCESS
get_ith_pointless_ability: SUCCESS, 1
buy_team: INVALID_INPUT
add_player: SUCCESS
remove_team: SUCCESS
buy_team: INVALID_INPUT
play_match: INVALID_INPUT
get_player_cards: FAILURE
buy_team: INVALID_INPUT
add_player: SUCCESS
buy_team: INVALID_INPUT
add_player: SUCCESS
get_team_points: SUCCESS, 0
play_match: INVALID_INPUT
add_player: SUCCESS
get_ith_pointless_ability: FAILURE
get_ith_pointless_ability: FAILURE
get_player_cards: SUCCESS, 249
get_ith_pointless_ability: FAILURE
add_team: SUCCESS
add_player: SUCCESS
get_ith_pointless_ability: SUCCESS, 2
play_match: INVALID_INPUT
add_player_cards: SUCCESS
add_team: FAILURE
get_partial_spirit: SUCCESS, 1,3,5,4,2
buy_team: INVALID_INPUT
get_player_cards: FAILURE
get_partial_spirit: FAILURE
get_player_cards: FAILURE
play_match: INVALID_INPUT
get_player_cards: SUCCESS, 139
get_player_cards: SUCCESS, 89
get_partial_spirit: FAILURE
get_partial_spirit: SUCCESS, 3,4,1,2,5
add_player: SUCCESS
add_player: SUCCESS
get_ith_pointless_ability: SUCCESS, 2
get_team_points: SUCCESS, 0
buy_team: INVALID_INPUT
add_player_cards: SUCCESS
num_played_games_for_player: SUCCESS, 212
play_match: INVALID_INPUT
get_player_cards: FAILURE
add_team: FAILURE
get_team_points: SUCCESS, 0
get_team_points: SUCCESS, 0
add_team: FAILURE
get_player_cards: SUCCESS, 181
add_player: SUCCESS
get_partial_spirit: SUCCESS, 2,1,3,5,4
num_played_games_for_player: SUCCESS, 16
add_team: FAILURE
add_player: SUCCESS
add_player_cards: SUCCESS
get_partial_spirit: SUCCESS, 1,3,5,4,2
buy_team: INVALID_INPUT
play_match: INVALID_INPUT
add_player: SUCCESS
get_ith_pointless_ability: SUCCESS, 2
add_player: SUCCESS
get_player_cards: SUCCESS, 423
add_player: SUCCESS
add_player: SUCCESS
get_partial_spirit: SUCCESS, 1,5,4,2,3
add_player: SUCCESS
buy_team: INVALID_INPUT
add_team: FAILURE
add_player: SUCCESS
get_partial_spirit: SUCCESS, 1,3,2,4,5
get_ith_pointless_ability: SUCCESS, 2
play_match: INVALID_INPUT
add_player: SUCCESS
play_match: INVALID_INPUT
get_team_points: SUCCESS, 0
buy_team: INVALID_INPUT
add_player: SUCCESS
add_player: SUCCESS
add_player_cards: SUCCESS
buy_team: INVALID_INPUT
get_player_cards: FAILURE
add_player: SUCCESS
get_player_cards: SUCCESS, 234
get_partial_spirit: SUCCESS, 5,1,2,3,4
add_player: SUCCESS
get_ith_pointless_ability: SUCCESS, 3
get_partial_spirit: SUCCESS, 3,1,2,5,4
num_played_games_for_player: SUCCESS, 105
play_match: INVALID_INPUT
