add_team: SUCCESS
add_team: SUCCESS
add_player: SUCCESS
play_match: FAILURE
add_player: SUCCESS
remove_team: SUCCESS
get_partial_spirit: SUCCESS, 1,2,3,4,5
buy_team: INVALID_INPUT
get_team_points: SUCCESS, 0
get_player_cards: SUCCESS, 153
add_player: SUCCESS
get_ith_pointless_ability: SUCCESS, 1
play_match: INVALID_INPUT
add_player: SUCCESS
add_player: SUCCESS
add_player: SUCCESS
add_player_cards: SUCCESS
get_team_points: SUCCESS, 0
add_player_cards: SUCCESS
add_player_cards: SUCCESS
add_player_cards: SUCCESS
add_player_cards: SUCCESS
add_player: SUCCESS
add_player: SUCCESS
get_team_points: SUCCESS, 0
add_player: SUCCESS
get_partial_spirit: SUCCESS, 1,5,4,3,2
buy_team: INVALID_INPUT
add_player: SUCCESS
get_player_cards: SUCCESS, 137
get_team_points: SUCCESS, 0
add_player: SUCCESS
play_match: INVALID_INPUT
add_player: SUCCESS
buy_team: INVALID_INPUT
buy_team: INVALID_INPUT
buy_team: INVALID_INPUT
num_played_games_for_player: SUCCESS, 237
get_team_points: SUCCESS, 0
get_ith_pointless_ability: SUCCESS, 1
get_ith_pointless_ability: FAILURE
num_played_games_for_player: SUCCESS, 71
play_match: INVALID_INPUT
get_partial_spirit: SUCCESS, 1,5,4,3,2
get_player_cards: SUCCESS, 330
get_partial_spirit: SUCCESS, 1,2,3,4,5
add_player: SUCCESS
get_ith_pointless_ability: FAILURE
num_played_games_for_player: SUCCESS, 237
add_player: SUCCESS
play_match: INVALID_INPUT
add_player: SUCCESS
get_team_points: SUCCESS, 0
add_player: SUCCESS
add_player: SUCCESS
add_player: SUCCESS
get_partial_spirit: SUCCESS, 1,2,3,4,5
play_match: INVALID_INPUT
add_team: SUCCESS
add_player_cards: SUCCESS
add_player_cards: SUCCESS
play_match: INVALID_INPUT
add_player: SUCCESS
get_team_points: SUCCESS, 0
num_played_games_for_player: SUCCESS, 230
play_match: INVALID_INPUT
add_player: SUCCESS
get_player_cards: SUCCESS, 137
get_ith_pointless_ability: SUCCESS, 1
num_played_games_for_player: SUCCESS, 15
get_ith_pointless_ability: SUCCESS, 1
add_player_cards: SUCCESS
add_team: FAILURE
add_player: SUCCESS
play_match: INVALID_INPUT
add_player_cards: SUCCESS
add_player: SUCCESS
add_player_cards: SUCCESS
get_ith_pointless_ability: SUCCESS, 1
buy_team: INVALID_INPUT
add_player: SUCCESS
add_player: SUCCESS
buy_team: INVALID_INPUT
get_ith_pointless_ability: SUCCESS, 1
get_ith_pointless_ability: SUCCESS, 1
get_ith_pointless_ability: SUCCESS, 2
get_player_cards: SUCCESS, 51
get_partial_spirit: SUCCESS, 5,2,4,1,3
add_team: FAILURE
get_team_points: SUCCESS, 0
