add_team: SUCCESS
add_team: SUCCESS
add_player: SUCCESS
get_player_cards: SUCCESS, 297
get_player_cards: SUCCESS, 297
remove_team: SUCCESS
add_player: SUCCESS
play_match: INVALID_INPUT
add_player: SUCCESS
get_team_points: SUCCESS, 0
add_team: SUCCESS
num_played_games_for_player: SUCCESS, 73
add_player_cards: SUCCESS
get_ith_pointless_ability: SUCCESS, 2
add_player_cards: SUCCESS
get_ith_pointless_ability: SUCCESS, 1
get_partial_spirit: SUCCESS, 3,4,1,2,5
add_player_cards: SUCCESS
get_player_cards: SUCCESS, 332
add_team: FAILURE
add_player: SUCCESS
add_player: SUCCESS
add_player: SUCCESS
buy_team: INVALID_INPUT
get_team_points: SUCCESS, 0
get_player_cards: SUCCESS, 332
add_player: SUCCESS
get_partial_spirit: SUCCESS, 3,4,1,2,5
add_player_cards: SUCCESS
add_player: SUCCESS
buy_team: INVALID_INPUT
get_player_cards: SUCCESS, 220
add_player: SUCCESS
num_played_games_for_player: SUCCESS, 30
buy_team: INVALID_INPUT
buy_team: INVALID_INPUT
num_played_games_for_player: SUCCESS, 30
get_partial_spirit: SUCCESS, 3,1,2,4,5
add_player: SUCCESS
get_player_cards: SUCCESS, 457
add_team: FAILURE
get_ith_pointless_ability: SUCCESS, 2
play_match: INVALID_INPUT
add_team: FAILURE
play_match: INVALID_INPUT
play_match: INVALID_INPUT
play_match: INVALID_INPUT
buy_team: INVALID_INPUT
get_ith_pointless_ability: SUCCESS, 2
buy_team: INVALID_INPUT
get_ith_pointless_ability: SUCCESS, 1
add_player: SUCCESS
buy_team: INVALID_INPUT
get_ith_pointless_ability: SUCCESS, 2
buy_team: INVALID_INPUT
add_player_cards: SUCCESS
buy_team: INVALID_INPUT
get_partial_spirit: SUCCESS, 3,2,5,4,1
get_partial_spirit: SUCCESS, 3,2,5,4,1
add_player: SUCCESS
get_player_cards: SUCCESS, 277
add_team: FAILURE
add_player: SUCCESS
add_player_cards: SUCCESS
get_player_cards: SUCCESS, 457
get_team_points: SUCCESS, 0
get_ith_pointless_ability: SUCCESS, 2
get_ith_pointless_ability: SUCCESS, 1
get_team_points: SUCCESS, 0
num_played_games_for_player: SUCCESS, 30
add_player: SUCCESS
num_played_games_for_player: SUCCESS, 54
get_team_points: SUCCESS, 0
add_player: SUCCESS
add_player_cards: SUCCESS
add_player_cards: SUCCESS
add_team: FAILURE
get_ith_pointless_ability: SUCCESS, 1
get_partial_spirit: SUCCESS, 2,4,1,5,3
num_played_games_for_player: SUCCESS, 150
play_match: INVALID_INPUT
play_match: INVALID_INPUT
num_played_games_for_player: SUCCESS, 54
add_player: SUCCESS
play_match: INVALID_INPUT
get_team_points: SUCCESS, 0
add_player: SUCCESS
