add_team: SUCCESS
add_team: SUCCESS
add_player: SUCCESS
add_player: SUCCESS
num_played_games_for_player: SUCCESS, 113
add_player_cards: SUCCESS
get_ith_pointless_ability: SUCCESS, 1
play_match: FAILURE
buy_team: INVALID_INPUT
add_team: SUCCESS
add_player: SUCCESS
get_partial_spirit: SUCCESS, 3,1,2,4,5
add_player: SUCCESS
add_player: SUCCESS
num_played_games_for_player: SUCCESS, 144
add_team: FAILURE
buy_team: INVALID_INPUT
get_partial_spirit: SUCCESS, 2,4,5,3,1
add_team: FAILURE
get_ith_pointless_ability: SUCCESS, 3
add_player: SUCCESS
buy_team: SUCCESS
buy_team: INVALID_INPUT
get_partial_spirit: SUCCESS, 1,4,5,2,3
num_played_games_for_player: SUCCESS, 113
play_match: FAILURE
add_player: SUCCESS
get_partial_spirit: SUCCESS, 5,1,2,4,3
get_team_points: FAILURE
num_played_games_for_player: SUCCESS, 144
remove_team: SUCCESS
get_partial_spirit: FAILURE
play_match: INVALID_INPUT
add_player: FAILURE
get_player_cards: FAILURE
add_player: FAILURE
get_ith_pointless_ability: SUCCESS, 3
get_ith_pointless_ability: FAILURE
get_player_cards: FAILURE
add_player: FAILURE
add_player: FAILURE
add_player: FAILURE
get_ith_pointless_ability: SUCCESS, 3
add_player: FAILURE
add_player_cards: FAILURE
get_team_points: FAILURE
get_team_points: FAILURE
add_player: FAILURE
add_player: FAILURE
get_ith_pointless_ability: FAILURE
add_player: FAILURE
get_team_points: FAILURE
add_player: FAILURE
play_match: INVALID_INPUT
num_played_games_for_player: FAILURE
add_player_cards: FAILURE
add_player: FAILURE
add_player_cards: FAILURE
play_match: INVALID_INPUT
add_player: FAILURE
add_player: FAILURE
get_ith_pointless_ability: FAILURE
add_player: FAILURE
add_team: FAILURE
add_player: FAILURE
add_player: FAILURE
buy_team: INVALID_INPUT
get_player_cards: FAILURE
add_player: FAILURE
get_team_points: FAILURE
get_partial_spirit: FAILURE
get_team_points: FAILURE
num_played_games_for_player: FAILURE
get_partial_spirit: FAILURE
buy_team: INVALID_INPUT
add_player: FAILURE
buy_team: INVALID_INPUT
add_team: FAILURE
num_played_games_for_player: FAILURE
num_played_games_for_player: FAILURE
buy_team: INVALID_INPUT
add_player: FAILURE
play_match: INVALID_INPUT
add_player: FAILURE
play_match: INVALID_INPUT
get_partial_spirit: FAILURE
add_player_cards: FAILURE
get_player_cards: FAILURE
buy_team: INVALID_INPUT
get_partial_spirit: FAILURE
add_team: FAILURE
add_player: FAILURE
get_partial_spirit: FAILURE
get_partial_spirit: FAILURE
get_ith_pointless_ability: SUCCESS, 3
