add_team: SUCCESS
add_team: SUCCESS
add_player: SUCCESS
play_match: FAILURE
get_partial_spirit: SUCCESS, 2,3,4,1,5
add_player: SUCCESS
get_team_points: SUCCESS, 0
get_ith_pointless_ability: SUCCESS, 1
get_partial_spirit: SUCCESS, 2,3,4,1,5
num_played_games_for_player: SUCCESS, 263
add_player: SUCCESS
remove_team: SUCCESS
get_player_cards: FAILURE
num_played_games_for_player: SUCCESS, 87
add_player: SUCCESS
play_match: INVALID_INPUT
add_player: SUCCESS
get_ith_pointless_ability: SUCCESS, 2
add_player_cards: SUCCESS
get_player_cards: SUCCESS, 174
get_player_cards: SUCCESS, 174
buy_team: INVALID_INPUT
play_match: INVALID_INPUT
add_player: SUCCESS
num_played_games_for_player: SUCCESS, 132
num_played_games_for_player: SUCCESS, 228
get_player_cards: SUCCESS, 220
num_played_games_for_player: SUCCESS, 228
add_team: SUCCESS
add_player: SUCCESS
get_ith_pointless_ability: SUCCESS, 2
buy_team: INVALID_INPUT
get_ith_pointless_ability: SUCCESS, 3
get_ith_pointless_ability: SUCCESS, 2
play_match: INVALID_INPUT
add_team: FAILURE
play_match: INVALID_INPUT
num_played_games_for_player: SUCCESS, 87
add_player: SUCCESS
add_player: SUCCESS
add_player: SUCCESS
add_player: SUCCESS
add_player: SUCCESS
get_team_points: SUCCESS, 0
add_team: FAILURE
add_team: FAILURE
add_player_cards: SUCCESS
play_match: INVALID_INPUT
add_player: SUCCESS
get_ith_pointless_ability: SUCCESS, 3
add_player_cards: SUCCESS
add_player: SUCCESS
get_player_cards: SUCCESS, 209
add_player: SUCCESS
buy_team: INVALID_INPUT
add_player: SUCCESS
add_team: FAILURE
add_team: FAILURE
get_ith_pointless_ability: SUCCESS, 2
add_team: FAILURE
get_ith_pointless_ability: SUCCESS, 2
get_ith_pointless_ability: SUCCESS, 2
add_team: FAILURE
num_played_games_for_player: SUCCESS, 121
get_partial_spirit: SUCCESS, 5,1,3,2,4
get_ith_pointless_ability: SUCCESS, 2
add_player: SUCCESS
add_player: SUCCESS
play_match: INVALID_INPUT
add_team: FAILURE
play_match: INVALID_INPUT
get_team_points: SUCCESS, 0
num_played_games_for_player: SUCCESS, 43
add_player: SUCCESS
num_played_games_for_player: SUCCESS, 191
buy_team: INVALID_INPUT
add_player: SUCCESS
get_player_cards: SUCCESS, 273
num_played_games_for_player: SUCCESS, 132
num_played_games_for_player: SUCCESS, 87
num_played_games_for_player: SUCCESS, 120
play_match: INVALID_INPUT
get_team_points: SUCCESS, 0
play_match: INVALID_INPUT
get_partial_spirit: SUCCESS, 3,5,2,4,1
play_match: INVALID_INPUT
get_ith_pointless_ability: SUCCESS, 3
