add_team: SUCCESS
add_team: SUCCESS
add_player: SUCCESS
num_played_games_for_player: SUCCESS, 197
add_player: SUCCESS
play_match: FAILURE
get_partial_spirit: SUCCESS, 4,3,5,2,1
get_team_points: SUCCESS, 0
get_team_points: SUCCESS, 0
add_player: SUCCESS
buy_team: INVALID_INPUT
remove_team: SUCCESS
add_player_cards: FAILURE
play_match: INVALID_INPUT
get_team_points: SUCCESS, 0
num_played_games_for_player: FAILURE
num_played_games_for_player: SUCCESS, 100
add_player: SUCCESS
add_player: SUCCESS
get_player_cards: SUCCESS, 234
num_played_games_for_player: SUCCESS, 99
buy_team: INVALID_INPUT
add_player_cards: SUCCESS
get_partial_spirit: FAILURE
add_player_cards: SUCCESS
get_team_points: SUCCESS, 0
get_ith_pointless_ability: SUCCESS, 1
add_team: SUCCESS
get_player_cards: SUCCESS, 339
add_team: FAILURE
get_ith_pointless_ability: SUCCESS, 2
add_player: SUCCESS
add_player: SUCCESS
num_played_games_for_player: FAILURE
add_player: SUCCESS
get_team_points: SUCCESS, 0
num_played_games_for_player: FAILURE
add_player: SUCCESS
add_player: SUCCESS
get_partial_spirit: SUCCESS, 4,3,5,2,1
add_player: SUCCESS
add_team: FAILURE
get_team_points: SUCCESS, 0
add_player: SUCCESS
get_player_cards: SUCCESS, 291
play_match: INVALID_INPUT
get_team_points: SUCCESS, 0
buy_team: INVALID_INPUT
play_match: INVALID_INPUT
add_player: SUCCESS
add_player: SUCCESS
add_player: SUCCESS
get_partial_spirit: SUCCESS, 5,3,2,4,1
add_player: SUCCESS
get_partial_spirit: SUCCESS, 4,3,5,2,1
buy_team: INVALID_INPUT
get_team_points: SUCCESS, 0
num_played_games_for_player: SUCCESS, 116
play_match: INVALID_INPUT
get_partial_spirit: SUCCESS, 5,2,4,1,3
add_player: SUCCESS
add_player: SUCCESS
buy_team: INVALID_INPUT
add_player_cards: SUCCESS
get_partial_spirit: SUCCESS, 5,2,4,1,3
add_player: SUCCESS
num_played_games_for_player: SUCCESS, 248
add_player: SUCCESS
add_team: FAILURE
buy_team: INVALID_INPUT
add_player: SUCCESS
get_ith_pointless_ability: SUCCESS, 2
add_player_cards: SUCCESS
buy_team: INVALID_INPUT
get_team_points: SUCCESS, 0
add_player: SUCCESS
add_player: SUCCESS
get_team_points: SUCCESS, 0
add_player: SUCCESS
add_team: FAILURE
get_player_cards: SUCCESS, 291
add_player: SUCCESS
buy_team: INVALID_INPUT
get_team_points: SUCCESS, 0
get_team_points: SUCCESS, 0
add_player: SUCCESS
add_player: SUCCESS
add_player: SUCCESS
