add_team: SUCCESS
add_team: SUCCESS
add_player: SUCCESS
get_ith_pointless_ability: SUCCESS, 2
get_player_cards: SUCCESS, 20
get_ith_pointless_ability: FAILURE
add_player: SUCCESS
get_ith_pointless_ability: SUCCESS, 2
buy_team: SUCCESS
add_team: SUCCESS
add_player: SUCCESS
add_team: FAILURE
get_player_cards: SUCCESS, 200
get_partial_spirit: SUCCESS, 2,3,4,1,5
get_player_cards: SUCCESS, 20
add_player: FAILURE
buy_team: FAILURE
add_player: SUCCESS
get_player_cards: SUCCESS, 46
add_team: FAILURE
get_player_cards: SUCCESS, 46
get_team_points: SUCCESS, 0
num_played_games_for_player: SUCCESS, 158
remove_team: SUCCESS
add_team: SUCCESS
add_player: FAILURE
add_player: FAILURE
get_player_cards: FAILURE
buy_team: INVALID_INPUT
add_team: FAILURE
num_played_games_for_player: FAILURE
add_player: FAILURE
get_team_points: FAILURE
add_player: FAILURE
get_partial_spirit: FAILURE
add_player: FAILURE
add_player: FAILURE
buy_team: INVALID_INPUT
get_ith_pointless_ability: SUCCESS, 3
buy_team: INVALID_INPUT
num_played_games_for_player: FAILURE
add_player: FAILURE
play_match: INVALID_INPUT
get_ith_pointless_ability: SUCCESS, 3
add_team: FAILURE
buy_team: INVALID_INPUT
add_team: FAILURE
get_partial_spirit: FAILURE
add_player: FAILURE
add_player_cards: FAILURE
add_player: FAILURE
get_partial_spirit: FAILURE
num_played_games_for_player: FAILURE
get_player_cards: FAILURE
buy_team: INVALID_INPUT
get_partial_spirit: FAILURE
add_team: FAILURE
add_team: FAILURE
add_player: FAILURE
get_partial_spirit: FAILURE
add_player: FAILURE
add_team: FAILURE
add_player: FAILURE
num_played_games_for_player: FAILURE
get_partial_spirit: FAILURE
play_match: INVALID_INPUT
get_team_points: FAILURE
get_team_points: FAILURE
add_player: FAILURE
buy_team: INVALID_INPUT
play_match: INVALID_INPUT
add_player_cards: FAILURE
add_player: FAILURE
buy_team: INVALID_INPUT
get_player_cards: FAILURE
add_player: FAILURE
buy_team: INVALID_INPUT
get_ith_pointless_ability: SUCCESS, 2
add_player: FAILURE
add_player_cards: FAILURE
add_player: FAILURE
add_team: FAILURE
add_player_cards: FAILURE
get_player_cards: FAILURE
get_partial_spirit: FAILURE
add_player: FAILURE
add_player: FAILURE
num_played_games_for_player: FAILURE
add_player: FAILURE
num_played_games_for_player: FAILURE
add_team: FAILURE
