add_team: SUCCESS
add_team: SUCCESS
add_player: SUCCESS
add_player: SUCCESS
add_player: SUCCESS
get_partial_spirit: SUCCESS, 2,4,1,5,3
add_player_cards: SUCCESS
add_player_cards: SUCCESS
get_player_cards: SUCCESS, 791
buy_team: INVALID_INPUT
add_player: SUCCESS
remove_team: SUCCESS
get_ith_pointless_ability: FAILURE
get_team_points: SUCCESS, 0
get_ith_pointless_ability: FAILURE
get_player_cards: FAILURE
buy_team: INVALID_INPUT
add_player: SUCCESS
get_player_cards: SUCCESS, 80
play_match: INVALID_INPUT
num_played_games_for_player: SUCCESS, 185
add_player_cards: SUCCESS
add_player_cards: SUCCESS
add_player: SUCCESS
add_player: SUCCESS
play_match: INVALID_INPUT
get_team_points: SUCCESS, 0
get_partial_spirit: SUCCESS, 5,1,4,3,2
add_player: SUCCESS
add_player: SUCCESS
add_player_cards: SUCCESS
get_team_points: SUCCESS, 0
num_played_games_for_player: SUCCESS, 185
get_player_cards: FAILURE
get_ith_pointless_ability: SUCCESS, 2
play_match: INVALID_INPUT
get_team_points: SUCCESS, 0
play_match: INVALID_INPUT
add_player: SUCCESS
num_played_games_for_player: SUCCESS, 185
add_player: SUCCESS
get_partial_spirit: SUCCESS, 3,5,4,1,2
buy_team: INVALID_INPUT
add_player: SUCCESS
add_player: SUCCESS
get_player_cards: SUCCESS, 210
get_ith_pointless_ability: SUCCESS, 2
get_player_cards: SUCCESS, 116
buy_team: INVALID_INPUT
add_player: SUCCESS
num_played_games_for_player: SUCCESS, 197
play_match: INVALID_INPUT
get_player_cards: SUCCESS, 883
add_player: SUCCESS
add_player_cards: SUCCESS
num_played_games_for_player: SUCCESS, 33
get_partial_spirit: SUCCESS, 3,4,5,1,2
get_player_cards: SUCCESS, 105
num_played_games_for_player: SUCCESS, 114
get_ith_pointless_ability: FAILURE
num_played_games_for_player: SUCCESS, 114
num_played_games_for_player: SUCCESS, 243
add_player: SUCCESS
add_player: SUCCESS
play_match: INVALID_INPUT
get_ith_pointless_ability: FAILURE
get_partial_spirit: SUCCESS, 4,1,3,5,2
add_team: SUCCESS
play_match: INVALID_INPUT
add_team: FAILURE
add_player: SUCCESS
add_team: FAILURE
get_partial_spirit: SUCCESS, 5,1,3,4,2
play_match: INVALID_INPUT
buy_team: INVALID_INPUT
add_player: SUCCESS
get_partial_spirit: SUCCESS, 2,4,1,5,3
get_partial_spirit: SUCCESS, 5,1,4,3,2
get_ith_pointless_ability: SUCCESS, 2
get_partial_spirit: SUCCESS, 5,1,3,4,2
add_player_cards: SUCCESS
add_player: SUCCESS
