add_team: SUCCESS
add_team: SUCCESS
add_player: SUCCESS
add_player: SUCCESS
num_played_games_for_player: SUCCESS, 65
remove_team: SUCCESS
get_ith_pointless_ability: SUCCESS, 2
add_player: SUCCESS
add_player: SUCCESS
add_player: SUCCESS
add_player: SUCCESS
get_ith_pointless_ability: FAILURE
buy_team: INVALID_INPUT
play_match: INVALID_INPUT
add_player: SUCCESS
get_ith_pointless_ability: SUCCESS, 2
get_player_cards: SUCCESS, 114
play_match: INVALID_INPUT
get_team_points: SUCCESS, 0
add_player: SUCCESS
get_partial_spirit: SUCCESS, 4,3,1,2,5
play_match: INVALID_INPUT
play_match: INVALID_INPUT
add_player: SUCCESS
get_partial_spirit: SUCCESS, 2,5,4,1,3
get_player_cards: SUCCESS, 5
get_team_points: SUCCESS, 0
add_team: SUCCESS
num_played_games_for_player: SUCCESS, 105
add_player: SUCCESS
num_played_games_for_player: SUCCESS, 61
add_team: FAILURE
buy_team: INVALID_INPUT
add_player: SUCCESS
add_player: SUCCESS
add_player: SUCCESS
add_player_cards: SUCCESS
add_team: FAILURE
get_ith_pointless_ability: SUCCESS, 3
num_played_games_for_player: SUCCESS, 92
add_team: FAILURE
buy_team: INVALID_INPUT
add_player: SUCCESS
get_ith_pointless_ability: SUCCESS, 3
get_team_points: SUCCESS, 0
buy_team: INVALID_INPUT
num_played_games_for_player: SUCCESS, 92
num_played_games_for_player: SUCCESS, 128
add_team: FAILURE
play_match: INVALID_INPUT
add_player: SUCCESS
add_player: SUCCESS
add_player: SUCCESS
get_player_cards: SUCCESS, 158
buy_team: INVALID_INPUT
add_player: SUCCESS
add_player_cards: SUCCESS
buy_team: INVALID_INPUT
buy_team: INVALID_INPUT
get_player_cards: SUCCESS, 87
buy_team: INVALID_INPUT
add_player: SUCCESS
play_match: INVALID_INPUT
add_player_cards: SUCCESS
add_player: SUCCESS
get_player_cards: SUCCESS, 80
add_player: SUCCESS
get_player_cards: SUCCESS, 5
add_player: SUCCESS
add_player: SUCCESS
get_partial_spirit: SUCCESS, 2,5,1,3,4
add_team: FAILURE
add_player: SUCCESS
get_team_points: SUCCESS, 0
add_player: SUCCESS
add_player_cards: SUCCESS
add_player: SUCCESS
get_ith_pointless_ability: SUCCESS, 3
play_match: INVALID_INPUT
add_player: SUCCESS
