add_team: SUCCESS
add_team: SUCCESS
add_player: SUCCESS
add_team: SUCCESS
get_team_points: SUCCESS, 0
get_partial_spirit: SUCCESS, 2,5,4,1,3
get_partial_spirit: SUCCESS, 2,5,4,1,3
add_player_cards: SUCCESS
add_player: SUCCESS
play_match: FAILURE
remove_team: SUCCESS
get_ith_pointless_ability: SUCCESS, 1
get_player_cards: SUCCESS, 385
num_played_games_for_player: SUCCESS, 258
get_player_cards: SUCCESS, 385
play_match: INVALID_INPUT
play_match: INVALID_INPUT
get_team_points: SUCCESS, 0
add_team: SUCCESS
get_team_points: SUCCESS, 0
get_partial_spirit: SUCCESS, 1,2,5,4,3
buy_team: INVALID_INPUT
add_player_cards: SUCCESS
play_match: INVALID_INPUT
get_ith_pointless_ability: SUCCESS, 3
get_partial_spirit: SUCCESS, 1,2,5,4,3
buy_team: INVALID_INPUT
get_partial_spirit: SUCCESS, 2,5,4,1,3
add_player: SUCCESS
get_player_cards: SUCCESS, 645
get_partial_spirit: SUCCESS, 2,5,4,1,3
get_team_points: SUCCESS, 0
get_player_cards: SUCCESS, 20
add_player: SUCCESS
get_ith_pointless_ability: SUCCESS, 3
add_player: SUCCESS
get_ith_pointless_ability: SUCCESS, 3
add_player: SUCCESS
add_player: SUCCESS
num_played_games_for_player: SUCCESS, 289
play_match: INVALID_INPUT
play_match: INVALID_INPUT
add_team: FAILURE
add_player: SUCCESS
add_player: SUCCESS
get_ith_pointless_ability: SUCCESS, 2
play_match: INVALID_INPUT
add_player: SUCCESS
get_team_points: SUCCESS, 0
buy_team: INVALID_INPUT
get_ith_pointless_ability: SUCCESS, 2
add_player: SUCCESS
add_player_cards: SUCCESS
get_partial_spirit: SUCCESS, 2,3,5,1,4
get_team_points: SUCCESS, 0
add_player_cards: SUCCESS
add_player: SUCCESS
get_player_cards: SUCCESS, 72
add_player: SUCCESS
add_player_cards: SUCCESS
add_player: SUCCESS
num_played_games_for_player: SUCCESS, 258
add_player: SUCCESS
get_player_cards: SUCCESS, 222
add_team: FAILURE
num_played_games_for_player: SUCCESS, 33
add_player_cards: SUCCESS
num_played_games_for_player: SUCCESS, 289
play_match: INVALID_INPUT
add_player_cards: SUCCESS
add_player: SUCCESS
add_player_cards: SUCCESS
add_player: SUCCESS
get_player_cards: SUCCESS, 645
play_match: INVALID_INPUT
buy_team: INVALID_INPUT
add_player_cards: SUCCESS
get_player_cards: SUCCESS, 258
get_ith_pointless_ability: SUCCESS, 3
add_team: FAILURE
add_team: FAILURE
play_match: INVALID_INPUT
get_partial_spirit: SUCCESS, 2,5,4,1,3
get_team_points: SUCCESS, 0
get_player_cards: SUCCESS, 72
get_player_cards: SUCCESS, 72
num_played_games_for_player: SUCCESS, 289
add_player: SUCCESS
get_team_points: SUCCESS, 0
add_player: SUCCESS
get_partial_spirit: SUCCESS, 2,5,1,4,3
