add_team: SUCCESS
add_team: SUCCESS
add_player: SUCCESS
remove_team: SUCCESS
get_team_points: SUCCESS, 0
add_player: SUCCESS
get_ith_pointless_ability: FAILURE
add_player_cards: SUCCESS
get_partial_spirit: SUCCESS, 2,3,4,5,1
num_played_games_for_player: SUCCESS, 17
add_team: SUCCESS
add_player_cards: SUCCESS
add_player: SUCCESS
get_team_points: SUCCESS, 0
get_team_points: SUCCESS, 0
get_ith_pointless_ability: SUCCESS, 3
get_partial_spirit: SUCCESS, 2,3,4,5,1
play_match: INVALID_INPUT
num_played_games_for_player: SUCCESS, 17
num_played_games_for_player: SUCCESS, 242
get_ith_pointless_ability: SUCCESS, 3
play_match: INVALID_INPUT
add_player: SUCCESS
add_player_cards: SUCCESS
add_player_cards: SUCCESS
get_player_cards: SUCCESS, 89
add_player_cards: SUCCESS
get_player_cards: SUCCESS, 426
add_player_cards: SUCCESS
add_player: SUCCESS
play_match: INVALID_INPUT
add_team: FAILURE
buy_team: INVALID_INPUT
get_ith_pointless_ability: SUCCESS, 2
get_player_cards: SUCCESS, 426
get_team_points: SUCCESS, 0
add_team: FAILURE
get_team_points: SUCCESS, 0
add_player: SUCCESS
get_player_cards: SUCCESS, 140
add_player: SUCCESS
add_player: SUCCESS
add_player: SUCCESS
get_ith_pointless_ability: SUCCESS, 2
add_player: SUCCESS
get_partial_spirit: SUCCESS, 4,5,1,3,2
num_played_games_for_player: SUCCESS, 242
add_team: FAILURE
num_played_games_for_player: SUCCESS, 84
get_ith_pointless_ability: SUCCESS, 3
num_played_games_for_player: SUCCESS, 160
add_team: FAILURE
play_match: INVALID_INPUT
get_player_cards: SUCCESS, 406
add_player_cards: SUCCESS
num_played_games_for_player: SUCCESS, 84
get_player_cards: SUCCESS, 237
add_player: SUCCESS
play_match: INVALID_INPUT
get_team_points: SUCCESS, 0
play_match: INVALID_INPUT
buy_team: INVALID_INPUT
buy_team: INVALID_INPUT
get_ith_pointless_ability: SUCCESS, 2
add_player_cards: SUCCESS
play_match: INVALID_INPUT
play_match: INVALID_INPUT
play_match: INVALID_INPUT
get_player_cards: SUCCESS, 241
buy_team: INVALID_INPUT
get_team_points: SUCCESS, 0
add_player: SUCCESS
num_played_games_for_player: SUCCESS, 278
add_player: SUCCESS
add_player: SUCCESS
get_player_cards: SUCCESS, 155
add_team: FAILURE
buy_team: INVALID_INPUT
add_player: SUCCESS
add_player: SUCCESS
add_player: SUCCESS
get_ith_pointless_ability: SUCCESS, 2
get_partial_spirit: SUCCESS, 1,4,5,2,3
add_team: FAILURE
add_player_cards: SUCCESS
num_played_games_for_player: SUCCESS, 105
play_match: INVALID_INPUT
