add_team: SUCCESS
add_team: SUCCESS
add_player: SUCCESS
add_player: SUCCESS
add_player: SUCCESS
get_team_points: SUCCESS, 0
get_ith_pointless_ability: SUCCESS, 2
get_ith_pointless_ability: SUCCESS, 2
get_team_points: SUCCESS, 0
get_player_cards: SUCCESS, 266
add_player_cards: SUCCESS
add_player: SUCCESS
add_player: SUCCESS
get_team_points: SUCCESS, 0
get_ith_pointless_ability: SUCCESS, 2
add_player: SUCCESS
get_team_points: SUCCESS, 0
remove_team: SUCCESS
get_ith_pointless_ability: SUCCESS, 2
add_player_cards: SUCCESS
get_player_cards: SUCCESS, 190
get_ith_pointless_ability: FAILURE
add_team: SUCCESS
num_played_games_for_player: SUCCESS, 284
add_player: SUCCESS
add_player_cards: SUCCESS
get_partial_spirit: SUCCESS, 1,5,3,4,2
num_played_games_for_player: SUCCESS, 212
play_match: INVALID_INPUT
get_team_points: SUCCESS, 0
num_played_games_for_player: SUCCESS, 212
get_team_points: SUCCESS, 0
add_player: SUCCESS
add_player: SUCCESS
get_team_points: SUCCESS, 0
get_ith_pointless_ability: SUCCESS, 3
add_player: SUCCESS
buy_team: INVALID_INPUT
add_team: FAILURE
add_player_cards: SUCCESS
get_player_cards: SUCCESS, 277
get_player_cards: SUCCESS, 45
get_partial_spirit: SUCCESS, 5,3,1,2,4
add_player_cards: SUCCESS
add_player: SUCCESS
get_ith_pointless_ability: SUCCESS, 2
play_match: INVALID_INPUT
get_team_points: SUCCESS, 0
get_partial_spirit: SUCCESS, 5,2,1,4,3
add_player_cards: SUCCESS
add_team: FAILURE
play_match: INVALID_INPUT
add_player: SUCCESS
add_team: FAILURE
add_team: FAILURE
num_played_games_for_player: SUCCESS, 212
get_team_points: SUCCESS, 0
add_player_cards: SUCCESS
buy_team: INVALID_INPUT
add_player: SUCCESS
add_player_cards: SUCCESS
add_player_cards: SUCCESS
get_ith_pointless_ability: SUCCESS, 3
get_partial_spirit: SUCCESS, 3,2,4,5,1
add_player_cards: SUCCESS
add_player: SUCCESS
add_player: SUCCESS
add_player: SUCCESS
buy_team: INVALID_INPUT
buy_team: INVALID_INPUT
add_player: SUCCESS
get_ith_pointless_ability: SUCCESS, 3
add_player: SUCCESS
buy_team: INVALID_INPUT
add_team: FAILURE
add_player_cards: SUCCESS
add_player: SUCCESS
get_team_points: SUCCESS, 0
add_player: SUCCESS
get_player_cards: SUCCESS, 984
add_player_cards: SUCCESS
play_match: INVALID_INPUT
num_played_games_for_player: SUCCESS, 232
add_player: SUCCESS
get_ith_pointless_ability: SUCCESS, 3
add_player: SUCCESS
add_player: SUCCESS
add_player: SUCCESS
add_player: SUCCESS
num_played_games_for_player: SUCCESS, 279
add_player: SUCCESS
add_player: SUCCESS
play_match: INVALID_INPUT
