add_team: SUCCESS
add_team: SUCCESS
add_player: SUCCESS
add_player: SUCCESS
add_player: SUCCESS
buy_team: SUCCESS
get_partial_spirit: SUCCESS, 5,2,3,1,4
remove_team: SUCCESS
buy_team: INVALID_INPUT
get_team_points: FAILURE
add_player: FAILURE
add_player_cards: FAILURE
num_played_games_for_player: SUCCESS, 202
get_partial_spirit: FAILURE
get_partial_spirit: FAILURE
add_player: FAILURE
add_team: SUCCESS
num_played_games_for_player: SUCCESS, 22
add_player_cards: FAILURE
play_match: INVALID_INPUT
get_ith_pointless_ability: FAILURE
get_ith_pointless_ability: SUCCESS, 2
play_match: INVALID_INPUT
add_player: FAILURE
add_player: FAILURE
num_played_games_for_player: SUCCESS, 22
buy_team: INVALID_INPUT
add_player: FAILURE
buy_team: INVALID_INPUT
buy_team: INVALID_INPUT
add_team: FAILURE
buy_team: INVALID_INPUT
get_partial_spirit: FAILURE
add_player: FAILURE
buy_team: INVALID_INPUT
play_match: INVALID_INPUT
buy_team: INVALID_INPUT
play_match: INVALID_INPUT
add_player: FAILURE
add_player: FAILURE
add_player: FAILURE
add_player: FAILURE
play_match: INVALID_INPUT
add_player: FAILURE
add_player: FAILURE
add_player: FAILURE
buy_team: INVALID_INPUT
add_player: FAILURE
get_partial_spirit: FAILURE
get_partial_spirit: FAILURE
add_player: FAILURE
add_team: FAILURE
get_ith_pointless_ability: SUCCESS, 2
num_played_games_for_player: SUCCESS, 173
get_team_points: FAILURE
get_partial_spirit: FAILURE
play_match: INVALID_INPUT
get_team_points: FAILURE
get_ith_pointless_ability: FAILURE
buy_team: INVALID_INPUT
add_player_cards: FAILURE
get_player_cards: SUCCESS, 89
get_team_points: FAILURE
get_player_cards: SUCCESS, 89
num_played_games_for_player: SUCCESS, 173
add_player_cards: FAILURE
get_player_cards: SUCCESS, 89
add_team: FAILURE
get_partial_spirit: FAILURE
add_player: FAILURE
get_partial_spirit: FAILURE
add_player: FAILURE
play_match: INVALID_INPUT
num_played_games_for_player: SUCCESS, 22
add_player: FAILURE
add_player: FAILURE
add_player: FAILURE
get_player_cards: SUCCESS, 89
play_match: INVALID_INPUT
add_team: FAILURE
play_match: INVALID_INPUT
num_played_games_for_player: SUCCESS, 22
num_played_games_for_player: SUCCESS, 173
get_team_points: FAILURE
get_team_points: FAILURE
num_played_games_for_player: SUCCESS, 173
play_match: INVALID_INPUT
get_ith_pointless_ability: FAILURE
get_ith_pointless_ability: FAILURE
add_player: FAILURE
add_team: FAILURE
get_player_cards: SUCCESS, 89
add_player: FAILURE
