add_team: SUCCESS
add_team: SUCCESS
add_player: SUCCESS
play_match: FAILURE
buy_team: SUCCESS
add_player: SUCCESS
get_partial_spirit: SUCCESS, 2,3,4,1,5
add_player: FAILURE
add_player: FAILURE
get_ith_pointless_ability: FAILURE
get_partial_spirit: SUCCESS, 2,3,4,1,5
num_played_games_for_player: SUCCESS, 109
add_team: SUCCESS
add_player: FAILURE
play_match: FAILURE
play_match: FAILURE
remove_team: FAILURE
add_player: SUCCESS
remove_team: SUCCESS
get_ith_pointless_ability: SUCCESS, 1
add_player: FAILURE
add_player_cards: FAILURE
add_player_cards: FAILURE
play_match: INVALID_INPUT
buy_team: INVALID_INPUT
add_player: FAILURE
add_team: SUCCESS
add_player_cards: FAILURE
num_played_games_for_player: SUCCESS, 94
add_player_cards: FAILURE
get_ith_pointless_ability: SUCCESS, 2
get_team_points: FAILURE
num_played_games_for_player: SUCCESS, 109
num_played_games_for_player: SUCCESS, 94
buy_team: INVALID_INPUT
add_player: FAILURE
get_player_cards: SUCCESS, 207
get_player_cards: SUCCESS, 90
get_player_cards: SUCCESS, 179
add_player_cards: FAILURE
play_match: INVALID_INPUT
add_team: FAILURE
get_player_cards: SUCCESS, 90
get_team_points: FAILURE
play_match: INVALID_INPUT
add_team: FAILURE
buy_team: INVALID_INPUT
get_team_points: FAILURE
num_played_games_for_player: SUCCESS, 94
play_match: INVALID_INPUT
get_partial_spirit: FAILURE
get_player_cards: SUCCESS, 207
get_ith_pointless_ability: SUCCESS, 1
add_player: FAILURE
num_played_games_for_player: SUCCESS, 94
add_player: FAILURE
num_played_games_for_player: SUCCESS, 74
add_player: FAILURE
buy_team: INVALID_INPUT
play_match: INVALID_INPUT
add_player_cards: FAILURE
add_player: FAILURE
get_team_points: FAILURE
get_player_cards: SUCCESS, 179
add_team: FAILURE
add_player_cards: FAILURE
add_team: FAILURE
add_player: FAILURE
add_player_cards: FAILURE
buy_team: INVALID_INPUT
num_played_games_for_player: SUCCESS, 74
get_partial_spirit: FAILURE
get_partial_spirit: FAILURE
buy_team: INVALID_INPUT
get_ith_pointless_ability: SUCCESS, 2
play_match: INVALID_INPUT
add_player_cards: FAILURE
get_team_points: FAILURE
add_player: FAILURE
play_match: INVALID_INPUT
get_player_cards: SUCCESS, 90
get_player_cards: SUCCESS, 207
get_team_points: FAILURE
get_partial_spirit: FAILURE
buy_team: INVALID_INPUT
play_match: INVALID_INPUT
get_partial_spirit: FAILURE
get_ith_pointless_ability: SUCCESS, 1
