add_team: SUCCESS
add_team: SUCCESS
add_player: SUCCESS
get_ith_pointless_ability: FAILURE
add_player: SUCCESS
add_player_cards: SUCCESS
get_team_points: SUCCESS, 0
add_team: SUCCESS
add_player_cards: SUCCESS
add_player: SUCCESS
add_player: SUCCESS
get_player_cards: SUCCESS, 322
add_player_cards: SUCCESS
add_player: SUCCESS
add_player: SUCCESS
buy_team: SUCCESS
add_player_cards: SUCCESS
add_player: SUCCESS
add_player: SUCCESS
add_player: FAILURE
remove_team: FAILURE
add_team: FAILURE
get_team_points: FAILURE
add_player: SUCCESS
buy_team: FAILURE
add_player: FAILURE
add_team: FAILURE
play_match: FAILURE
add_team: FAILURE
num_played_games_for_player: SUCCESS, 186
add_team: FAILURE
add_player_cards: SUCCESS
remove_team: FAILURE
add_player_cards: SUCCESS
add_player_cards: SUCCESS
remove_team: SUCCESS
get_partial_spirit: FAILURE
add_player_cards: FAILURE
play_match: INVALID_INPUT
add_player: FAILURE
get_team_points: FAILURE
get_player_cards: SUCCESS, 607
play_match: INVALID_INPUT
play_match: INVALID_INPUT
get_ith_pointless_ability: FAILURE
add_player: FAILURE
add_team: FAILURE
get_partial_spirit: FAILURE
num_played_games_for_player: SUCCESS, 284
add_player: FAILURE
num_played_games_for_player: SUCCESS, 180
get_partial_spirit: FAILURE
add_player_cards: FAILURE
add_player: FAILURE
play_match: INVALID_INPUT
buy_team: INVALID_INPUT
add_player: FAILURE
get_ith_pointless_ability: FAILURE
play_match: INVALID_INPUT
add_player: FAILURE
add_team: FAILURE
add_player: FAILURE
add_team: FAILURE
add_player: FAILURE
add_player_cards: FAILURE
add_team: FAILURE
get_ith_pointless_ability: SUCCESS, 3
get_team_points: FAILURE
play_match: INVALID_INPUT
add_player: FAILURE
get_partial_spirit: FAILURE
add_player_cards: FAILURE
get_player_cards: SUCCESS, 185
add_player: FAILURE
get_team_points: FAILURE
num_played_games_for_player: SUCCESS, 60
buy_team: INVALID_INPUT
get_partial_spirit: FAILURE
num_played_games_for_player: SUCCESS, 62
num_played_games_for_player: SUCCESS, 62
add_player: FAILURE
get_team_points: FAILURE
get_team_points: FAILURE
num_played_games_for_player: SUCCESS, 65
buy_team: INVALID_INPUT
add_player_cards: FAILURE
add_player: FAILURE
add_team: FAILURE
add_player: FAILURE
add_team: FAILURE
add_team: FAILURE
get_player_cards: SUCCESS, 142
