add_team: SUCCESS
add_team: SUCCESS
add_player: SUCCESS
get_partial_spirit: SUCCESS, 1,2,3,4,5
remove_team: SUCCESS
buy_team: INVALID_INPUT
play_match: INVALID_INPUT
buy_team: INVALID_INPUT
add_team: SUCCESS
play_match: INVALID_INPUT
add_player: SUCCESS
num_played_games_for_player: SUCCESS, 259
add_team: FAILURE
buy_team: INVALID_INPUT
add_player: SUCCESS
get_team_points: SUCCESS, 0
num_played_games_for_player: SUCCESS, 164
add_player: SUCCESS
add_player: SUCCESS
play_match: INVALID_INPUT
add_player: SUCCESS
num_played_games_for_player: SUCCESS, 269
add_team: FAILURE
add_player: SUCCESS
get_ith_pointless_ability: SUCCESS, 2
get_partial_spirit: SUCCESS, 5,2,4,1,3
get_player_cards: SUCCESS, 256
get_partial_spirit: SUCCESS, 1,2,3,4,5
play_match: INVALID_INPUT
get_ith_pointless_ability: SUCCESS, 3
add_player: SUCCESS
get_partial_spirit: SUCCESS, 1,2,3,4,5
add_player_cards: SUCCESS
add_player: SUCCESS
buy_team: INVALID_INPUT
get_player_cards: SUCCESS, 269
get_ith_pointless_ability: SUCCESS, 2
num_played_games_for_player: SUCCESS, 111
get_ith_pointless_ability: SUCCESS, 2
add_player_cards: SUCCESS
get_partial_spirit: SUCCESS, 1,2,3,4,5
get_team_points: SUCCESS, 0
num_played_games_for_player: SUCCESS, 2
get_ith_pointless_ability: SUCCESS, 2
play_match: INVALID_INPUT
get_partial_spirit: SUCCESS, 1,5,3,2,4
num_played_games_for_player: SUCCESS, 269
get_team_points: SUCCESS, 0
get_ith_pointless_ability: SUCCESS, 3
get_player_cards: SUCCESS, 269
get_team_points: SUCCESS, 0
play_match: INVALID_INPUT
add_player_cards: SUCCESS
get_team_points: SUCCESS, 0
buy_team: INVALID_INPUT
add_player_cards: SUCCESS
add_team: FAILURE
add_player: SUCCESS
add_player: SUCCESS
add_player: SUCCESS
add_team: FAILURE
add_player: SUCCESS
add_player_cards: SUCCESS
get_team_points: SUCCESS, 0
add_player_cards: SUCCESS
add_team: FAILURE
add_player_cards: SUCCESS
num_played_games_for_player: SUCCESS, 183
add_player: SUCCESS
get_partial_spirit: SUCCESS, 4,5,2,1,3
get_team_points: SUCCESS, 0
add_player: SUCCESS
add_player: SUCCESS
get_team_points: SUCCESS, 0
get_partial_spirit: SUCCESS, 4,5,2,1,3
add_player: SUCCESS
get_ith_pointless_ability: SUCCESS, 3
get_partial_spirit: SUCCESS, 1,5,3,2,4
get_team_points: SUCCESS, 0
buy_team: INVALID_INPUT
add_player: SUCCESS
add_team: FAILURE
add_player: SUCCESS
get_partial_spirit: SUCCESS, 3,5,4,2,1
get_team_points: SUCCESS, 0
get_player_cards: SUCCESS, 208
get_player_cards: SUCCESS, 250
add_player: SUCCESS
get_ith_pointless_ability: SUCCESS, 2
buy_team: INVALID_INPUT
get_ith_pointless_ability: SUCCESS, 2
add_team: FAILURE
buy_team: INVALID_INPUT
get_team_points: SUCCESS, 0
get_ith_pointless_ability: SUCCESS, 3
