add_team: SUCCESS
add_team: SUCCESS
add_player: SUCCESS
add_player: SUCCESS
get_partial_spirit: SUCCESS, 5,1,3,2,4
add_player: SUCCESS
get_partial_spirit: SUCCESS, 3,5,4,2,1
get_partial_spirit: SUCCESS, 5,1,3,2,4
add_player: SUCCESS
add_player: SUCCESS
num_played_games_for_player: SUCCESS, 170
remove_team: SUCCESS
add_player: SUCCESS
get_ith_pointless_ability: SUCCESS, 2
add_team: SUCCESS
get_team_points: SUCCESS, 0
buy_team: INVALID_INPUT
add_player_cards: FAILURE
play_match: INVALID_INPUT
get_ith_pointless_ability: SUCCESS, 2
get_ith_pointless_ability: SUCCESS, 3
add_player: SUCCESS
add_team: FAILURE
get_partial_spirit: SUCCESS, 4,1,3,2,5
play_match: INVALID_INPUT
add_player: SUCCESS
add_player: SUCCESS
add_player: SUCCESS
add_player: SUCCESS
num_played_games_for_player: SUCCESS, 195
buy_team: INVALID_INPUT
num_played_games_for_player: SUCCESS, 273
add_player_cards: SUCCESS
add_player: SUCCESS
add_team: FAILURE
add_player: SUCCESS
get_partial_spirit: SUCCESS, 5,2,4,3,1
get_player_cards: SUCCESS, 193
add_team: FAILURE
add_team: FAILURE
add_player: SUCCESS
add_player: SUCCESS
get_team_points: SUCCESS, 0
num_played_games_for_player: SUCCESS, 168
get_partial_spirit: SUCCESS, 4,5,1,3,2
get_team_points: SUCCESS, 0
get_ith_pointless_ability: SUCCESS, 2
add_player: SUCCESS
get_ith_pointless_ability: SUCCESS, 3
add_player: SUCCESS
get_ith_pointless_ability: SUCCESS, 2
get_team_points: SUCCESS, 0
add_player_cards: FAILURE
get_ith_pointless_ability: SUCCESS, 2
add_team: FAILURE
buy_team: INVALID_INPUT
add_team: FAILURE
num_played_games_for_player: SUCCESS, 168
add_player: SUCCESS
num_played_games_for_player: SUCCESS, 297
get_player_cards: SUCCESS, 40
add_player: SUCCESS
get_team_points: SUCCESS, 0
play_match: INVALID_INPUT
get_player_cards: SUCCESS, 81
buy_team: INVALID_INPUT
add_player: SUCCESS
add_player_cards: SUCCESS
get_player_cards: SUCCESS, 230
num_played_games_for_player: SUCCESS, 157
num_played_games_for_player: SUCCESS, 178
buy_team: INVALID_INPUT
get_ith_pointless_ability: SUCCESS, 2
get_team_points: SUCCESS, 0
get_ith_pointless_ability: SUCCESS, 2
add_player: SUCCESS
num_played_games_for_player: SUCCESS, 111
buy_team: INVALID_INPUT
add_team: FAILURE
get_ith_pointless_ability: SUCCESS, 3
get_player_cards: SUCCESS, 138
num_played_games_for_player: SUCCESS, 168
add_player: SUCCESS
add_player_cards: SUCCESS
play_match: INVALID_INPUT
add_player: SUCCESS
add_team: FAILURE
get_partial_spirit: SUCCESS, 5,3,2,4,1
add_player_cards: SUCCESS
play_match: INVALID_INPUT
get_team_points: SUCCESS, 0
add_player_cards: SUCCESS
get_partial_spirit: SUCCESS, 5,3,2,4,1
num_played_games_for_player: SUCCESS, 56
num_played_games_for_player: SUCCESS, 213
get_team_points: SUCCESS, 0
