add_team: SUCCESS
add_team: SUCCESS
add_player: SUCCESS
get_player_cards: SUCCESS, 5
get_player_cards: SUCCESS, 5
get_player_cards: SUCCESS, 5
add_player: SUCCESS
add_player: SUCCESS
add_player_cards: SUCCESS
num_played_games_for_player: SUCCESS, 187
add_player: SUCCESS
add_player_cards: SUCCESS
num_played_games_for_player: SUCCESS, 231
add_player: SUCCESS
remove_team: SUCCESS
get_player_cards: SUCCESS, 215
get_ith_pointless_ability: SUCCESS, 1
num_played_games_for_player: SUCCESS, 187
get_player_cards: SUCCESS, 215
get_team_points: SUCCESS, 0
num_played_games_for_player: SUCCESS, 187
num_played_games_for_player: SUCCESS, 187
get_team_points: SUCCESS, 0
get_partial_spirit: SUCCESS, 5,1,2,3,4
add_player_cards: SUCCESS
add_team: SUCCESS
get_team_points: SUCCESS, 0
get_player_cards: SUCCESS, 211
add_player_cards: SUCCESS
buy_team: INVALID_INPUT
get_team_points: SUCCESS, 0
add_player: FAILURE
num_played_games_for_player: SUCCESS, 295
add_player: FAILURE
add_team: FAILURE
buy_team: INVALID_INPUT
play_match: INVALID_INPUT
get_partial_spirit: SUCCESS, 3,2,1,5,4
add_player: SUCCESS
get_partial_spirit: FAILURE
get_team_points: SUCCESS, 0
add_player: SUCCESS
play_match: INVALID_INPUT
add_team: FAILURE
get_partial_spirit: SUCCESS, 3,2,1,5,4
get_player_cards: SUCCESS, 170
get_partial_spirit: FAILURE
buy_team: INVALID_INPUT
buy_team: INVALID_INPUT
get_ith_pointless_ability: SUCCESS, 1
get_partial_spirit: SUCCESS, 1,5,4,2,3
add_player: SUCCESS
add_player: SUCCESS
get_ith_pointless_ability: SUCCESS, 2
add_team: FAILURE
buy_team: INVALID_INPUT
play_match: INVALID_INPUT
add_player: SUCCESS
get_ith_pointless_ability: SUCCESS, 1
num_played_games_for_player: SUCCESS, 295
get_ith_pointless_ability: SUCCESS, 1
add_player: SUCCESS
get_team_points: SUCCESS, 0
get_player_cards: SUCCESS, 211
play_match: INVALID_INPUT
buy_team: INVALID_INPUT
add_player: SUCCESS
get_team_points: SUCCESS, 0
add_team: FAILURE
get_partial_spirit: SUCCESS, 5,1,2,3,4
add_player: SUCCESS
get_player_cards: SUCCESS, 250
num_played_games_for_player: SUCCESS, 231
num_played_games_for_player: SUCCESS, 285
add_player: SUCCESS
get_partial_spirit: SUCCESS, 1,2,3,4,5
buy_team: INVALID_INPUT
num_played_games_for_player: SUCCESS, 32
buy_team: INVALID_INPUT
add_team: FAILURE
buy_team: INVALID_INPUT
play_match: INVALID_INPUT
play_match: INVALID_INPUT
add_player: SUCCESS
num_played_games_for_player: SUCCESS, 51
add_player_cards: FAILURE
add_player: SUCCESS
add_player: SUCCESS
add_player: SUCCESS
