add_team: SUCCESS
add_team: SUCCESS
add_player: SUCCESS
get_player_cards: SUCCESS, 113
get_ith_pointless_ability: FAILURE
get_team_points: SUCCESS, 0
add_team: SUCCESS
add_player_cards: SUCCESS
buy_team: INVALID_INPUT
buy_team: SUCCESS
get_partial_spirit: SUCCESS, 2,3,5,1,4
add_player: SUCCESS
get_ith_pointless_ability: FAILURE
get_ith_pointless_ability: FAILURE
get_ith_pointless_ability: SUCCESS, 3
remove_team: FAILURE
num_played_games_for_player: SUCCESS, 107
add_player: FAILURE
get_partial_spirit: SUCCESS, 2,3,5,1,4
add_player: SUCCESS
add_player: FAILURE
remove_team: FAILURE
play_match: FAILURE
get_team_points: SUCCESS, 0
get_team_points: SUCCESS, 0
add_player: SUCCESS
get_partial_spirit: SUCCESS, 2,5,3,1,4
buy_team: FAILURE
buy_team: INVALID_INPUT
remove_team: SUCCESS
add_team: SUCCESS
get_player_cards: SUCCESS, 275
add_player: FAILURE
num_played_games_for_player: SUCCESS, 107
get_partial_spirit: FAILURE
add_player: FAILURE
num_played_games_for_player: SUCCESS, 107
get_team_points: FAILURE
add_player: FAILURE
buy_team: INVALID_INPUT
buy_team: INVALID_INPUT
add_player: FAILURE
add_player: FAILURE
add_player: FAILURE
get_partial_spirit: FAILURE
add_player: FAILURE
add_player: FAILURE
get_player_cards: SUCCESS, 275
buy_team: INVALID_INPUT
get_player_cards: SUCCESS, 275
add_player: FAILURE
add_player_cards: FAILURE
num_played_games_for_player: SUCCESS, 107
get_team_points: FAILURE
play_match: INVALID_INPUT
buy_team: INVALID_INPUT
add_player: FAILURE
add_player: FAILURE
add_player: FAILURE
get_team_points: FAILURE
add_player: FAILURE
add_team: FAILURE
add_player: FAILURE
get_team_points: FAILURE
add_player_cards: FAILURE
get_ith_pointless_ability: SUCCESS, 2
add_player: FAILURE
get_player_cards: SUCCESS, 275
add_player_cards: FAILURE
get_team_points: FAILURE
add_player: FAILURE
get_player_cards: SUCCESS, 275
add_team: FAILURE
add_player_cards: FAILURE
add_team: FAILURE
add_player: FAILURE
add_player: FAILURE
buy_team: INVALID_INPUT
get_partial_spirit: FAILURE
get_ith_pointless_ability: SUCCESS, 2
add_player: FAILURE
add_team: FAILURE
get_ith_pointless_ability: SUCCESS, 1
get_player_cards: SUCCESS, 32
add_player: FAILURE
add_player: FAILURE
get_team_points: FAILURE
add_player_cards: FAILURE
add_player: FAILURE
buy_team: INVALID_INPUT
