add_team: SUCCESS
add_team: SUCCESS
add_player: SUCCESS
add_team: SUCCESS
play_match: FAILURE
get_ith_pointless_ability: SUCCESS, 3
get_ith_pointless_ability: SUCCESS, 2
add_team: FAILURE
get_player_cards: SUCCESS, 216
add_player: SUCCESS
add_player: SUCCESS
remove_team: SUCCESS
buy_team: INVALID_INPUT
get_team_points: SUCCESS, 0
add_team: FAILURE
get_ith_pointless_ability: SUCCESS, 3
get_partial_spirit: FAILURE
num_played_games_for_player: SUCCESS, 185
get_ith_pointless_ability: SUCCESS, 3
get_partial_spirit: FAILURE
buy_team: INVALID_INPUT
add_team: FAILURE
num_played_games_for_player: SUCCESS, 185
add_player_cards: FAILURE
get_ith_pointless_ability: SUCCESS, 2
get_team_points: SUCCESS, 0
add_player: FAILURE
add_team: FAILURE
add_team: FAILURE
buy_team: INVALID_INPUT
get_ith_pointless_ability: SUCCESS, 2
num_played_games_for_player: SUCCESS, 167
add_team: FAILURE
get_player_cards: SUCCESS, 158
add_player: FAILURE
get_ith_pointless_ability: SUCCESS, 2
get_player_cards: SUCCESS, 214
get_partial_spirit: FAILURE
get_player_cards: SUCCESS, 158
add_player: SUCCESS
get_player_cards: SUCCESS, 35
add_player: SUCCESS
play_match: INVALID_INPUT
get_player_cards: SUCCESS, 35
get_partial_spirit: FAILURE
add_player: SUCCESS
add_player: SUCCESS
add_player: SUCCESS
play_match: INVALID_INPUT
get_player_cards: SUCCESS, 35
add_player: SUCCESS
get_partial_spirit: SUCCESS, 5,3,4,1,2
get_partial_spirit: SUCCESS, 1,2,3,5,4
add_player_cards: SUCCESS
add_player: SUCCESS
add_player: SUCCESS
add_team: FAILURE
num_played_games_for_player: SUCCESS, 250
buy_team: INVALID_INPUT
num_played_games_for_player: SUCCESS, 229
add_player: SUCCESS
add_player: SUCCESS
get_ith_pointless_ability: SUCCESS, 2
add_team: FAILURE
get_ith_pointless_ability: SUCCESS, 2
num_played_games_for_player: SUCCESS, 50
get_partial_spirit: SUCCESS, 2,5,4,3,1
buy_team: INVALID_INPUT
add_player: SUCCESS
get_team_points: SUCCESS, 0
add_player_cards: FAILURE
add_team: FAILURE
num_played_games_for_player: SUCCESS, 185
get_partial_spirit: SUCCESS, 2,4,3,5,1
get_player_cards: SUCCESS, 290
get_ith_pointless_ability: SUCCESS, 2
get_team_points: SUCCESS, 0
buy_team: INVALID_INPUT
num_played_games_for_player: SUCCESS, 167
add_player: SUCCESS
add_player: SUCCESS
add_player: SUCCESS
play_match: INVALID_INPUT
get_partial_spirit: SUCCESS, 2,4,5,1,3
get_player_cards: SUCCESS, 214
add_player_cards: SUCCESS
get_partial_spirit: SUCCESS, 2,5,4,3,1
get_team_points: SUCCESS, 0
