add_team: SUCCESS
add_team: SUCCESS
add_player: SUCCESS
add_player: SUCCESS
get_player_cards: SUCCESS, 267
num_played_games_for_player: SUCCESS, 49
get_team_points: SUCCESS, 0
get_team_points: SUCCESS, 0
get_ith_pointless_ability: FAILURE
num_played_games_for_player: SUCCESS, 134
num_played_games_for_player: SUCCESS, 134
add_player_cards: SUCCESS
add_team: SUCCESS
remove_team: SUCCESS
add_player: FAILURE
play_match: INVALID_INPUT
num_played_games_for_player: SUCCESS, 134
add_player_cards: FAILURE
play_match: INVALID_INPUT
get_partial_spirit: FAILURE
get_player_cards: SUCCESS, 167
play_match: INVALID_INPUT
add_player_cards: FAILURE
buy_team: INVALID_INPUT
get_player_cards: SUCCESS, 320
num_played_games_for_player: SUCCESS, 49
add_player: SUCCESS
add_player: SUCCESS
get_partial_spirit: SUCCESS, 1,2,5,3,4
add_player_cards: SUCCESS
add_player: SUCCESS
get_ith_pointless_ability: SUCCESS, 3
add_player: SUCCESS
add_player: SUCCESS
get_team_points: SUCCESS, 0
add_player: SUCCESS
add_player: SUCCESS
get_partial_spirit: SUCCESS, 3,1,5,2,4
get_partial_spirit: FAILURE
get_team_points: SUCCESS, 0
num_played_games_for_player: SUCCESS, 134
get_ith_pointless_ability: SUCCESS, 2
get_partial_spirit: SUCCESS, 1,2,5,3,4
num_played_games_for_player: SUCCESS, 49
buy_team: INVALID_INPUT
get_team_points: SUCCESS, 0
add_player: SUCCESS
add_team: FAILURE
buy_team: INVALID_INPUT
add_player: SUCCESS
get_team_points: SUCCESS, 0
get_ith_pointless_ability: SUCCESS, 2
buy_team: INVALID_INPUT
add_player: SUCCESS
add_player: SUCCESS
add_player_cards: SUCCESS
add_team: FAILURE
get_player_cards: SUCCESS, 167
get_player_cards: SUCCESS, 30
get_team_points: SUCCESS, 0
add_player: SUCCESS
get_team_points: SUCCESS, 0
get_partial_spirit: FAILURE
add_player: SUCCESS
get_partial_spirit: SUCCESS, 5,4,2,1,3
add_player_cards: SUCCESS
get_ith_pointless_ability: SUCCESS, 2
add_team: FAILURE
get_partial_spirit: FAILURE
add_player: SUCCESS
add_player: SUCCESS
get_partial_spirit: SUCCESS, 3,1,5,2,4
num_played_games_for_player: SUCCESS, 246
get_player_cards: SUCCESS, 194
add_player: SUCCESS
add_player: SUCCESS
add_player: SUCCESS
add_team: FAILURE
add_player: SUCCESS
get_player_cards: SUCCESS, 179
buy_team: INVALID_INPUT
num_played_games_for_player: SUCCESS, 118
get_player_cards: SUCCESS, 159
buy_team: INVALID_INPUT
get_ith_pointless_ability: SUCCESS, 3
add_player: SUCCESS
