add_team: SUCCESS
add_team: SUCCESS
add_player: SUCCESS
get_partial_spirit: SUCCESS, 3,4,2,5,1
add_player: SUCCESS
buy_team: INVALID_INPUT
buy_team: INVALID_INPUT
add_player_cards: SUCCESS
get_team_points: SUCCESS, 0
add_team: SUCCESS
add_player: SUCCESS
play_match: FAILURE
remove_team: SUCCESS
add_player: FAILURE
add_player: FAILURE
num_played_games_for_player: SUCCESS, 31
add_player: SUCCESS
get_ith_pointless_ability: SUCCESS, 2
play_match: INVALID_INPUT
num_played_games_for_player: SUCCESS, 31
add_player: SUCCESS
add_player: SUCCESS
get_partial_spirit: SUCCESS, 3,4,2,5,1
play_match: INVALID_INPUT
buy_team: INVALID_INPUT
num_played_games_for_player: SUCCESS, 201
num_played_games_for_player: SUCCESS, 52
get_partial_spirit: SUCCESS, 3,5,4,2,1
add_player: SUCCESS
add_player: SUCCESS
buy_team: INVALID_INPUT
play_match: INVALID_INPUT
get_team_points: SUCCESS, 0
add_team: FAILURE
num_played_games_for_player: SUCCESS, 193
num_played_games_for_player: SUCCESS, 31
get_player_cards: SUCCESS, 235
add_team: FAILURE
get_player_cards: SUCCESS, 235
get_ith_pointless_ability: SUCCESS, 2
add_player: SUCCESS
get_player_cards: SUCCESS, 245
get_team_points: SUCCESS, 0
buy_team: INVALID_INPUT
get_ith_pointless_ability: SUCCESS, 3
get_ith_pointless_ability: SUCCESS, 3
buy_team: INVALID_INPUT
add_player_cards: SUCCESS
num_played_games_for_player: SUCCESS, 193
get_player_cards: SUCCESS, 245
get_player_cards: SUCCESS, 245
buy_team: INVALID_INPUT
num_played_games_for_player: SUCCESS, 193
buy_team: INVALID_INPUT
num_played_games_for_player: SUCCESS, 273
play_match: INVALID_INPUT
add_team: FAILURE
get_player_cards: SUCCESS, 467
get_player_cards: SUCCESS, 136
get_partial_spirit: SUCCESS, 2,4,3,1,5
add_player_cards: SUCCESS
get_ith_pointless_ability: SUCCESS, 3
get_ith_pointless_ability: SUCCESS, 2
add_player: SUCCESS
add_player: SUCCESS
add_player: SUCCESS
num_played_games_for_player: SUCCESS, 31
get_partial_spirit: SUCCESS, 3,2,5,1,4
get_player_cards: SUCCESS, 136
get_partial_spirit: SUCCESS, 3,2,1,5,4
add_player_cards: FAILURE
get_partial_spirit: SUCCESS, 2,1,5,4,3
add_player: SUCCESS
get_ith_pointless_ability: SUCCESS, 2
add_player: SUCCESS
get_team_points: SUCCESS, 0
buy_team: INVALID_INPUT
get_player_cards: SUCCESS, 136
buy_team: INVALID_INPUT
get_ith_pointless_ability: SUCCESS, 2
buy_team: INVALID_INPUT
add_player_cards: SUCCESS
get_team_points: SUCCESS, 0
add_player: SUCCESS
get_team_points: SUCCESS, 0
add_player: SUCCESS
add_team: FAILURE
buy_team: INVALID_INPUT
add_player: SUCCESS
