add_team: SUCCESS
add_team: SUCCESS
add_player: SUCCESS
buy_team: SUCCESS
remove_team: SUCCESS
get_ith_pointless_ability: FAILURE
num_played_games_for_player: SUCCESS, 207
get_partial_spirit: FAILURE
num_played_games_for_player: SUCCESS, 207
buy_team: INVALID_INPUT
get_player_cards: SUCCESS, 18
add_team: SUCCESS
get_partial_spirit: FAILURE
add_player: FAILURE
get_team_points: FAILURE
add_team: FAILURE
add_player_cards: FAILURE
add_player: FAILURE
get_team_points: FAILURE
add_player: FAILURE
get_player_cards: SUCCESS, 18
add_player: FAILURE
get_team_points: FAILURE
get_partial_spirit: FAILURE
get_team_points: FAILURE
add_player_cards: FAILURE
get_partial_spirit: FAILURE
add_player: FAILURE
get_team_points: FAILURE
add_player_cards: FAILURE
add_player: FAILURE
num_played_games_for_player: SUCCESS, 207
get_team_points: FAILURE
add_player: FAILURE
add_player: FAILURE
get_ith_pointless_ability: FAILURE
play_match: INVALID_INPUT
get_team_points: FAILURE
num_played_games_for_player: SUCCESS, 207
num_played_games_for_player: SUCCESS, 207
get_team_points: FAILURE
num_played_games_for_player: SUCCESS, 207
add_player: FAILURE
add_team: FAILURE
num_played_games_for_player: SUCCESS, 207
add_player: FAILURE
add_player: FAILURE
get_ith_pointless_ability: FAILURE
get_partial_spirit: FAILURE
add_team: FAILURE
get_ith_pointless_ability: FAILURE
add_player: FAILURE
add_team: FAILURE
get_team_points: FAILURE
add_player_cards: FAILURE
add_player_cards: FAILURE
num_played_games_for_player: SUCCESS, 207
num_played_games_for_player: SUCCESS, 207
get_team_points: FAILURE
play_match: INVALID_INPUT
play_match: INVALID_INPUT
num_played_games_for_player: SUCCESS, 207
get_partial_spirit: FAILURE
get_partial_spirit: FAILURE
play_match: INVALID_INPUT
add_player: FAILURE
get_ith_pointless_ability: FAILURE
get_player_cards: SUCCESS, 18
buy_team: INVALID_INPUT
buy_team: INVALID_INPUT
add_team: FAILURE
get_ith_pointless_ability: FAILURE
add_player: FAILURE
add_player: FAILURE
add_team: FAILURE
add_player: FAILURE
buy_team: INVALID_INPUT
add_team: FAILURE
get_player_cards: SUCCESS, 18
add_player: FAILURE
add_player: FAILURE
get_partial_spirit: FAILURE
add_team: FAILURE
buy_team: INVALID_INPUT
get_ith_pointless_ability: SUCCESS, 2
get_team_points: FAILURE
buy_team: INVALID_INPUT
get_ith_pointless_ability: SUCCESS, 2
get_ith_pointless_ability: FAILURE
add_player: FAILURE
add_player: FAILURE
get_team_points: FAILURE
add_team: FAILURE
