add_team: SUCCESS
add_team: SUCCESS
add_player: SUCCESS
num_played_games_for_player: SUCCESS, 96
get_partial_spirit: SUCCESS, 1,5,2,3,4
get_team_points: SUCCESS, 0
get_player_cards: SUCCESS, 158
play_match: FAILURE
num_played_games_for_player: SUCCESS, 96
get_partial_spirit: SUCCESS, 1,5,2,3,4
play_match: FAILURE
add_player: SUCCESS
add_player: SUCCESS
get_team_points: SUCCESS, 0
add_player: SUCCESS
add_player: SUCCESS
get_player_cards: SUCCESS, 40
get_team_points: SUCCESS, 0
add_player_cards: SUCCESS
add_player_cards: SUCCESS
get_ith_pointless_ability: SUCCESS, 2
get_ith_pointless_ability: SUCCESS, 1
get_team_points: SUCCESS, 0
add_team: SUCCESS
get_partial_spirit: SUCCESS, 4,1,3,2,5
get_ith_pointless_ability: SUCCESS, 1
add_player: SUCCESS
get_ith_pointless_ability: SUCCESS, 1
play_match: SUCCESS, 3
get_partial_spirit: SUCCESS, 1,5,2,3,4
get_player_cards: SUCCESS, 229
remove_team: SUCCESS
buy_team: INVALID_INPUT
add_player_cards: SUCCESS
add_player: SUCCESS
buy_team: INVALID_INPUT
add_player: SUCCESS
add_player: SUCCESS
add_player: SUCCESS
get_ith_pointless_ability: SUCCESS, 3
get_player_cards: SUCCESS, 96
get_team_points: SUCCESS, 3
add_player: SUCCESS
play_match: INVALID_INPUT
add_player: SUCCESS
num_played_games_for_player: SUCCESS, 154
add_team: SUCCESS
add_player: SUCCESS
get_player_cards: SUCCESS, 278
get_ith_pointless_ability: SUCCESS, 3
get_team_points: SUCCESS, 3
add_player: SUCCESS
get_ith_pointless_ability: SUCCESS, 2
add_player_cards: SUCCESS
get_ith_pointless_ability: SUCCESS, 2
get_player_cards: SUCCESS, 96
add_player: SUCCESS
add_player: SUCCESS
buy_team: INVALID_INPUT
add_player_cards: SUCCESS
play_match: INVALID_INPUT
add_player: SUCCESS
add_player_cards: SUCCESS
num_played_games_for_player: SUCCESS, 23
get_ith_pointless_ability: SUCCESS, 3
add_team: FAILURE
get_team_points: SUCCESS, 3
get_team_points: SUCCESS, 3
get_partial_spirit: SUCCESS, 1,5,2,3,4
get_ith_pointless_ability: SUCCESS, 3
play_match: INVALID_INPUT
add_player: SUCCESS
add_player: SUCCESS
get_team_points: SUCCESS, 3
play_match: INVALID_INPUT
num_played_games_for_player: SUCCESS, 245
get_partial_spirit: SUCCESS, 1,5,2,3,4
num_played_games_for_player: SUCCESS, 238
add_player_cards: SUCCESS
get_ith_pointless_ability: SUCCESS, 3
get_ith_pointless_ability: SUCCESS, 2
add_player: SUCCESS
get_player_cards: SUCCESS, 51
buy_team: INVALID_INPUT
add_player: SUCCESS
add_player: SUCCESS
add_player: SUCCESS
get_player_cards: SUCCESS, 38
play_match: INVALID_INPUT
add_team: FAILURE
