add_team: SUCCESS
add_team: SUCCESS
add_player: SUCCESS
buy_team: INVALID_INPUT
play_match: FAILURE
add_player_cards: SUCCESS
get_team_points: SUCCESS, 0
play_match: FAILURE
play_match: FAILURE
add_team: SUCCESS
buy_team: INVALID_INPUT
add_player: SUCCESS
get_partial_spirit: SUCCESS, 2,1,3,5,4
get_player_cards: SUCCESS, 284
add_player: SUCCESS
add_player: SUCCESS
add_player: SUCCESS
num_played_games_for_player: SUCCESS, 258
add_team: FAILURE
add_team: FAILURE
get_ith_pointless_ability: SUCCESS, 1
buy_team: INVALID_INPUT
get_player_cards: SUCCESS, 278
add_team: FAILURE
remove_team: SUCCESS
play_match: INVALID_INPUT
add_team: SUCCESS
get_team_points: SUCCESS, 0
buy_team: INVALID_INPUT
num_played_games_for_player: SUCCESS, 178
buy_team: INVALID_INPUT
get_partial_spirit: SUCCESS, 1,4,2,3,5
num_played_games_for_player: SUCCESS, 226
get_player_cards: SUCCESS, 127
get_ith_pointless_ability: SUCCESS, 2
get_team_points: SUCCESS, 0
get_team_points: SUCCESS, 0
add_player: SUCCESS
get_player_cards: SUCCESS, 284
add_player: SUCCESS
get_player_cards: SUCCESS, 192
add_player: SUCCESS
num_played_games_for_player: SUCCESS, 276
add_player: SUCCESS
add_team: FAILURE
add_player: SUCCESS
play_match: INVALID_INPUT
buy_team: INVALID_INPUT
add_player: SUCCESS
add_team: FAILURE
add_player: SUCCESS
get_team_points: SUCCESS, 0
add_player: SUCCESS
num_played_games_for_player: SUCCESS, 178
add_player: SUCCESS
buy_team: INVALID_INPUT
get_partial_spirit: SUCCESS, 3,2,4,1,5
add_player: SUCCESS
get_partial_spirit: SUCCESS, 5,1,4,3,2
add_player: SUCCESS
add_player: SUCCESS
play_match: INVALID_INPUT
buy_team: INVALID_INPUT
add_team: FAILURE
num_played_games_for_player: SUCCESS, 42
get_partial_spirit: SUCCESS, 4,3,1,2,5
add_team: FAILURE
num_played_games_for_player: SUCCESS, 18
get_team_points: SUCCESS, 0
get_ith_pointless_ability: SUCCESS, 2
get_team_points: SUCCESS, 0
add_player: SUCCESS
add_team: FAILURE
buy_team: INVALID_INPUT
add_player: SUCCESS
add_team: FAILURE
get_ith_pointless_ability: SUCCESS, 3
get_team_points: SUCCESS, 0
get_player_cards: SUCCESS, 12
add_player: SUCCESS
add_player: SUCCESS
add_player_cards: SUCCESS
play_match: INVALID_INPUT
add_player: SUCCESS
get_ith_pointless_ability: SUCCESS, 2
add_team: FAILURE
get_team_points: SUCCESS, 0
