add_team: SUCCESS
add_team: SUCCESS
add_player: SUCCESS
buy_team: SUCCESS
get_partial_spirit: SUCCESS, 5,1,3,2,4
add_player: SUCCESS
get_partial_spirit: SUCCESS, 5,1,3,2,4
buy_team: INVALID_INPUT
get_ith_pointless_ability: FAILURE
add_team: SUCCESS
add_player_cards: SUCCESS
add_player: FAILURE
add_player_cards: SUCCESS
get_ith_pointless_ability: SUCCESS, 1
add_player: FAILURE
get_partial_spirit: SUCCESS, 5,1,3,2,4
play_match: FAILURE
get_partial_spirit: SUCCESS, 5,1,3,2,4
add_player_cards: SUCCESS
add_team: FAILURE
add_player: SUCCESS
get_team_points: FAILURE
get_player_cards: SUCCESS, 32
add_player: FAILURE
add_player: FAILURE
remove_team: SUCCESS
get_player_cards: SUCCESS, 170
get_team_points: FAILURE
get_ith_pointless_ability: SUCCESS, 1
add_player: FAILURE
add_player: FAILURE
get_partial_spirit: FAILURE
add_team: SUCCESS
add_team: FAILURE
num_played_games_for_player: SUCCESS, 218
add_player: FAILURE
add_player_cards: FAILURE
buy_team: INVALID_INPUT
buy_team: INVALID_INPUT
buy_team: INVALID_INPUT
get_ith_pointless_ability: SUCCESS, 2
add_player: FAILURE
add_player: FAILURE
get_partial_spirit: FAILURE
add_player: FAILURE
add_player: FAILURE
add_player_cards: FAILURE
add_team: FAILURE
add_team: FAILURE
get_team_points: FAILURE
play_match: INVALID_INPUT
add_player_cards: FAILURE
play_match: INVALID_INPUT
add_player: FAILURE
get_player_cards: SUCCESS, 170
get_player_cards: SUCCESS, 170
add_player: FAILURE
add_player: FAILURE
add_player: FAILURE
get_team_points: FAILURE
add_player: FAILURE
add_player: FAILURE
get_partial_spirit: FAILURE
num_played_games_for_player: SUCCESS, 88
get_team_points: FAILURE
add_player_cards: FAILURE
get_ith_pointless_ability: SUCCESS, 2
add_player: FAILURE
add_player: FAILURE
buy_team: INVALID_INPUT
get_ith_pointless_ability: SUCCESS, 1
add_player_cards: FAILURE
num_played_games_for_player: SUCCESS, 48
add_player_cards: FAILURE
get_ith_pointless_ability: SUCCESS, 1
get_ith_pointless_ability: SUCCESS, 2
get_team_points: FAILURE
get_player_cards: SUCCESS, 170
add_player: FAILURE
add_player: FAILURE
get_team_points: FAILURE
add_team: FAILURE
add_team: FAILURE
add_player_cards: FAILURE
get_team_points: FAILURE
get_ith_pointless_ability: SUCCESS, 1
get_partial_spirit: FAILURE
get_partial_spirit: FAILURE
