add_team: SUCCESS
add_team: SUCCESS
add_player: SUCCESS
remove_team: SUCCESS
add_player_cards: FAILURE
play_match: INVALID_INPUT
play_match: INVALID_INPUT
play_match: INVALID_INPUT
buy_team: INVALID_INPUT
buy_team: INVALID_INPUT
add_player: SUCCESS
play_match: INVALID_INPUT
add_team: SUCCESS
add_player: SUCCESS
get_partial_spirit: SUCCESS, 1,4,2,5,3
get_team_points: SUCCESS, 0
play_match: INVALID_INPUT
num_played_games_for_player: SUCCESS, 207
get_player_cards: SUCCESS, 199
get_team_points: SUCCESS, 0
num_played_games_for_player: SUCCESS, 233
buy_team: INVALID_INPUT
num_played_games_for_player: SUCCESS, 253
buy_team: INVALID_INPUT
add_team: FAILURE
get_player_cards: SUCCESS, 199
add_player: SUCCESS
get_ith_pointless_ability: SUCCESS, 1
add_player: SUCCESS
buy_team: INVALID_INPUT
add_player: SUCCESS
buy_team: INVALID_INPUT
add_player: SUCCESS
play_match: INVALID_INPUT
get_team_points: SUCCESS, 0
get_ith_pointless_ability: SUCCESS, 1
add_player_cards: SUCCESS
get_player_cards: SUCCESS, 51
get_player_cards: SUCCESS, 253
get_ith_pointless_ability: SUCCESS, 1
add_player: SUCCESS
add_player: SUCCESS
play_match: INVALID_INPUT
play_match: INVALID_INPUT
add_player: SUCCESS
get_player_cards: SUCCESS, 293
add_team: FAILURE
add_team: FAILURE
add_player_cards: SUCCESS
add_player: SUCCESS
add_player: SUCCESS
add_player_cards: SUCCESS
add_player: SUCCESS
add_player: SUCCESS
buy_team: INVALID_INPUT
get_partial_spirit: SUCCESS, 4,3,1,5,2
get_ith_pointless_ability: SUCCESS, 2
add_player: SUCCESS
add_player_cards: SUCCESS
add_team: FAILURE
add_team: FAILURE
add_player: SUCCESS
add_team: FAILURE
add_team: FAILURE
add_player: SUCCESS
add_player: SUCCESS
get_team_points: SUCCESS, 0
add_team: FAILURE
get_team_points: SUCCESS, 0
play_match: INVALID_INPUT
get_team_points: SUCCESS, 0
add_player_cards: SUCCESS
num_played_games_for_player: SUCCESS, 227
play_match: INVALID_INPUT
add_player: SUCCESS
get_ith_pointless_ability: SUCCESS, 1
get_player_cards: SUCCESS, 199
get_team_points: SUCCESS, 0
add_player: SUCCESS
buy_team: INVALID_INPUT
add_player: SUCCESS
add_player: SUCCESS
get_ith_pointless_ability: SUCCESS, 2
add_player_cards: SUCCESS
buy_team: INVALID_INPUT
get_team_points: SUCCESS, 0
get_player_cards: SUCCESS, 76
play_match: INVALID_INPUT
add_player_cards: SUCCESS
get_ith_pointless_ability: SUCCESS, 1
buy_team: INVALID_INPUT
