add_team: SUCCESS
add_team: SUCCESS
add_player: SUCCESS
get_ith_pointless_ability: SUCCESS, 2
get_partial_spirit: SUCCESS, 2,5,1,4,3
add_team: SUCCESS
remove_team: SUCCESS
add_player_cards: SUCCESS
play_match: INVALID_INPUT
get_team_points: SUCCESS, 0
add_player: SUCCESS
get_team_points: SUCCESS, 0
get_player_cards: SUCCESS, 248
add_player: SUCCESS
add_player: SUCCESS
num_played_games_for_player: SUCCESS, 153
get_partial_spirit: SUCCESS, 5,3,2,4,1
add_team: FAILURE
add_player: SUCCESS
num_played_games_for_player: SUCCESS, 137
add_team: FAILURE
get_partial_spirit: SUCCESS, 1,5,2,3,4
add_player: SUCCESS
add_player_cards: SUCCESS
get_partial_spirit: SUCCESS, 2,5,1,4,3
get_team_points: SUCCESS, 0
add_player: SUCCESS
num_played_games_for_player: SUCCESS, 192
add_player_cards: SUCCESS
play_match: INVALID_INPUT
get_player_cards: SUCCESS, 453
add_player: SUCCESS
add_player_cards: SUCCESS
num_played_games_for_player: SUCCESS, 85
buy_team: INVALID_INPUT
get_player_cards: SUCCESS, 453
add_player: SUCCESS
play_match: INVALID_INPUT
add_player: SUCCESS
add_player: SUCCESS
num_played_games_for_player: SUCCESS, 42
get_ith_pointless_ability: SUCCESS, 2
add_player: SUCCESS
add_player_cards: SUCCESS
add_player_cards: SUCCESS
buy_team: INVALID_INPUT
add_player: SUCCESS
get_team_points: SUCCESS, 0
add_player: SUCCESS
num_played_games_for_player: SUCCESS, 42
get_team_points: SUCCESS, 0
add_player: SUCCESS
add_player: SUCCESS
buy_team: INVALID_INPUT
get_team_points: SUCCESS, 0
add_team: FAILURE
get_ith_pointless_ability: SUCCESS, 3
play_match: INVALID_INPUT
get_player_cards: SUCCESS, 2
add_team: FAILURE
add_player_cards: SUCCESS
get_ith_pointless_ability: SUCCESS, 2
get_team_points: SUCCESS, 0
play_match: INVALID_INPUT
get_team_points: SUCCESS, 0
add_player: SUCCESS
add_player: SUCCESS
num_played_games_for_player: SUCCESS, 42
num_played_games_for_player: SUCCESS, 42
add_player: SUCCESS
add_player: SUCCESS
get_ith_pointless_ability: SUCCESS, 3
add_player: SUCCESS
get_team_points: SUCCESS, 0
add_player: SUCCESS
add_player: SUCCESS
get_partial_spirit: SUCCESS, 3,2,1,5,4
get_ith_pointless_ability: SUCCESS, 2
get_partial_spirit: SUCCESS, 1,4,5,2,3
add_player: SUCCESS
play_match: INVALID_INPUT
add_team: FAILURE
add_player: SUCCESS
add_team: FAILURE
buy_team: INVALID_INPUT
add_player_cards: SUCCESS
get_ith_pointless_ability: SUCCESS, 2
get_partial_spirit: SUCCESS, 3,2,1,5,4
add_player: SUCCESS
add_player_cards: SUCCESS
