add_team: SUCCESS
add_team: SUCCESS
add_player: SUCCESS
remove_team: SUCCESS
add_team: SUCCESS
get_player_cards: SUCCESS, 91
add_player: SUCCESS
get_player_cards: SUCCESS, 91
get_team_points: SUCCESS, 0
add_team: FAILURE
get_partial_spirit: FAILURE
get_partial_spirit: SUCCESS, 4,3,1,2,5
add_player: SUCCESS
num_played_games_for_player: SUCCESS, 64
get_team_points: SUCCESS, 0
get_team_points: SUCCESS, 0
play_match: INVALID_INPUT
play_match: INVALID_INPUT
get_team_points: SUCCESS, 0
get_ith_pointless_ability: SUCCESS, 3
num_played_games_for_player: SUCCESS, 298
get_partial_spirit: SUCCESS, 4,3,1,2,5
get_partial_spirit: SUCCESS, 4,3,1,2,5
add_player: SUCCESS
add_player: SUCCESS
get_partial_spirit: SUCCESS, 4,3,1,2,5
get_ith_pointless_ability: SUCCESS, 3
get_player_cards: SUCCESS, 91
add_team: FAILURE
add_player: SUCCESS
get_partial_spirit: SUCCESS, 4,5,3,1,2
play_match: INVALID_INPUT
get_team_points: SUCCESS, 0
add_player: SUCCESS
get_team_points: SUCCESS, 0
num_played_games_for_player: SUCCESS, 64
buy_team: INVALID_INPUT
add_player_cards: SUCCESS
add_player: SUCCESS
get_team_points: SUCCESS, 0
add_player: SUCCESS
buy_team: INVALID_INPUT
add_player_cards: SUCCESS
add_player: SUCCESS
get_player_cards: SUCCESS, 335
add_player: SUCCESS
add_player: SUCCESS
add_player: SUCCESS
add_team: FAILURE
get_player_cards: SUCCESS, 248
add_player: SUCCESS
add_player_cards: SUCCESS
get_ith_pointless_ability: SUCCESS, 2
get_player_cards: SUCCESS, 104
add_team: FAILURE
add_player: SUCCESS
num_played_games_for_player: SUCCESS, 247
add_player: SUCCESS
get_partial_spirit: SUCCESS, 5,4,2,1,3
add_team: FAILURE
num_played_games_for_player: SUCCESS, 137
add_player_cards: SUCCESS
get_ith_pointless_ability: SUCCESS, 3
num_played_games_for_player: SUCCESS, 210
add_player: SUCCESS
add_player: SUCCESS
add_team: FAILURE
add_player_cards: SUCCESS
add_player: SUCCESS
get_player_cards: SUCCESS, 16
get_partial_spirit: SUCCESS, 1,2,3,4,5
add_team: FAILURE
num_played_games_for_player: SUCCESS, 247
num_played_games_for_player: SUCCESS, 77
add_player: SUCCESS
get_team_points: SUCCESS, 0
get_ith_pointless_ability: SUCCESS, 2
add_player: SUCCESS
buy_team: INVALID_INPUT
add_player_cards: SUCCESS
buy_team: INVALID_INPUT
buy_team: INVALID_INPUT
num_played_games_for_player: SUCCESS, 10
get_team_points: SUCCESS, 0
num_played_games_for_player: SUCCESS, 64
get_partial_spirit: SUCCESS, 1,4,5,3,2
get_partial_spirit: SUCCESS, 3,5,4,2,1
add_player: SUCCESS
add_player: SUCCESS
