add_team: SUCCESS
add_team: SUCCESS
add_player: SUCCESS
add_player_cards: SUCCESS
get_partial_spirit: SUCCESS, 4,2,5,1,3
add_player: SUCCESS
get_player_cards: SUCCESS, 534
remove_team: SUCCESS
get_ith_pointless_ability: FAILURE
add_team: SUCCESS
add_player: SUCCESS
add_team: FAILURE
buy_team: INVALID_INPUT
get_ith_pointless_ability: SUCCESS, 2
add_player: SUCCESS
add_team: FAILURE
get_team_points: SUCCESS, 0
get_ith_pointless_ability: SUCCESS, 1
play_match: INVALID_INPUT
num_played_games_for_player: SUCCESS, 219
play_match: INVALID_INPUT
add_player_cards: SUCCESS
add_player_cards: SUCCESS
add_player: SUCCESS
add_player_cards: SUCCESS
add_player: SUCCESS
get_team_points: SUCCESS, 0
add_player_cards: SUCCESS
play_match: INVALID_INPUT
add_team: FAILURE
num_played_games_for_player: SUCCESS, 271
add_player_cards: SUCCESS
get_partial_spirit: SUCCESS, 4,2,5,1,3
get_ith_pointless_ability: SUCCESS, 2
buy_team: INVALID_INPUT
add_player_cards: SUCCESS
get_ith_pointless_ability: SUCCESS, 1
add_team: FAILURE
get_team_points: SUCCESS, 0
get_ith_pointless_ability: SUCCESS, 2
add_player: SUCCESS
get_team_points: SUCCESS, 0
add_team: FAILURE
add_player: SUCCESS
add_player_cards: SUCCESS
buy_team: INVALID_INPUT
get_partial_spirit: SUCCESS, 4,2,5,1,3
add_player: SUCCESS
add_player_cards: SUCCESS
get_partial_spirit: SUCCESS, 4,5,1,3,2
add_team: FAILURE
add_player: SUCCESS
buy_team: INVALID_INPUT
add_player_cards: SUCCESS
add_team: FAILURE
get_partial_spirit: SUCCESS, 2,1,4,5,3
add_team: FAILURE
add_player_cards: SUCCESS
get_ith_pointless_ability: SUCCESS, 1
get_team_points: SUCCESS, 0
add_player: SUCCESS
add_player: SUCCESS
get_team_points: SUCCESS, 0
add_player_cards: SUCCESS
num_played_games_for_player: SUCCESS, 23
buy_team: INVALID_INPUT
add_team: FAILURE
add_player: SUCCESS
num_played_games_for_player: SUCCESS, 242
get_player_cards: SUCCESS, 179
get_player_cards: SUCCESS, 160
get_ith_pointless_ability: SUCCESS, 1
num_played_games_for_player: SUCCESS, 271
add_player: SUCCESS
add_team: FAILURE
play_match: INVALID_INPUT
num_played_games_for_player: SUCCESS, 38
play_match: INVALID_INPUT
num_played_games_for_player: SUCCESS, 209
add_player: SUCCESS
play_match: INVALID_INPUT
get_partial_spirit: SUCCESS, 3,4,5,2,1
num_played_games_for_player: SUCCESS, 209
num_played_games_for_player: SUCCESS, 278
buy_team: INVALID_INPUT
add_team: FAILURE
get_ith_pointless_ability: SUCCESS, 2
add_player: SUCCESS
buy_team: INVALID_INPUT
add_player: SUCCESS
add_player: SUCCESS
num_played_games_for_player: SUCCESS, 158
add_player: SUCCESS
add_team: FAILURE
