add_team: SUCCESS
add_team: SUCCESS
add_player: SUCCESS
add_team: SUCCESS
get_partial_spirit: SUCCESS, 1,2,5,4,3
remove_team: SUCCESS
play_match: INVALID_INPUT
add_player_cards: SUCCESS
add_player: SUCCESS
get_team_points: SUCCESS, 0
add_player: SUCCESS
play_match: INVALID_INPUT
get_team_points: SUCCESS, 0
play_match: INVALID_INPUT
num_played_games_for_player: SUCCESS, 84
get_player_cards: SUCCESS, 296
add_player: SUCCESS
add_player: SUCCESS
add_player: SUCCESS
get_partial_spirit: SUCCESS, 5,3,1,4,2
get_partial_spirit: SUCCESS, 1,2,5,4,3
num_played_games_for_player: SUCCESS, 113
get_player_cards: SUCCESS, 296
num_played_games_for_player: SUCCESS, 113
get_partial_spirit: SUCCESS, 2,4,1,3,5
get_partial_spirit: SUCCESS, 2,4,1,3,5
get_ith_pointless_ability: SUCCESS, 1
add_player: SUCCESS
get_team_points: SUCCESS, 0
get_partial_spirit: SUCCESS, 2,4,1,3,5
add_player: SUCCESS
add_player: SUCCESS
add_player: SUCCESS
add_player_cards: SUCCESS
add_player: SUCCESS
add_player: SUCCESS
num_played_games_for_player: SUCCESS, 128
add_player: SUCCESS
get_partial_spirit: SUCCESS, 2,1,5,4,3
get_ith_pointless_ability: SUCCESS, 1
get_player_cards: SUCCESS, 110
add_player: SUCCESS
play_match: INVALID_INPUT
add_player: SUCCESS
add_player: SUCCESS
add_player: SUCCESS
get_partial_spirit: SUCCESS, 3,1,5,4,2
buy_team: INVALID_INPUT
add_player: SUCCESS
add_player: SUCCESS
get_partial_spirit: SUCCESS, 4,2,1,3,5
get_partial_spirit: SUCCESS, 5,1,2,3,4
get_team_points: SUCCESS, 0
add_player_cards: SUCCESS
add_team: SUCCESS
add_player_cards: SUCCESS
get_ith_pointless_ability: SUCCESS, 2
play_match: INVALID_INPUT
play_match: INVALID_INPUT
num_played_games_for_player: SUCCESS, 200
get_team_points: SUCCESS, 0
add_player: SUCCESS
add_player: SUCCESS
add_player_cards: SUCCESS
get_ith_pointless_ability: SUCCESS, 3
buy_team: INVALID_INPUT
get_ith_pointless_ability: SUCCESS, 3
add_player: SUCCESS
play_match: INVALID_INPUT
play_match: INVALID_INPUT
add_player_cards: SUCCESS
get_partial_spirit: SUCCESS, 1,2,5,4,3
add_player: SUCCESS
add_team: FAILURE
add_player_cards: SUCCESS
add_player: SUCCESS
play_match: INVALID_INPUT
add_player_cards: SUCCESS
add_team: FAILURE
add_team: FAILURE
get_team_points: SUCCESS, 0
get_player_cards: SUCCESS, 402
add_player_cards: SUCCESS
add_player: SUCCESS
get_team_points: SUCCESS, 0
add_player: SUCCESS
add_player: SUCCESS
num_played_games_for_player: SUCCESS, 261
get_ith_pointless_ability: SUCCESS, 2
get_team_points: SUCCESS, 0
play_match: INVALID_INPUT
