add_team: SUCCESS
add_team: SUCCESS
add_player: SUCCESS
num_played_games_for_player: SUCCESS, 140
get_partial_spirit: SUCCESS, 5,3,2,1,4
get_ith_pointless_ability: SUCCESS, 2
get_partial_spirit: SUCCESS, 5,3,2,1,4
get_player_cards: SUCCESS, 180
play_match: FAILURE
remove_team: SUCCESS
add_player_cards: FAILURE
get_player_cards: SUCCESS, 180
get_ith_pointless_ability: SUCCESS, 2
add_player_cards: FAILURE
get_player_cards: SUCCESS, 180
add_player: SUCCESS
add_team: SUCCESS
get_ith_pointless_ability: SUCCESS, 3
num_played_games_for_player: SUCCESS, 35
get_team_points: SUCCESS, 0
get_ith_pointless_ability: SUCCESS, 3
add_player: SUCCESS
buy_team: INVALID_INPUT
get_partial_spirit: SUCCESS, 5,4,2,1,3
num_played_games_for_player: SUCCESS, 43
num_played_games_for_player: SUCCESS, 140
num_played_games_for_player: SUCCESS, 140
get_team_points: SUCCESS, 0
play_match: INVALID_INPUT
play_match: INVALID_INPUT
add_player: SUCCESS
get_ith_pointless_ability: SUCCESS, 2
add_player_cards: SUCCESS
get_player_cards: SUCCESS, 182
play_match: INVALID_INPUT
num_played_games_for_player: SUCCESS, 35
play_match: INVALID_INPUT
add_player: SUCCESS
buy_team: INVALID_INPUT
get_partial_spirit: SUCCESS, 1,2,3,4,5
add_player_cards: SUCCESS
add_team: FAILURE
add_player: SUCCESS
add_player: SUCCESS
buy_team: INVALID_INPUT
get_player_cards: SUCCESS, 283
get_ith_pointless_ability: SUCCESS, 3
add_player: SUCCESS
add_player_cards: SUCCESS
get_player_cards: SUCCESS, 92
add_player: SUCCESS
add_player: SUCCESS
num_played_games_for_player: SUCCESS, 239
get_ith_pointless_ability: SUCCESS, 2
play_match: INVALID_INPUT
num_played_games_for_player: SUCCESS, 239
get_team_points: SUCCESS, 0
add_player: SUCCESS
get_player_cards: SUCCESS, 120
add_player: SUCCESS
add_player: SUCCESS
add_player_cards: SUCCESS
get_player_cards: SUCCESS, 157
add_player: SUCCESS
add_team: FAILURE
add_player: SUCCESS
get_player_cards: SUCCESS, 180
get_ith_pointless_ability: SUCCESS, 2
add_player: SUCCESS
get_partial_spirit: SUCCESS, 1,2,3,4,5
get_partial_spirit: SUCCESS, 1,2,3,4,5
num_played_games_for_player: SUCCESS, 252
get_player_cards: SUCCESS, 424
add_player: SUCCESS
add_player: SUCCESS
get_team_points: SUCCESS, 0
add_player_cards: SUCCESS
add_team: FAILURE
add_team: FAILURE
get_team_points: SUCCESS, 0
get_ith_pointless_ability: SUCCESS, 2
get_player_cards: SUCCESS, 157
play_match: INVALID_INPUT
get_ith_pointless_ability: SUCCESS, 2
get_ith_pointless_ability: SUCCESS, 2
