add_team: SUCCESS
add_team: SUCCESS
add_player: SUCCESS
add_player: SUCCESS
get_partial_spirit: SUCCESS, 4,3,2,5,1
add_player: SUCCESS
play_match: FAILURE
get_team_points: SUCCESS, 0
get_partial_spirit: SUCCESS, 5,3,1,2,4
add_team: SUCCESS
add_player_cards: SUCCESS
play_match: FAILURE
add_player: SUCCESS
add_player_cards: SUCCESS
num_played_games_for_player: SUCCESS, 165
add_player: SUCCESS
remove_team: SUCCESS
add_player: SUCCESS
play_match: INVALID_INPUT
get_ith_pointless_ability: SUCCESS, 2
play_match: INVALID_INPUT
num_played_games_for_player: SUCCESS, 172
add_player_cards: SUCCESS
get_player_cards: SUCCESS, 202
add_team: FAILURE
add_player: SUCCESS
get_partial_spirit: SUCCESS, 3,4,5,2,1
num_played_games_for_player: SUCCESS, 13
get_team_points: SUCCESS, 0
get_team_points: SUCCESS, 0
get_partial_spirit: SUCCESS, 3,4,5,2,1
num_played_games_for_player: SUCCESS, 266
buy_team: INVALID_INPUT
get_team_points: SUCCESS, 0
get_ith_pointless_ability: SUCCESS, 3
add_player: SUCCESS
num_played_games_for_player: SUCCESS, 224
get_player_cards: SUCCESS, 246
add_team: FAILURE
num_played_games_for_player: SUCCESS, 172
num_played_games_for_player: SUCCESS, 165
add_player: SUCCESS
add_player: SUCCESS
get_partial_spirit: SUCCESS, 4,3,1,5,2
num_played_games_for_player: SUCCESS, 44
add_player_cards: SUCCESS
get_ith_pointless_ability: SUCCESS, 2
get_partial_spirit: SUCCESS, 5,1,3,2,4
get_ith_pointless_ability: SUCCESS, 2
play_match: INVALID_INPUT
buy_team: INVALID_INPUT
add_player: SUCCESS
play_match: INVALID_INPUT
add_player_cards: SUCCESS
add_player: SUCCESS
add_player_cards: SUCCESS
buy_team: INVALID_INPUT
add_team: FAILURE
buy_team: INVALID_INPUT
get_player_cards: SUCCESS, 187
add_player: SUCCESS
buy_team: INVALID_INPUT
play_match: INVALID_INPUT
add_player: SUCCESS
get_player_cards: SUCCESS, 187
buy_team: INVALID_INPUT
play_match: INVALID_INPUT
add_player: SUCCESS
add_team: FAILURE
get_team_points: SUCCESS, 0
get_player_cards: SUCCESS, 77
add_player: SUCCESS
get_player_cards: SUCCESS, 77
add_player: SUCCESS
add_player: SUCCESS
get_player_cards: SUCCESS, 77
add_team: FAILURE
get_ith_pointless_ability: SUCCESS, 3
add_player: SUCCESS
add_player_cards: SUCCESS
get_team_points: SUCCESS, 0
get_partial_spirit: FAILURE
num_played_games_for_player: SUCCESS, 224
get_ith_pointless_ability: SUCCESS, 3
play_match: INVALID_INPUT
