add_team: SUCCESS
add_team: SUCCESS
add_player: SUCCESS
add_player: SUCCESS
add_team: SUCCESS
play_match: FAILURE
buy_team: SUCCESS
add_team: FAILURE
add_player: SUCCESS
buy_team: FAILURE
add_player_cards: SUCCESS
get_team_points: SUCCESS, 0
get_team_points: SUCCESS, 0
play_match: FAILURE
add_player: FAILURE
buy_team: FAILURE
add_team: FAILURE
add_player: SUCCESS
num_played_games_for_player: SUCCESS, 45
remove_team: FAILURE
get_team_points: SUCCESS, 0
play_match: FAILURE
num_played_games_for_player: SUCCESS, 177
play_match: FAILURE
play_match: FAILURE
get_partial_spirit: SUCCESS, 3,2,4,1,5
add_player_cards: SUCCESS
add_player: FAILURE
get_partial_spirit: SUCCESS, 2,3,1,5,4
add_player_cards: SUCCESS
get_ith_pointless_ability: SUCCESS, 3
remove_team: FAILURE
add_team: FAILURE
get_ith_pointless_ability: SUCCESS, 3
add_player: FAILURE
get_player_cards: SUCCESS, 474
add_player: SUCCESS
buy_team: INVALID_INPUT
num_played_games_for_player: SUCCESS, 177
get_partial_spirit: SUCCESS, 1,5,3,2,4
play_match: FAILURE
get_partial_spirit: SUCCESS, 3,2,4,1,5
remove_team: FAILURE
num_played_games_for_player: SUCCESS, 212
add_player: SUCCESS
remove_team: SUCCESS
add_team: SUCCESS
add_player: FAILURE
add_player: FAILURE
get_player_cards: SUCCESS, 163
add_team: FAILURE
get_player_cards: SUCCESS, 474
play_match: INVALID_INPUT
add_player: FAILURE
add_player_cards: FAILURE
play_match: INVALID_INPUT
add_player_cards: FAILURE
add_player_cards: FAILURE
add_player: FAILURE
add_team: FAILURE
get_ith_pointless_ability: SUCCESS, 2
num_played_games_for_player: SUCCESS, 212
add_team: FAILURE
add_team: FAILURE
add_team: FAILURE
add_team: FAILURE
add_player_cards: FAILURE
num_played_games_for_player: SUCCESS, 177
add_player: FAILURE
get_player_cards: SUCCESS, 109
add_player: FAILURE
get_ith_pointless_ability: SUCCESS, 2
add_player_cards: FAILURE
add_player: FAILURE
add_player: FAILURE
get_team_points: FAILURE
add_player_cards: FAILURE
get_partial_spirit: FAILURE
add_player: FAILURE
get_ith_pointless_ability: SUCCESS, 3
num_played_games_for_player: SUCCESS, 153
num_played_games_for_player: SUCCESS, 255
num_played_games_for_player: SUCCESS, 45
add_team: FAILURE
add_player: FAILURE
play_match: INVALID_INPUT
add_player: FAILURE
get_ith_pointless_ability: SUCCESS, 3
get_partial_spirit: FAILURE
get_player_cards: SUCCESS, 474
