add_team: SUCCESS
add_team: SUCCESS
add_player: SUCCESS
get_ith_pointless_ability: SUCCESS, 1
remove_team: SUCCESS
add_team: SUCCESS
add_player_cards: SUCCESS
buy_team: INVALID_INPUT
add_player_cards: SUCCESS
get_team_points: SUCCESS, 0
get_team_points: SUCCESS, 0
add_player: SUCCESS
add_player_cards: SUCCESS
add_player: SUCCESS
get_ith_pointless_ability: SUCCESS, 2
num_played_games_for_player: SUCCESS, 113
add_player: SUCCESS
get_team_points: SUCCESS, 0
add_player_cards: SUCCESS
add_player: SUCCESS
add_player_cards: SUCCESS
add_team: FAILURE
add_team: FAILURE
add_player_cards: SUCCESS
get_team_points: SUCCESS, 0
get_player_cards: SUCCESS, 17
add_team: FAILURE
get_ith_pointless_ability: SUCCESS, 3
get_partial_spirit: SUCCESS, 1,4,5,3,2
get_ith_pointless_ability: SUCCESS, 3
get_partial_spirit: SUCCESS, 2,1,3,4,5
get_partial_spirit: SUCCESS, 2,4,5,1,3
add_team: FAILURE
add_team: FAILURE
num_played_games_for_player: SUCCESS, 283
add_player: SUCCESS
add_player: SUCCESS
add_player_cards: SUCCESS
buy_team: INVALID_INPUT
add_player: SUCCESS
add_player: SUCCESS
get_team_points: SUCCESS, 0
play_match: INVALID_INPUT
buy_team: INVALID_INPUT
add_player: SUCCESS
buy_team: INVALID_INPUT
get_ith_pointless_ability: SUCCESS, 3
num_played_games_for_player: SUCCESS, 167
add_player: SUCCESS
get_partial_spirit: SUCCESS, 2,1,5,3,4
get_team_points: SUCCESS, 0
get_ith_pointless_ability: SUCCESS, 3
buy_team: INVALID_INPUT
num_played_games_for_player: SUCCESS, 43
add_team: FAILURE
play_match: INVALID_INPUT
add_player: SUCCESS
add_player: SUCCESS
buy_team: INVALID_INPUT
add_team: FAILURE
add_player_cards: SUCCESS
buy_team: INVALID_INPUT
add_player_cards: SUCCESS
add_player: SUCCESS
get_ith_pointless_ability: SUCCESS, 2
play_match: INVALID_INPUT
add_player: SUCCESS
num_played_games_for_player: SUCCESS, 11
get_ith_pointless_ability: SUCCESS, 3
add_player: SUCCESS
get_team_points: SUCCESS, 0
add_player_cards: SUCCESS
get_player_cards: SUCCESS, 366
num_played_games_for_player: SUCCESS, 80
get_team_points: SUCCESS, 0
get_partial_spirit: SUCCESS, 3,5,1,4,2
get_team_points: SUCCESS, 0
get_team_points: SUCCESS, 0
get_ith_pointless_ability: SUCCESS, 3
num_played_games_for_player: SUCCESS, 113
add_team: FAILURE
num_played_games_for_player: SUCCESS, 292
get_player_cards: SUCCESS, 208
num_played_games_for_player: SUCCESS, 43
get_ith_pointless_ability: SUCCESS, 3
