add_team: SUCCESS
add_team: SUCCESS
add_player: SUCCESS
get_team_points: SUCCESS, 0
add_team: SUCCESS
add_player_cards: SUCCESS
add_player: SUCCESS
add_player: SUCCESS
add_player: SUCCESS
get_team_points: SUCCESS, 0
add_player: SUCCESS
add_player: SUCCESS
buy_team: INVALID_INPUT
get_player_cards: SUCCESS, 403
play_match: FAILURE
get_ith_pointless_ability: SUCCESS, 2
add_player: SUCCESS
get_player_cards: SUCCESS, 403
get_player_cards: SUCCESS, 235
remove_team: SUCCESS
buy_team: INVALID_INPUT
get_partial_spirit: SUCCESS, 4,2,1,5,3
add_team: FAILURE
add_player: FAILURE
add_player: FAILURE
play_match: INVALID_INPUT
get_ith_pointless_ability: SUCCESS, 2
get_player_cards: SUCCESS, 245
add_player: FAILURE
add_player: FAILURE
add_team: FAILURE
get_ith_pointless_ability: SUCCESS, 2
add_player: FAILURE
add_player: FAILURE
add_player: SUCCESS
get_player_cards: SUCCESS, 262
num_played_games_for_player: SUCCESS, 214
add_player: SUCCESS
play_match: INVALID_INPUT
add_player: SUCCESS
get_ith_pointless_ability: SUCCESS, 2
get_player_cards: SUCCESS, 36
get_partial_spirit: SUCCESS, 4,2,1,5,3
get_partial_spirit: SUCCESS, 4,1,5,2,3
get_partial_spirit: SUCCESS, 4,1,5,2,3
get_ith_pointless_ability: SUCCESS, 3
add_player_cards: SUCCESS
get_team_points: SUCCESS, 0
num_played_games_for_player: SUCCESS, 16
add_player: SUCCESS
get_ith_pointless_ability: SUCCESS, 3
get_team_points: SUCCESS, 0
play_match: INVALID_INPUT
add_player: SUCCESS
play_match: INVALID_INPUT
get_partial_spirit: FAILURE
add_team: FAILURE
get_team_points: SUCCESS, 0
get_team_points: SUCCESS, 0
add_player: SUCCESS
add_player: SUCCESS
buy_team: INVALID_INPUT
get_player_cards: SUCCESS, 295
add_team: FAILURE
get_partial_spirit: FAILURE
get_player_cards: SUCCESS, 222
add_player: SUCCESS
add_player_cards: SUCCESS
add_player: SUCCESS
add_player_cards: SUCCESS
get_partial_spirit: FAILURE
get_partial_spirit: SUCCESS, 4,1,5,2,3
add_team: FAILURE
add_team: FAILURE
get_player_cards: SUCCESS, 112
play_match: INVALID_INPUT
buy_team: INVALID_INPUT
add_team: FAILURE
add_team: FAILURE
add_player: SUCCESS
get_team_points: SUCCESS, 0
add_player: SUCCESS
play_match: INVALID_INPUT
get_player_cards: SUCCESS, 95
get_partial_spirit: SUCCESS, 5,3,2,4,1
get_ith_pointless_ability: SUCCESS, 2
get_player_cards: SUCCESS, 96
num_played_games_for_player: SUCCESS, 214
add_player: SUCCESS
add_player: SUCCESS
get_player_cards: SUCCESS, 245
