add_team: SUCCESS
add_team: SUCCESS
add_player: SUCCESS
add_player: SUCCESS
add_player_cards: SUCCESS
num_played_games_for_player: SUCCESS, 157
get_player_cards: SUCCESS, 47
get_ith_pointless_ability: FAILURE
num_played_games_for_player: SUCCESS, 3
get_ith_pointless_ability: SUCCESS, 2
add_team: SUCCESS
num_played_games_for_player: SUCCESS, 157
add_player: SUCCESS
add_player: SUCCESS
remove_team: SUCCESS
add_player_cards: FAILURE
buy_team: INVALID_INPUT
play_match: INVALID_INPUT
add_player: FAILURE
get_team_points: SUCCESS, 0
add_team: FAILURE
add_player: FAILURE
add_player: FAILURE
add_player: SUCCESS
buy_team: INVALID_INPUT
add_player: SUCCESS
get_partial_spirit: SUCCESS, 1,4,2,3,5
add_player: SUCCESS
get_ith_pointless_ability: SUCCESS, 2
num_played_games_for_player: SUCCESS, 168
get_ith_pointless_ability: SUCCESS, 2
num_played_games_for_player: SUCCESS, 168
get_player_cards: SUCCESS, 293
add_player_cards: SUCCESS
get_partial_spirit: FAILURE
get_ith_pointless_ability: SUCCESS, 3
add_player_cards: SUCCESS
get_player_cards: SUCCESS, 293
buy_team: INVALID_INPUT
get_team_points: SUCCESS, 0
get_ith_pointless_ability: SUCCESS, 2
add_player_cards: SUCCESS
num_played_games_for_player: SUCCESS, 282
get_player_cards: SUCCESS, 99
add_player: SUCCESS
get_ith_pointless_ability: SUCCESS, 3
play_match: INVALID_INPUT
get_partial_spirit: FAILURE
num_played_games_for_player: SUCCESS, 157
add_player: SUCCESS
get_ith_pointless_ability: SUCCESS, 3
num_played_games_for_player: SUCCESS, 282
play_match: INVALID_INPUT
play_match: INVALID_INPUT
play_match: INVALID_INPUT
num_played_games_for_player: SUCCESS, 157
add_player: SUCCESS
add_player: SUCCESS
add_team: FAILURE
play_match: INVALID_INPUT
get_ith_pointless_ability: SUCCESS, 3
get_team_points: SUCCESS, 0
add_player_cards: SUCCESS
get_player_cards: SUCCESS, 180
add_player: SUCCESS
get_player_cards: SUCCESS, 293
add_player_cards: SUCCESS
add_player: SUCCESS
get_team_points: SUCCESS, 0
add_team: FAILURE
add_team: FAILURE
add_player: SUCCESS
get_player_cards: SUCCESS, 189
add_player: SUCCESS
add_player: SUCCESS
get_ith_pointless_ability: SUCCESS, 3
get_player_cards: SUCCESS, 250
get_ith_pointless_ability: SUCCESS, 3
add_team: FAILURE
play_match: INVALID_INPUT
num_played_games_for_player: SUCCESS, 3
num_played_games_for_player: SUCCESS, 157
get_player_cards: SUCCESS, 250
add_player_cards: SUCCESS
play_match: INVALID_INPUT
get_team_points: SUCCESS, 0
get_player_cards: SUCCESS, 59
num_played_games_for_player: SUCCESS, 168
buy_team: INVALID_INPUT
play_match: INVALID_INPUT
