add_team: SUCCESS
add_team: SUCCESS
add_player: SUCCESS
add_team: SUCCESS
num_played_games_for_player: SUCCESS, 240
add_player: SUCCESS
remove_team: SUCCESS
num_played_games_for_player: SUCCESS, 29
add_player: FAILURE
get_ith_pointless_ability: SUCCESS, 1
get_ith_pointless_ability: SUCCESS, 3
get_team_points: SUCCESS, 0
add_team: SUCCESS
get_partial_spirit: SUCCESS, 2,3,1,5,4
buy_team: INVALID_INPUT
get_player_cards: SUCCESS, 118
get_player_cards: SUCCESS, 118
get_team_points: SUCCESS, 0
add_player: SUCCESS
play_match: INVALID_INPUT
num_played_games_for_player: SUCCESS, 240
get_player_cards: SUCCESS, 118
add_player: SUCCESS
add_player: SUCCESS
buy_team: INVALID_INPUT
buy_team: INVALID_INPUT
get_ith_pointless_ability: SUCCESS, 3
play_match: INVALID_INPUT
num_played_games_for_player: SUCCESS, 240
num_played_games_for_player: SUCCESS, 190
add_player_cards: SUCCESS
buy_team: INVALID_INPUT
get_ith_pointless_ability: SUCCESS, 3
buy_team: INVALID_INPUT
get_team_points: SUCCESS, 0
get_ith_pointless_ability: SUCCESS, 2
add_team: FAILURE
add_team: FAILURE
add_player_cards: SUCCESS
get_team_points: SUCCESS, 0
play_match: INVALID_INPUT
get_team_points: SUCCESS, 0
add_team: FAILURE
add_player: SUCCESS
play_match: INVALID_INPUT
add_player: SUCCESS
get_player_cards: SUCCESS, 276
get_player_cards: SUCCESS, 118
add_player: SUCCESS
play_match: INVALID_INPUT
get_player_cards: SUCCESS, 118
num_played_games_for_player: SUCCESS, 185
get_player_cards: SUCCESS, 118
add_player: SUCCESS
get_ith_pointless_ability: SUCCESS, 2
play_match: INVALID_INPUT
buy_team: INVALID_INPUT
num_played_games_for_player: SUCCESS, 50
add_player_cards: SUCCESS
add_team: FAILURE
num_played_games_for_player: SUCCESS, 8
play_match: INVALID_INPUT
add_player: SUCCESS
get_ith_pointless_ability: SUCCESS, 3
add_player: SUCCESS
add_team: FAILURE
add_player_cards: SUCCESS
add_player_cards: SUCCESS
get_player_cards: SUCCESS, 110
play_match: INVALID_INPUT
add_team: FAILURE
add_player: SUCCESS
add_player: SUCCESS
num_played_games_for_player: SUCCESS, 8
add_team: FAILURE
get_player_cards: SUCCESS, 247
buy_team: INVALID_INPUT
add_team: FAILURE
add_team: FAILURE
add_player: SUCCESS
get_partial_spirit: SUCCESS, 2,3,1,5,4
add_player: SUCCESS
add_player_cards: SUCCESS
add_player: SUCCESS
add_player: SUCCESS
add_player: SUCCESS
