add_team: SUCCESS
add_team: SUCCESS
add_player: SUCCESS
add_team: SUCCESS
add_player: SUCCESS
num_played_games_for_player: SUCCESS, 75
buy_team: SUCCESS
add_player: SUCCESS
add_player: FAILURE
get_partial_spirit: SUCCESS, 5,3,4,1,2
get_partial_spirit: SUCCESS, 1,5,2,4,3
get_ith_pointless_ability: SUCCESS, 2
add_player: FAILURE
get_player_cards: SUCCESS, 39
num_played_games_for_player: SUCCESS, 254
num_played_games_for_player: SUCCESS, 254
remove_team: SUCCESS
add_player: FAILURE
add_player: FAILURE
add_player: FAILURE
add_player_cards: FAILURE
get_player_cards: SUCCESS, 211
get_partial_spirit: FAILURE
add_player: FAILURE
add_player: FAILURE
get_player_cards: SUCCESS, 39
add_team: FAILURE
get_player_cards: SUCCESS, 39
add_player_cards: FAILURE
buy_team: INVALID_INPUT
add_player: FAILURE
buy_team: INVALID_INPUT
get_partial_spirit: FAILURE
add_team: FAILURE
num_played_games_for_player: SUCCESS, 172
add_player_cards: FAILURE
add_team: FAILURE
get_ith_pointless_ability: FAILURE
add_player: FAILURE
buy_team: INVALID_INPUT
get_ith_pointless_ability: SUCCESS, 3
get_team_points: FAILURE
add_team: FAILURE
get_partial_spirit: FAILURE
buy_team: INVALID_INPUT
get_player_cards: SUCCESS, 39
get_player_cards: SUCCESS, 39
play_match: INVALID_INPUT
play_match: INVALID_INPUT
add_player: FAILURE
add_player: FAILURE
buy_team: INVALID_INPUT
add_player: FAILURE
add_team: FAILURE
play_match: INVALID_INPUT
add_player_cards: FAILURE
get_partial_spirit: FAILURE
add_team: FAILURE
get_partial_spirit: FAILURE
get_player_cards: SUCCESS, 39
add_player: FAILURE
buy_team: INVALID_INPUT
get_partial_spirit: FAILURE
buy_team: INVALID_INPUT
play_match: INVALID_INPUT
get_partial_spirit: FAILURE
add_player: FAILURE
get_partial_spirit: FAILURE
buy_team: INVALID_INPUT
num_played_games_for_player: SUCCESS, 75
num_played_games_for_player: SUCCESS, 75
num_played_games_for_player: SUCCESS, 75
buy_team: INVALID_INPUT
get_ith_pointless_ability: FAILURE
get_player_cards: SUCCESS, 89
get_partial_spirit: FAILURE
add_team: FAILURE
get_partial_spirit: FAILURE
get_player_cards: SUCCESS, 89
add_player: FAILURE
add_player: FAILURE
add_player_cards: FAILURE
