add_team: SUCCESS
add_team: SUCCESS
add_player: SUCCESS
get_ith_pointless_ability: SUCCESS, 2
buy_team: SUCCESS
get_ith_pointless_ability: FAILURE
add_player_cards: SUCCESS
add_player: SUCCESS
get_partial_spirit: SUCCESS, 3,5,2,1,4
get_player_cards: SUCCESS, 113
get_ith_pointless_ability: FAILURE
get_team_points: FAILURE
add_player: SUCCESS
get_partial_spirit: SUCCESS, 3,5,2,1,4
get_partial_spirit: SUCCESS, 3,5,2,1,4
get_ith_pointless_ability: FAILURE
add_team: SUCCESS
get_team_points: SUCCESS, 0
add_player: FAILURE
add_player: SUCCESS
buy_team: INVALID_INPUT
add_player_cards: SUCCESS
remove_team: SUCCESS
buy_team: INVALID_INPUT
get_player_cards: SUCCESS, 113
add_player: FAILURE
play_match: INVALID_INPUT
play_match: INVALID_INPUT
get_partial_spirit: FAILURE
get_partial_spirit: FAILURE
add_player: FAILURE
add_player: FAILURE
get_team_points: FAILURE
get_ith_pointless_ability: SUCCESS, 1
add_player_cards: FAILURE
add_player: FAILURE
play_match: INVALID_INPUT
get_ith_pointless_ability: SUCCESS, 1
get_player_cards: SUCCESS, 272
num_played_games_for_player: SUCCESS, 126
add_player: FAILURE
add_player: FAILURE
add_player: FAILURE
get_ith_pointless_ability: SUCCESS, 1
play_match: INVALID_INPUT
add_team: SUCCESS
get_partial_spirit: FAILURE
get_partial_spirit: FAILURE
num_played_games_for_player: SUCCESS, 162
get_partial_spirit: FAILURE
buy_team: INVALID_INPUT
add_player: FAILURE
add_team: FAILURE
add_player: FAILURE
add_player: FAILURE
num_played_games_for_player: SUCCESS, 162
get_team_points: FAILURE
get_team_points: FAILURE
add_player_cards: FAILURE
get_team_points: FAILURE
add_player: FAILURE
get_partial_spirit: FAILURE
num_played_games_for_player: SUCCESS, 300
num_played_games_for_player: SUCCESS, 300
get_team_points: FAILURE
add_player: FAILURE
get_player_cards: SUCCESS, 536
play_match: INVALID_INPUT
get_ith_pointless_ability: SUCCESS, 2
add_team: FAILURE
get_ith_pointless_ability: SUCCESS, 1
add_team: FAILURE
get_ith_pointless_ability: SUCCESS, 1
play_match: INVALID_INPUT
add_team: FAILURE
play_match: INVALID_INPUT
get_team_points: FAILURE
get_team_points: FAILURE
get_partial_spirit: FAILURE
get_player_cards: SUCCESS, 272
play_match: INVALID_INPUT
get_player_cards: SUCCESS, 113
buy_team: INVALID_INPUT
get_ith_pointless_ability: SUCCESS, 1
add_player: FAILURE
get_ith_pointless_ability: SUCCESS, 1
add_team: FAILURE
add_team: FAILURE
