add_team: SUCCESS
add_team: SUCCESS
add_player: SUCCESS
get_ith_pointless_ability: SUCCESS, 1
add_player: SUCCESS
num_played_games_for_player: SUCCESS, 98
play_match: FAILURE
play_match: FAILURE
add_player_cards: SUCCESS
buy_team: SUCCESS
add_team: SUCCESS
remove_team: FAILURE
get_team_points: FAILURE
num_played_games_for_player: SUCCESS, 291
add_team: FAILURE
play_match: FAILURE
add_team: FAILURE
add_player: SUCCESS
add_player: FAILURE
add_player_cards: SUCCESS
get_team_points: FAILURE
add_team: FAILURE
get_player_cards: SUCCESS, 264
add_player: SUCCESS
get_team_points: FAILURE
add_player_cards: SUCCESS
buy_team: INVALID_INPUT
remove_team: FAILURE
add_player_cards: SUCCESS
get_partial_spirit: SUCCESS, 1,3,4,5,2
get_player_cards: SUCCESS, 264
get_player_cards: SUCCESS, 264
get_player_cards: SUCCESS, 23
get_team_points: SUCCESS, 0
get_player_cards: SUCCESS, 567
get_partial_spirit: SUCCESS, 4,2,1,3,5
get_ith_pointless_ability: SUCCESS, 3
add_player: SUCCESS
get_team_points: FAILURE
add_player: FAILURE
add_player: FAILURE
get_partial_spirit: SUCCESS, 1,3,4,5,2
remove_team: SUCCESS
get_ith_pointless_ability: SUCCESS, 2
add_player: FAILURE
add_player: FAILURE
get_partial_spirit: FAILURE
add_player_cards: FAILURE
add_player: FAILURE
add_player_cards: FAILURE
add_player_cards: FAILURE
add_player: FAILURE
add_team: FAILURE
get_team_points: FAILURE
get_partial_spirit: FAILURE
get_ith_pointless_ability: FAILURE
add_team: FAILURE
play_match: INVALID_INPUT
play_match: INVALID_INPUT
get_team_points: FAILURE
get_player_cards: SUCCESS, 264
get_ith_pointless_ability: SUCCESS, 2
add_team: FAILURE
add_player: FAILURE
add_player: FAILURE
add_player_cards: FAILURE
get_ith_pointless_ability: SUCCESS, 2
add_player: FAILURE
play_match: INVALID_INPUT
play_match: INVALID_INPUT
num_played_games_for_player: SUCCESS, 98
add_player: FAILURE
add_player: FAILURE
get_player_cards: SUCCESS, 567
add_player: FAILURE
add_player_cards: FAILURE
add_player_cards: FAILURE
get_ith_pointless_ability: FAILURE
get_team_points: FAILURE
add_player: FAILURE
num_played_games_for_player: SUCCESS, 164
add_player_cards: FAILURE
add_player: FAILURE
add_player_cards: FAILURE
add_player: FAILURE
add_team: FAILURE
num_played_games_for_player: SUCCESS, 291
add_player_cards: FAILURE
add_player_cards: FAILURE
num_played_games_for_player: SUCCESS, 164
get_partial_spirit: FAILURE
buy_team: INVALID_INPUT
num_played_games_for_player: SUCCESS, 291
add_player: FAILURE
