add_team: SUCCESS
add_team: SUCCESS
add_player: SUCCESS
buy_team: INVALID_INPUT
add_player_cards: SUCCESS
remove_team: SUCCESS
add_player: SUCCESS
get_player_cards: SUCCESS, 285
add_player: SUCCESS
add_player: SUCCESS
play_match: INVALID_INPUT
get_team_points: SUCCESS, 0
get_player_cards: SUCCESS, 211
add_player_cards: SUCCESS
buy_team: INVALID_INPUT
add_player: SUCCESS
add_player: SUCCESS
get_partial_spirit: SUCCESS, 3,5,4,2,1
add_player: SUCCESS
play_match: INVALID_INPUT
add_player: SUCCESS
get_player_cards: SUCCESS, 112
get_team_points: SUCCESS, 0
get_player_cards: SUCCESS, 112
get_player_cards: SUCCESS, 112
play_match: INVALID_INPUT
num_played_games_for_player: SUCCESS, 247
get_ith_pointless_ability: FAILURE
get_partial_spirit: SUCCESS, 5,1,3,2,4
add_team: SUCCESS
play_match: INVALID_INPUT
add_player_cards: SUCCESS
play_match: INVALID_INPUT
add_player: SUCCESS
get_team_points: SUCCESS, 0
add_player: SUCCESS
add_player_cards: SUCCESS
add_player_cards: SUCCESS
add_player: SUCCESS
get_player_cards: SUCCESS, 96
get_player_cards: SUCCESS, 393
get_partial_spirit: FAILURE
add_team: FAILURE
buy_team: INVALID_INPUT
add_player_cards: SUCCESS
play_match: INVALID_INPUT
buy_team: INVALID_INPUT
buy_team: INVALID_INPUT
num_played_games_for_player: SUCCESS, 247
get_partial_spirit: SUCCESS, 5,3,1,2,4
add_player: SUCCESS
add_player: SUCCESS
get_ith_pointless_ability: SUCCESS, 2
get_player_cards: SUCCESS, 154
get_ith_pointless_ability: SUCCESS, 3
add_team: FAILURE
add_player: SUCCESS
get_partial_spirit: SUCCESS, 5,3,1,2,4
add_player: SUCCESS
get_team_points: SUCCESS, 0
buy_team: INVALID_INPUT
num_played_games_for_player: SUCCESS, 243
play_match: INVALID_INPUT
num_played_games_for_player: SUCCESS, 81
get_ith_pointless_ability: SUCCESS, 2
add_player: SUCCESS
buy_team: INVALID_INPUT
get_team_points: SUCCESS, 0
get_player_cards: SUCCESS, 154
add_player: SUCCESS
get_player_cards: SUCCESS, 154
num_played_games_for_player: SUCCESS, 268
add_player: SUCCESS
get_team_points: SUCCESS, 0
add_player: SUCCESS
add_player_cards: SUCCESS
get_partial_spirit: SUCCESS, 5,2,1,3,4
get_team_points: SUCCESS, 0
add_player_cards: FAILURE
get_partial_spirit: SUCCESS, 4,5,3,2,1
get_team_points: SUCCESS, 0
add_player: SUCCESS
play_match: INVALID_INPUT
buy_team: INVALID_INPUT
add_team: FAILURE
add_player: SUCCESS
buy_team: INVALID_INPUT
get_partial_spirit: SUCCESS, 5,1,3,2,4
