add_team: SUCCESS
add_team: SUCCESS
add_player: SUCCESS
add_player: SUCCESS
get_ith_pointless_ability: FAILURE
add_player: SUCCESS
remove_team: SUCCESS
buy_team: INVALID_INPUT
get_player_cards: SUCCESS, 95
play_match: INVALID_INPUT
add_team: SUCCESS
buy_team: INVALID_INPUT
add_player_cards: SUCCESS
add_player: FAILURE
add_player: SUCCESS
get_partial_spirit: SUCCESS, 1,2,5,3,4
add_team: FAILURE
get_partial_spirit: SUCCESS, 3,5,1,2,4
add_player: SUCCESS
add_player_cards: SUCCESS
add_player: SUCCESS
add_team: FAILURE
num_played_games_for_player: SUCCESS, 187
add_player: SUCCESS
add_player_cards: SUCCESS
add_player: SUCCESS
add_player: SUCCESS
add_player: SUCCESS
play_match: INVALID_INPUT
buy_team: INVALID_INPUT
play_match: INVALID_INPUT
get_ith_pointless_ability: SUCCESS, 2
add_team: FAILURE
play_match: INVALID_INPUT
get_ith_pointless_ability: SUCCESS, 1
num_played_games_for_player: SUCCESS, 300
get_ith_pointless_ability: SUCCESS, 2
get_player_cards: SUCCESS, 95
add_player: SUCCESS
add_player_cards: FAILURE
get_player_cards: SUCCESS, 7
get_ith_pointless_ability: SUCCESS, 1
get_team_points: SUCCESS, 0
num_played_games_for_player: SUCCESS, 209
add_player: SUCCESS
add_team: FAILURE
get_team_points: SUCCESS, 0
add_player: SUCCESS
get_player_cards: SUCCESS, 172
get_partial_spirit: SUCCESS, 3,5,1,2,4
add_player: SUCCESS
get_team_points: SUCCESS, 0
get_player_cards: SUCCESS, 302
buy_team: INVALID_INPUT
get_ith_pointless_ability: SUCCESS, 2
get_team_points: SUCCESS, 0
add_player: SUCCESS
buy_team: INVALID_INPUT
add_player: SUCCESS
get_player_cards: SUCCESS, 28
add_player_cards: SUCCESS
add_player: SUCCESS
add_player: SUCCESS
play_match: INVALID_INPUT
num_played_games_for_player: SUCCESS, 147
add_player_cards: SUCCESS
get_team_points: SUCCESS, 0
get_player_cards: SUCCESS, 11
add_player: SUCCESS
add_team: FAILURE
add_player: SUCCESS
add_player_cards: SUCCESS
play_match: INVALID_INPUT
get_player_cards: SUCCESS, 460
get_player_cards: SUCCESS, 59
get_player_cards: SUCCESS, 185
add_player: SUCCESS
add_team: FAILURE
get_ith_pointless_ability: SUCCESS, 1
add_player: SUCCESS
add_team: FAILURE
add_player: SUCCESS
get_team_points: SUCCESS, 0
get_partial_spirit: SUCCESS, 4,5,3,1,2
