add_team: SUCCESS
add_team: SUCCESS
add_player: SUCCESS
num_played_games_for_player: SUCCESS, 55
add_player: SUCCESS
add_player: SUCCESS
play_match: FAILURE
add_player: SUCCESS
add_player: SUCCESS
add_player: SUCCESS
add_player: SUCCESS
add_player: SUCCESS
add_player_cards: SUCCESS
num_played_games_for_player: SUCCESS, 55
remove_team: SUCCESS
get_ith_pointless_ability: SUCCESS, 2
play_match: INVALID_INPUT
num_played_games_for_player: SUCCESS, 159
get_player_cards: SUCCESS, 10
get_ith_pointless_ability: SUCCESS, 2
add_player: SUCCESS
buy_team: INVALID_INPUT
get_ith_pointless_ability: SUCCESS, 2
add_player: SUCCESS
add_player_cards: SUCCESS
get_team_points: SUCCESS, 0
play_match: INVALID_INPUT
add_player: SUCCESS
buy_team: INVALID_INPUT
buy_team: INVALID_INPUT
add_player_cards: SUCCESS
play_match: INVALID_INPUT
get_partial_spirit: SUCCESS, 2,5,1,3,4
buy_team: INVALID_INPUT
get_ith_pointless_ability: SUCCESS, 2
get_team_points: SUCCESS, 0
buy_team: INVALID_INPUT
get_player_cards: SUCCESS, 146
buy_team: INVALID_INPUT
num_played_games_for_player: SUCCESS, 13
buy_team: INVALID_INPUT
play_match: INVALID_INPUT
buy_team: INVALID_INPUT
buy_team: INVALID_INPUT
add_player: SUCCESS
add_team: SUCCESS
add_team: FAILURE
add_player: SUCCESS
num_played_games_for_player: SUCCESS, 269
add_player: SUCCESS
get_partial_spirit: SUCCESS, 5,1,4,3,2
add_team: FAILURE
add_player: SUCCESS
get_ith_pointless_ability: SUCCESS, 2
num_played_games_for_player: SUCCESS, 159
add_player_cards: SUCCESS
add_player: SUCCESS
add_player_cards: SUCCESS
add_player: SUCCESS
add_team: FAILURE
get_team_points: SUCCESS, 0
get_team_points: SUCCESS, 0
add_player: SUCCESS
play_match: INVALID_INPUT
add_player: SUCCESS
get_partial_spirit: SUCCESS, 5,3,2,1,4
add_player: SUCCESS
get_partial_spirit: SUCCESS, 3,1,4,5,2
play_match: INVALID_INPUT
get_team_points: SUCCESS, 0
add_team: FAILURE
add_team: FAILURE
get_partial_spirit: SUCCESS, 5,1,4,3,2
add_player: SUCCESS
num_played_games_for_player: SUCCESS, 55
add_player: SUCCESS
get_team_points: SUCCESS, 0
num_played_games_for_player: SUCCESS, 48
get_team_points: SUCCESS, 0
get_team_points: SUCCESS, 0
buy_team: INVALID_INPUT
buy_team: INVALID_INPUT
get_ith_pointless_ability: SUCCESS, 2
play_match: INVALID_INPUT
add_player: SUCCESS
add_player: SUCCESS
num_played_games_for_player: SUCCESS, 128
add_player: SUCCESS
num_played_games_for_player: SUCCESS, 48
buy_team: INVALID_INPUT
get_partial_spirit: SUCCESS, 3,1,4,5,2
add_player: SUCCESS
