add_team: SUCCESS
add_team: SUCCESS
add_player: SUCCESS
add_player: SUCCESS
remove_team: SUCCESS
add_player: SUCCESS
buy_team: INVALID_INPUT
add_player: SUCCESS
num_played_games_for_player: SUCCESS, 61
get_team_points: SUCCESS, 0
buy_team: INVALID_INPUT
add_player_cards: SUCCESS
get_partial_spirit: SUCCESS, 4,2,3,5,1
get_partial_spirit: SUCCESS, 3,4,1,5,2
add_player: SUCCESS
num_played_games_for_player: SUCCESS, 85
get_player_cards: SUCCESS, 288
get_partial_spirit: SUCCESS, 2,1,4,3,5
num_played_games_for_player: SUCCESS, 282
add_player: SUCCESS
add_player: SUCCESS
get_team_points: SUCCESS, 0
add_player: SUCCESS
get_team_points: SUCCESS, 0
add_player: SUCCESS
get_player_cards: SUCCESS, 178
add_player: SUCCESS
num_played_games_for_player: SUCCESS, 67
add_player_cards: SUCCESS
play_match: INVALID_INPUT
get_player_cards: SUCCESS, 178
buy_team: INVALID_INPUT
add_player_cards: SUCCESS
num_played_games_for_player: SUCCESS, 17
add_team: SUCCESS
play_match: INVALID_INPUT
play_match: INVALID_INPUT
get_player_cards: SUCCESS, 208
num_played_games_for_player: SUCCESS, 256
add_player: SUCCESS
play_match: INVALID_INPUT
get_partial_spirit: SUCCESS, 1,5,2,3,4
add_player: SUCCESS
get_team_points: SUCCESS, 0
add_team: FAILURE
get_partial_spirit: SUCCESS, 3,5,2,4,1
add_player: SUCCESS
get_player_cards: SUCCESS, 79
buy_team: INVALID_INPUT
add_player: SUCCESS
buy_team: INVALID_INPUT
get_ith_pointless_ability: SUCCESS, 2
get_partial_spirit: SUCCESS, 1,5,2,3,4
get_team_points: SUCCESS, 0
num_played_games_for_player: SUCCESS, 86
get_partial_spirit: SUCCESS, 3,4,5,2,1
add_player: SUCCESS
get_ith_pointless_ability: SUCCESS, 2
add_player: SUCCESS
get_team_points: SUCCESS, 0
get_ith_pointless_ability: SUCCESS, 1
add_team: FAILURE
play_match: INVALID_INPUT
add_player: SUCCESS
add_player: SUCCESS
add_player_cards: SUCCESS
add_team: FAILURE
add_player: SUCCESS
get_ith_pointless_ability: SUCCESS, 2
get_team_points: SUCCESS, 0
play_match: INVALID_INPUT
get_partial_spirit: SUCCESS, 5,3,2,1,4
add_player_cards: SUCCESS
num_played_games_for_player: SUCCESS, 256
num_played_games_for_player: SUCCESS, 291
add_team: FAILURE
add_player: SUCCESS
get_partial_spirit: SUCCESS, 1,5,2,3,4
add_player: SUCCESS
get_player_cards: SUCCESS, 101
get_ith_pointless_ability: SUCCESS, 1
add_player_cards: SUCCESS
add_team: FAILURE
add_player_cards: SUCCESS
play_match: INVALID_INPUT
add_team: FAILURE
get_player_cards: SUCCESS, 179
