add_team: SUCCESS
add_team: SUCCESS
add_player: SUCCESS
add_player: SUCCESS
num_played_games_for_player: SUCCESS, 113
add_player_cards: SUCCESS
get_ith_pointless_ability: SUCCESS, 1
play_match: FAILURE
buy_team: INVALID_INPUT
add_team: SUCCESS
add_player: SUCCESS
get_partial_spirit: SUCCESS, 3,1,2,4,5
add_player: SUCCESS
add_player: SUCCESS
num_played_games_for_player: SUCCESS, 144
add_team: FAILURE
buy_team: INVALID_INPUT
get_partial_spirit: SUCCESS, 2,4,5,3,1
add_team: FAILURE
get_ith_pointless_ability: SUCCESS, 3
add_player: SUCCESS
buy_team: SUCCESS
buy_team: INVALID_INPUT
get_partial_spirit: SUCCESS, 1,4,5,2,3
num_played_games_for_player: SUCCESS, 113
play_match: FAILURE
