add_team: SUCCESS
add_team: SUCCESS
add_player: SUCCESS
buy_team: INVALID_INPUT
play_match: FAILURE
num_played_games_for_player: SUCCESS, 187
buy_team: INVALID_INPUT
add_player_cards: SUCCESS
num_played_games_for_player: SUCCESS, 187
buy_team: SUCCESS
num_played_games_for_player: SUCCESS, 187
play_match: FAILURE
remove_team: FAILURE
add_player: SUCCESS
add_player: FAILURE
add_player: FAILURE
play_match: FAILURE
get_player_cards: SUCCESS, 212
add_player_cards: SUCCESS
add_player: FAILURE
get_team_points: FAILURE
add_player: SUCCESS
add_player: FAILURE
buy_team: FAILURE
remove_team: FAILURE
get_team_points: SUCCESS, 0
add_player: SUCCESS
add_team: SUCCESS
add_player: FAILURE
get_team_points: FAILURE
get_player_cards: SUCCESS, 96
get_ith_pointless_ability: FAILURE
get_player_cards: SUCCESS, 212
play_match: FAILURE
add_player_cards: SUCCESS
num_played_games_for_player: SUCCESS, 245
get_team_points: SUCCESS, 0
remove_team: FAILURE
add_player: FAILURE
remove_team: SUCCESS
get_team_points: FAILURE
add_player: FAILURE
get_partial_spirit: FAILURE
add_player_cards: FAILURE
get_partial_spirit: FAILURE
get_team_points: FAILURE
add_player: FAILURE
buy_team: INVALID_INPUT
add_team: FAILURE
get_partial_spirit: FAILURE
get_ith_pointless_ability: SUCCESS, 1
add_player: FAILURE
add_player: FAILURE
buy_team: INVALID_INPUT
get_team_points: FAILURE
add_player_cards: FAILURE
get_ith_pointless_ability: FAILURE
num_played_games_for_player: SUCCESS, 31
get_player_cards: SUCCESS, 212
get_team_points: FAILURE
add_player_cards: FAILURE
get_ith_pointless_ability: SUCCESS, 1
add_player: FAILURE
get_team_points: FAILURE
add_player: FAILURE
play_match: INVALID_INPUT
get_partial_spirit: FAILURE
num_played_games_for_player: SUCCESS, 40
get_player_cards: SUCCESS, 96
add_team: FAILURE
add_player: FAILURE
add_player_cards: FAILURE
get_ith_pointless_ability: FAILURE
add_player: FAILURE
add_player: FAILURE
add_player: FAILURE
play_match: INVALID_INPUT
buy_team: INVALID_INPUT
get_player_cards: SUCCESS, 96
buy_team: INVALID_INPUT
add_player_cards: FAILURE
num_played_games_for_player: SUCCESS, 40
get_team_points: FAILURE
get_team_points: FAILURE
add_player_cards: FAILURE
num_played_games_for_player: SUCCESS, 245
add_player: FAILURE
play_match: INVALID_INPUT
add_team: FAILURE
get_player_cards: SUCCESS, 212
add_player: FAILURE
num_played_games_for_player: SUCCESS, 187
get_partial_spirit: FAILURE
play_match: INVALID_INPUT
add_team: FAILURE
play_match: INVALID_INPUT
