add_team: SUCCESS
add_team: SUCCESS
add_player: SUCCESS
add_team: SUCCESS
get_ith_pointless_ability: SUCCESS, 3
remove_team: SUCCESS
buy_team: INVALID_INPUT
add_team: SUCCESS
add_team: FAILURE
add_player: SUCCESS
play_match: INVALID_INPUT
play_match: INVALID_INPUT
add_player: SUCCESS
num_played_games_for_player: SUCCESS, 251
play_match: INVALID_INPUT
add_player_cards: SUCCESS
buy_team: INVALID_INPUT
add_team: FAILURE
get_partial_spirit: SUCCESS, 5,2,4,1,3
get_team_points: SUCCESS, 0
get_ith_pointless_ability: SUCCESS, 2
add_team: FAILURE
add_player: SUCCESS
add_player: SUCCESS
buy_team: INVALID_INPUT
add_player: SUCCESS
add_player: SUCCESS
get_partial_spirit: FAILURE
add_team: FAILURE
add_player: SUCCESS
get_partial_spirit: FAILURE
add_player: SUCCESS
play_match: INVALID_INPUT
get_player_cards: SUCCESS, 173
add_team: FAILURE
buy_team: INVALID_INPUT
get_partial_spirit: SUCCESS, 5,1,3,4,2
add_player: SUCCESS
buy_team: INVALID_INPUT
add_player: SUCCESS
get_ith_pointless_ability: SUCCESS, 3
add_player: SUCCESS
buy_team: INVALID_INPUT
add_player: SUCCESS
num_played_games_for_player: SUCCESS, 244
get_partial_spirit: SUCCESS, 5,1,3,2,4
get_ith_pointless_ability: SUCCESS, 3
add_player: SUCCESS
add_player: SUCCESS
add_player: SUCCESS
add_player: SUCCESS
buy_team: INVALID_INPUT
add_player: SUCCESS
num_played_games_for_player: SUCCESS, 284
get_partial_spirit: SUCCESS, 4,5,1,2,3
play_match: INVALID_INPUT
get_team_points: SUCCESS, 0
play_match: INVALID_INPUT
get_player_cards: SUCCESS, 45
add_player: SUCCESS
get_ith_pointless_ability: SUCCESS, 3
buy_team: INVALID_INPUT
add_player_cards: SUCCESS
add_player: SUCCESS
get_ith_pointless_ability: SUCCESS, 3
add_player_cards: SUCCESS
add_player: SUCCESS
add_player: SUCCESS
get_ith_pointless_ability: SUCCESS, 2
add_player: SUCCESS
add_player: SUCCESS
add_player: SUCCESS
buy_team: INVALID_INPUT
add_player: SUCCESS
add_player: SUCCESS
num_played_games_for_player: SUCCESS, 124
add_player: SUCCESS
add_player: SUCCESS
add_team: FAILURE
buy_team: INVALID_INPUT
play_match: INVALID_INPUT
add_player_cards: SUCCESS
get_team_points: SUCCESS, 0
get_ith_pointless_ability: SUCCESS, 3
