add_team: SUCCESS
add_team: SUCCESS
add_player: SUCCESS
get_team_points: SUCCESS, 0
get_player_cards: SUCCESS, 18
add_player: SUCCESS
add_player: SUCCESS
add_team: SUCCESS
add_team: FAILURE
add_player: SUCCESS
get_player_cards: SUCCESS, 19
add_player: SUCCESS
get_ith_pointless_ability: SUCCESS, 3
play_match: SUCCESS, 3
get_player_cards: SUCCESS, 183
play_match: SUCCESS, 3
play_match: SUCCESS, 1
add_player: SUCCESS
get_ith_pointless_ability: SUCCESS, 2
add_player: SUCCESS
add_player_cards: SUCCESS
add_player: SUCCESS
add_team: FAILURE
add_team: FAILURE
get_team_points: SUCCESS, 0
add_player_cards: SUCCESS
num_played_games_for_player: SUCCESS, 203
remove_team: SUCCESS
add_player_cards: SUCCESS
get_partial_spirit: SUCCESS, 3,1,4,2,5
add_team: FAILURE
add_player: FAILURE
get_player_cards: SUCCESS, 264
get_ith_pointless_ability: SUCCESS, 3
add_team: FAILURE
play_match: INVALID_INPUT
play_match: INVALID_INPUT
buy_team: INVALID_INPUT
add_player: SUCCESS
play_match: INVALID_INPUT
buy_team: INVALID_INPUT
play_match: INVALID_INPUT
add_player: SUCCESS
get_player_cards: SUCCESS, 67
add_player: SUCCESS
add_player_cards: FAILURE
get_partial_spirit: SUCCESS, 5,4,2,1,3
get_player_cards: SUCCESS, 229
play_match: INVALID_INPUT
get_partial_spirit: SUCCESS, 1,2,4,5,3
add_player: SUCCESS
get_ith_pointless_ability: SUCCESS, 2
add_player_cards: SUCCESS
buy_team: INVALID_INPUT
get_player_cards: SUCCESS, 18
play_match: INVALID_INPUT
get_team_points: SUCCESS, 9
play_match: INVALID_INPUT
add_player_cards: SUCCESS
get_team_points: SUCCESS, 9
get_partial_spirit: FAILURE
add_team: FAILURE
get_ith_pointless_ability: SUCCESS, 2
add_player_cards: SUCCESS
get_team_points: SUCCESS, 9
get_team_points: SUCCESS, 9
buy_team: INVALID_INPUT
num_played_games_for_player: SUCCESS, 216
num_played_games_for_player: SUCCESS, 203
add_player: SUCCESS
get_team_points: SUCCESS, 9
num_played_games_for_player: SUCCESS, 251
play_match: INVALID_INPUT
add_player: SUCCESS
get_ith_pointless_ability: SUCCESS, 3
num_played_games_for_player: SUCCESS, 199
num_played_games_for_player: SUCCESS, 203
get_partial_spirit: SUCCESS, 5,4,2,1,3
add_player: SUCCESS
buy_team: INVALID_INPUT
add_team: FAILURE
play_match: INVALID_INPUT
add_player_cards: SUCCESS
add_player_cards: SUCCESS
get_team_points: SUCCESS, 9
add_player: SUCCESS
get_ith_pointless_ability: SUCCESS, 2
get_partial_spirit: SUCCESS, 1,4,5,2,3
add_team: FAILURE
add_player_cards: SUCCESS
num_played_games_for_player: SUCCESS, 66
get_player_cards: SUCCESS, 264
