add_team: SUCCESS
add_team: SUCCESS
add_player: SUCCESS
buy_team: INVALID_INPUT
add_player: SUCCESS
add_player: SUCCESS
add_player: SUCCESS
remove_team: SUCCESS
get_ith_pointless_ability: FAILURE
get_ith_pointless_ability: FAILURE
add_player: SUCCESS
get_ith_pointless_ability: SUCCESS, 1
buy_team: INVALID_INPUT
play_match: INVALID_INPUT
add_player: SUCCESS
add_player: SUCCESS
get_partial_spirit: SUCCESS, 2,4,3,5,1
play_match: INVALID_INPUT
num_played_games_for_player: SUCCESS, 214
get_team_points: SUCCESS, 0
add_player: SUCCESS
play_match: INVALID_INPUT
add_player: SUCCESS
num_played_games_for_player: SUCCESS, 95
get_team_points: SUCCESS, 0
add_player_cards: SUCCESS
play_match: INVALID_INPUT
get_partial_spirit: SUCCESS, 4,1,3,5,2
buy_team: INVALID_INPUT
add_player: SUCCESS
add_player: SUCCESS
add_player: SUCCESS
add_player: SUCCESS
add_player: SUCCESS
add_player: SUCCESS
get_player_cards: SUCCESS, 111
get_partial_spirit: SUCCESS, 5,2,3,1,4
add_player_cards: SUCCESS
buy_team: INVALID_INPUT
add_player_cards: SUCCESS
add_player_cards: SUCCESS
add_player_cards: SUCCESS
add_player: SUCCESS
get_team_points: SUCCESS, 0
add_player_cards: SUCCESS
add_player: SUCCESS
get_player_cards: SUCCESS, 198
add_team: SUCCESS
get_ith_pointless_ability: SUCCESS, 1
get_team_points: SUCCESS, 0
num_played_games_for_player: SUCCESS, 61
num_played_games_for_player: SUCCESS, 118
get_ith_pointless_ability: SUCCESS, 1
play_match: INVALID_INPUT
get_player_cards: SUCCESS, 296
add_player: SUCCESS
add_player: SUCCESS
play_match: INVALID_INPUT
num_played_games_for_player: SUCCESS, 252
buy_team: INVALID_INPUT
add_player: SUCCESS
add_player: SUCCESS
add_player_cards: SUCCESS
add_player_cards: SUCCESS
add_player: SUCCESS
add_player: SUCCESS
get_ith_pointless_ability: SUCCESS, 2
add_player: SUCCESS
add_player: SUCCESS
get_team_points: SUCCESS, 0
play_match: INVALID_INPUT
get_player_cards: SUCCESS, 204
get_ith_pointless_ability: SUCCESS, 2
add_player: SUCCESS
get_team_points: SUCCESS, 0
get_player_cards: SUCCESS, 570
get_ith_pointless_ability: SUCCESS, 1
buy_team: INVALID_INPUT
add_player: SUCCESS
get_partial_spirit: SUCCESS, 1,2,3,4,5
buy_team: INVALID_INPUT
add_team: FAILURE
get_player_cards: SUCCESS, 160
get_partial_spirit: SUCCESS, 5,2,4,3,1
